[13-May-2023 10:16:34 Europe/Berlin] PHP Fatal error:  Uncaught ArgumentCountError: Too few arguments to function EventsModel::getEvents(), 0 passed in D:\xampp\htdocs\n-web-framework\app\Controllers\admin\EventsController.php on line 24 and exactly 1 expected in D:\xampp\htdocs\n-web-framework\app\Models\admin\EventsModel.php:6
Stack trace:
#0 D:\xampp\htdocs\n-web-framework\app\Controllers\admin\EventsController.php(24): EventsModel->getEvents()
#1 D:\xampp\htdocs\n-web-framework\app\Core\Router.php(155): EventsController->index()
#2 D:\xampp\htdocs\n-web-framework\app\Core\Router.php(87): Router->loadController()
#3 D:\xampp\htdocs\n-web-framework\index.php(30): Router->run()
#4 {main}
  thrown in D:\xampp\htdocs\n-web-framework\app\Models\admin\EventsModel.php on line 6
[13-May-2023 10:24:03 Europe/Berlin] PHP Fatal error:  Uncaught Exception: SQLSTATE[42S22]: Column not found: 1054 Unknown column 'start' in 'where clause' in D:\xampp\htdocs\n-web-framework\app\Models\admin\EventsModel.php:14
Stack trace:
#0 D:\xampp\htdocs\n-web-framework\app\Controllers\admin\EventsController.php(32): EventsModel->getEvents(' WHERE start BE...')
#1 D:\xampp\htdocs\n-web-framework\app\Core\Router.php(155): EventsController->index()
#2 D:\xampp\htdocs\n-web-framework\app\Core\Router.php(87): Router->loadController()
#3 D:\xampp\htdocs\n-web-framework\index.php(30): Router->run()
#4 {main}
  thrown in D:\xampp\htdocs\n-web-framework\app\Models\admin\EventsModel.php on line 14
[13-May-2023 10:28:31 Europe/Berlin] PHP Fatal error:  Uncaught TypeError: dd(): Argument #1 ($var) must be of type array, string given, called in D:\xampp\htdocs\n-web-framework\app\Views\admin\events\events.php on line 10 and defined in D:\xampp\htdocs\n-web-framework\app\common\utilities.php:8
Stack trace:
#0 D:\xampp\htdocs\n-web-framework\app\Views\admin\events\events.php(10): dd('[]')
#1 D:\xampp\htdocs\n-web-framework\app\Core\Controller.php(66): require_once('D:\\xampp\\htdocs...')
#2 D:\xampp\htdocs\n-web-framework\app\Controllers\admin\EventsController.php(34): Controller->renderAdminView('/admin/events/e...', Array)
#3 D:\xampp\htdocs\n-web-framework\app\Core\Router.php(155): EventsController->index()
#4 D:\xampp\htdocs\n-web-framework\app\Core\Router.php(87): Router->loadController()
#5 D:\xampp\htdocs\n-web-framework\index.php(30): Router->run()
#6 {main}
  thrown in D:\xampp\htdocs\n-web-framework\app\common\utilities.php on line 8
[13-May-2023 10:35:54 Europe/Berlin] PHP Warning:  Array to string conversion in D:\xampp\htdocs\n-web-framework\app\Views\admin\events\events.php on line 23
[13-May-2023 10:36:01 Europe/Berlin] PHP Warning:  Array to string conversion in D:\xampp\htdocs\n-web-framework\app\Views\admin\events\events.php on line 23
[13-May-2023 10:58:44 Europe/Berlin] PHP Fatal error:  Uncaught Exception: SQLSTATE[42S22]: Column not found: 1054 Unknown column 'eventStart' in 'where clause' in D:\xampp\htdocs\n-web-framework\app\Models\admin\EventsModel.php:14
Stack trace:
#0 D:\xampp\htdocs\n-web-framework\app\Controllers\admin\EventsController.php(40): EventsModel->getEvents(' WHERE eventSta...')
#1 D:\xampp\htdocs\n-web-framework\app\Core\Router.php(155): EventsController->fetchEvents()
#2 D:\xampp\htdocs\n-web-framework\app\Core\Router.php(87): Router->loadController()
#3 D:\xampp\htdocs\n-web-framework\index.php(30): Router->run()
#4 {main}
  thrown in D:\xampp\htdocs\n-web-framework\app\Models\admin\EventsModel.php on line 14
[13-May-2023 10:58:49 Europe/Berlin] PHP Fatal error:  Uncaught Exception: SQLSTATE[42S22]: Column not found: 1054 Unknown column 'eventStart' in 'where clause' in D:\xampp\htdocs\n-web-framework\app\Models\admin\EventsModel.php:14
Stack trace:
#0 D:\xampp\htdocs\n-web-framework\app\Controllers\admin\EventsController.php(40): EventsModel->getEvents(' WHERE eventSta...')
#1 D:\xampp\htdocs\n-web-framework\app\Core\Router.php(155): EventsController->fetchEvents()
#2 D:\xampp\htdocs\n-web-framework\app\Core\Router.php(87): Router->loadController()
#3 D:\xampp\htdocs\n-web-framework\index.php(30): Router->run()
#4 {main}
  thrown in D:\xampp\htdocs\n-web-framework\app\Models\admin\EventsModel.php on line 14
[13-May-2023 10:58:55 Europe/Berlin] PHP Fatal error:  Uncaught Exception: SQLSTATE[42S22]: Column not found: 1054 Unknown column 'eventStart' in 'where clause' in D:\xampp\htdocs\n-web-framework\app\Models\admin\EventsModel.php:14
Stack trace:
#0 D:\xampp\htdocs\n-web-framework\app\Controllers\admin\EventsController.php(40): EventsModel->getEvents(' WHERE eventSta...')
#1 D:\xampp\htdocs\n-web-framework\app\Core\Router.php(155): EventsController->fetchEvents()
#2 D:\xampp\htdocs\n-web-framework\app\Core\Router.php(87): Router->loadController()
#3 D:\xampp\htdocs\n-web-framework\index.php(30): Router->run()
#4 {main}
  thrown in D:\xampp\htdocs\n-web-framework\app\Models\admin\EventsModel.php on line 14
[14-May-2023 13:10:29 Europe/Berlin] PHP Warning:  Undefined variable $postArrayz in D:\xampp\htdocs\n-web-framework\app\Controllers\admin\EventsController.php on line 133
[14-May-2023 13:10:29 Europe/Berlin] PHP Fatal error:  Uncaught TypeError: EventsModel::insertEvent(): Argument #1 ($postArray) must be of type array, null given, called in D:\xampp\htdocs\n-web-framework\app\Controllers\admin\EventsController.php on line 133 and defined in D:\xampp\htdocs\n-web-framework\app\Models\admin\EventsModel.php:61
Stack trace:
#0 D:\xampp\htdocs\n-web-framework\app\Controllers\admin\EventsController.php(133): EventsModel->insertEvent(NULL)
#1 D:\xampp\htdocs\n-web-framework\app\Core\Router.php(155): EventsController->insertJson()
#2 D:\xampp\htdocs\n-web-framework\app\Core\Router.php(87): Router->loadController()
#3 D:\xampp\htdocs\n-web-framework\index.php(30): Router->run()
#4 {main}
  thrown in D:\xampp\htdocs\n-web-framework\app\Models\admin\EventsModel.php on line 61
[14-May-2023 13:10:38 Europe/Berlin] PHP Warning:  Undefined variable $postArrayz in D:\xampp\htdocs\n-web-framework\app\Controllers\admin\EventsController.php on line 133
[14-May-2023 13:10:38 Europe/Berlin] PHP Fatal error:  Uncaught TypeError: EventsModel::insertEvent(): Argument #1 ($postArray) must be of type array, null given, called in D:\xampp\htdocs\n-web-framework\app\Controllers\admin\EventsController.php on line 133 and defined in D:\xampp\htdocs\n-web-framework\app\Models\admin\EventsModel.php:61
Stack trace:
#0 D:\xampp\htdocs\n-web-framework\app\Controllers\admin\EventsController.php(133): EventsModel->insertEvent(NULL)
#1 D:\xampp\htdocs\n-web-framework\app\Core\Router.php(155): EventsController->insertJson()
#2 D:\xampp\htdocs\n-web-framework\app\Core\Router.php(87): Router->loadController()
#3 D:\xampp\htdocs\n-web-framework\index.php(30): Router->run()
#4 {main}
  thrown in D:\xampp\htdocs\n-web-framework\app\Models\admin\EventsModel.php on line 61
[14-May-2023 18:10:07 Europe/Berlin] PHP Fatal error:  Uncaught Error: Call to undefined method EventsModel::deleteCategory() in D:\xampp\htdocs\n-web-framework\app\Controllers\admin\EventsController.php:172
Stack trace:
#0 D:\xampp\htdocs\n-web-framework\app\Core\Router.php(151): EventsController->deleteJson('5')
#1 D:\xampp\htdocs\n-web-framework\app\Core\Router.php(87): Router->loadController()
#2 D:\xampp\htdocs\n-web-framework\index.php(30): Router->run()
#3 {main}
  thrown in D:\xampp\htdocs\n-web-framework\app\Controllers\admin\EventsController.php on line 172
[14-May-2023 18:10:17 Europe/Berlin] PHP Fatal error:  Uncaught Error: Call to undefined method EventsModel::deleteCategory() in D:\xampp\htdocs\n-web-framework\app\Controllers\admin\EventsController.php:172
Stack trace:
#0 D:\xampp\htdocs\n-web-framework\app\Core\Router.php(151): EventsController->deleteJson('5')
#1 D:\xampp\htdocs\n-web-framework\app\Core\Router.php(87): Router->loadController()
#2 D:\xampp\htdocs\n-web-framework\index.php(30): Router->run()
#3 {main}
  thrown in D:\xampp\htdocs\n-web-framework\app\Controllers\admin\EventsController.php on line 172
[19-May-2023 10:43:41 Europe/Berlin] PHP Warning:  Undefined array key "rows" in D:\xampp\htdocs\n-web-framework\app\Views\admin\index.php on line 27
[19-May-2023 10:59:42 Europe/Berlin] PHP Warning:  Undefined array key "rows" in D:\xampp\htdocs\n-web-framework\app\Views\admin\invoices\invoices.php on line 25
[04-Sep-2023 20:57:01 Europe/Berlin] PHP Warning:  Undefined array key "g-recaptcha-response" in D:\xampp\htdocs\n-web-framework\app\Controllers\PublicController.php on line 110
[04-Sep-2023 20:57:08 Europe/Berlin] PHP Warning:  Undefined array key "g-recaptcha-response" in D:\xampp\htdocs\n-web-framework\app\Controllers\PublicController.php on line 110
[04-Sep-2023 20:57:19 Europe/Berlin] PHP Warning:  Undefined array key "g-recaptcha-response" in D:\xampp\htdocs\n-web-framework\app\Controllers\PublicController.php on line 110
[04-Sep-2023 21:02:46 Europe/Berlin] PHP Warning:  Undefined array key "g-recaptcha-response" in D:\xampp\htdocs\n-web-framework\app\Controllers\PublicController.php on line 116
[04-Sep-2023 21:05:02 Europe/Berlin] PHP Warning:  Undefined variable $additionalScripts in D:\xampp\htdocs\n-web-framework\app\Views\public\includes\footer.php on line 26
[04-Sep-2023 21:05:02 Europe/Berlin] PHP Warning:  foreach() argument must be of type array|object, null given in D:\xampp\htdocs\n-web-framework\app\Views\public\includes\footer.php on line 26
[04-Sep-2023 21:05:04 Europe/Berlin] PHP Warning:  Undefined variable $additionalScripts in D:\xampp\htdocs\n-web-framework\app\Views\public\includes\footer.php on line 26
[04-Sep-2023 21:05:04 Europe/Berlin] PHP Warning:  foreach() argument must be of type array|object, null given in D:\xampp\htdocs\n-web-framework\app\Views\public\includes\footer.php on line 26
[04-Sep-2023 21:40:49 Europe/Berlin] PHP Warning:  Undefined array key "additionalScripts" in D:\xampp\htdocs\n-web-framework\app\Views\public\includes\footer.php on line 25
[04-Sep-2023 21:40:49 Europe/Berlin] PHP Warning:  foreach() argument must be of type array|object, null given in D:\xampp\htdocs\n-web-framework\app\Views\public\includes\footer.php on line 25
[04-Sep-2023 21:41:01 Europe/Berlin] PHP Warning:  Undefined array key "additionalScripts" in D:\xampp\htdocs\n-web-framework\app\Views\public\includes\footer.php on line 25
[04-Sep-2023 21:41:01 Europe/Berlin] PHP Warning:  foreach() argument must be of type array|object, null given in D:\xampp\htdocs\n-web-framework\app\Views\public\includes\footer.php on line 25
[04-Sep-2023 21:41:21 Europe/Berlin] PHP Warning:  Undefined array key "additionalScripts" in D:\xampp\htdocs\n-web-framework\app\Views\public\includes\footer.php on line 25
[04-Sep-2023 21:41:21 Europe/Berlin] PHP Warning:  foreach() argument must be of type array|object, null given in D:\xampp\htdocs\n-web-framework\app\Views\public\includes\footer.php on line 25
[04-Sep-2023 21:41:22 Europe/Berlin] PHP Warning:  Undefined array key "additionalScripts" in D:\xampp\htdocs\n-web-framework\app\Views\public\includes\footer.php on line 25
[04-Sep-2023 21:41:22 Europe/Berlin] PHP Warning:  foreach() argument must be of type array|object, null given in D:\xampp\htdocs\n-web-framework\app\Views\public\includes\footer.php on line 25
[04-Sep-2023 22:05:00 Europe/Berlin] PHP Warning:  Undefined variable $additionalScripts in D:\xampp\htdocs\n-web-framework\app\Views\admin\includes\footer.php on line 31
[04-Sep-2023 22:05:02 Europe/Berlin] PHP Warning:  Undefined variable $additionalScripts in D:\xampp\htdocs\n-web-framework\app\Views\admin\includes\footer.php on line 31
[04-Sep-2023 22:05:14 Europe/Berlin] PHP Warning:  Undefined variable $additionalScripts in D:\xampp\htdocs\n-web-framework\app\Views\admin\includes\footer.php on line 31
[04-Sep-2023 22:05:14 Europe/Berlin] PHP Fatal error:  Uncaught TypeError: dd(): Argument #1 ($var) must be of type array, null given, called in D:\xampp\htdocs\n-web-framework\app\Views\admin\includes\footer.php on line 31 and defined in D:\xampp\htdocs\n-web-framework\app\common\utilities.php:8
Stack trace:
#0 D:\xampp\htdocs\n-web-framework\app\Views\admin\includes\footer.php(31): dd(NULL)
#1 D:\xampp\htdocs\n-web-framework\app\Core\Controller.php(72): require_once('D:\\xampp\\htdocs...')
#2 D:\xampp\htdocs\n-web-framework\app\Controllers\admin\PagesController.php(30): Controller->renderAdminView('/admin/pages/pa...', Array)
#3 D:\xampp\htdocs\n-web-framework\app\Core\Router.php(155): PagesController->index()
#4 D:\xampp\htdocs\n-web-framework\app\Core\Router.php(87): Router->loadController()
#5 D:\xampp\htdocs\n-web-framework\index.php(30): Router->run()
#6 {main}
  thrown in D:\xampp\htdocs\n-web-framework\app\common\utilities.php on line 8
[04-Sep-2023 22:06:18 Europe/Berlin] PHP Warning:  Undefined variable $additionalScripts in D:\xampp\htdocs\n-web-framework\app\Views\admin\includes\footer.php on line 31
[04-Sep-2023 22:06:18 Europe/Berlin] PHP Fatal error:  Uncaught TypeError: dd(): Argument #1 ($var) must be of type array, null given, called in D:\xampp\htdocs\n-web-framework\app\Views\admin\includes\footer.php on line 31 and defined in D:\xampp\htdocs\n-web-framework\app\common\utilities.php:8
Stack trace:
#0 D:\xampp\htdocs\n-web-framework\app\Views\admin\includes\footer.php(31): dd(NULL)
#1 D:\xampp\htdocs\n-web-framework\app\Core\Controller.php(72): require_once('D:\\xampp\\htdocs...')
#2 D:\xampp\htdocs\n-web-framework\app\Controllers\admin\AdminController.php(38): Controller->renderAdminView('/admin/index', Array)
#3 D:\xampp\htdocs\n-web-framework\app\Core\Router.php(155): AdminController->index()
#4 D:\xampp\htdocs\n-web-framework\app\Core\Router.php(87): Router->loadController()
#5 D:\xampp\htdocs\n-web-framework\index.php(30): Router->run()
#6 {main}
  thrown in D:\xampp\htdocs\n-web-framework\app\common\utilities.php on line 8
[04-Sep-2023 22:08:15 Europe/Berlin] PHP Warning:  Undefined variable $additionalScripts in D:\xampp\htdocs\n-web-framework\app\Views\admin\includes\footer.php on line 31
[04-Sep-2023 22:08:15 Europe/Berlin] PHP Fatal error:  Uncaught TypeError: dd(): Argument #1 ($var) must be of type array, null given, called in D:\xampp\htdocs\n-web-framework\app\Views\admin\includes\footer.php on line 31 and defined in D:\xampp\htdocs\n-web-framework\app\common\utilities.php:8
Stack trace:
#0 D:\xampp\htdocs\n-web-framework\app\Views\admin\includes\footer.php(31): dd(NULL)
#1 D:\xampp\htdocs\n-web-framework\app\Core\Controller.php(72): require_once('D:\\xampp\\htdocs...')
#2 D:\xampp\htdocs\n-web-framework\app\Controllers\admin\PagesController.php(30): Controller->renderAdminView('/admin/pages/pa...', Array)
#3 D:\xampp\htdocs\n-web-framework\app\Core\Router.php(155): PagesController->index()
#4 D:\xampp\htdocs\n-web-framework\app\Core\Router.php(87): Router->loadController()
#5 D:\xampp\htdocs\n-web-framework\index.php(30): Router->run()
#6 {main}
  thrown in D:\xampp\htdocs\n-web-framework\app\common\utilities.php on line 8
[04-Sep-2023 22:08:28 Europe/Berlin] PHP Warning:  Undefined variable $additionalScripts in D:\xampp\htdocs\n-web-framework\app\Views\admin\includes\footer.php on line 31
[15-Oct-2023 21:31:18 Europe/Berlin] PHP Warning:  Undefined variable $baseUrl in D:\xampp\htdocs\n-web-framework\app\Views\admin\includes\header.php on line 21
[15-Oct-2023 21:46:00 Europe/Berlin] PHP Fatal error:  Uncaught TypeError: count(): Argument #1 ($value) must be of type Countable|array, bool given in D:\xampp\htdocs\n-web-framework\app\Views\admin\categories\edit.php:3
Stack trace:
#0 D:\xampp\htdocs\n-web-framework\app\Core\Controller.php(66): require_once()
#1 D:\xampp\htdocs\n-web-framework\app\Controllers\admin\CategoriesController.php(93): Controller->renderAdminView('/admin/categori...', Array)
#2 D:\xampp\htdocs\n-web-framework\app\Core\Router.php(151): CategoriesController->edit(65)
#3 D:\xampp\htdocs\n-web-framework\app\Core\Router.php(87): Router->loadController()
#4 D:\xampp\htdocs\n-web-framework\index.php(30): Router->run()
#5 {main}
  thrown in D:\xampp\htdocs\n-web-framework\app\Views\admin\categories\edit.php on line 3
[15-Oct-2023 21:48:22 Europe/Berlin] PHP Fatal error:  Uncaught TypeError: count(): Argument #1 ($value) must be of type Countable|array, bool given in D:\xampp\htdocs\n-web-framework\app\Views\admin\categories\edit.php:3
Stack trace:
#0 D:\xampp\htdocs\n-web-framework\app\Core\Controller.php(66): require_once()
#1 D:\xampp\htdocs\n-web-framework\app\Controllers\admin\CategoriesController.php(93): Controller->renderAdminView('/admin/categori...', Array)
#2 D:\xampp\htdocs\n-web-framework\app\Core\Router.php(151): CategoriesController->edit(65)
#3 D:\xampp\htdocs\n-web-framework\app\Core\Router.php(87): Router->loadController()
#4 D:\xampp\htdocs\n-web-framework\index.php(30): Router->run()
#5 {main}
  thrown in D:\xampp\htdocs\n-web-framework\app\Views\admin\categories\edit.php on line 3
[15-Oct-2023 21:49:07 Europe/Berlin] PHP Fatal error:  Uncaught TypeError: count(): Argument #1 ($value) must be of type Countable|array, bool given in D:\xampp\htdocs\n-web-framework\app\Views\admin\categories\edit.php:3
Stack trace:
#0 D:\xampp\htdocs\n-web-framework\app\Core\Controller.php(66): require_once()
#1 D:\xampp\htdocs\n-web-framework\app\Controllers\admin\CategoriesController.php(93): Controller->renderAdminView('/admin/categori...', Array)
#2 D:\xampp\htdocs\n-web-framework\app\Core\Router.php(151): CategoriesController->edit(926)
#3 D:\xampp\htdocs\n-web-framework\app\Core\Router.php(87): Router->loadController()
#4 D:\xampp\htdocs\n-web-framework\index.php(30): Router->run()
#5 {main}
  thrown in D:\xampp\htdocs\n-web-framework\app\Views\admin\categories\edit.php on line 3
[15-Oct-2023 21:50:05 Europe/Berlin] PHP Fatal error:  Uncaught TypeError: count(): Argument #1 ($value) must be of type Countable|array, bool given in D:\xampp\htdocs\n-web-framework\app\Views\admin\pages\edit.php:3
Stack trace:
#0 D:\xampp\htdocs\n-web-framework\app\Core\Controller.php(66): require_once()
#1 D:\xampp\htdocs\n-web-framework\app\Controllers\admin\PagesController.php(114): Controller->renderAdminView('/admin/pages/ed...', Array)
#2 D:\xampp\htdocs\n-web-framework\app\Core\Router.php(151): PagesController->edit(222)
#3 D:\xampp\htdocs\n-web-framework\app\Core\Router.php(87): Router->loadController()
#4 D:\xampp\htdocs\n-web-framework\index.php(30): Router->run()
#5 {main}
  thrown in D:\xampp\htdocs\n-web-framework\app\Views\admin\pages\edit.php on line 3
[15-Oct-2023 21:51:24 Europe/Berlin] PHP Fatal error:  Uncaught TypeError: count(): Argument #1 ($value) must be of type Countable|array, bool given in D:\xampp\htdocs\n-web-framework\app\Views\admin\users\edit.php:3
Stack trace:
#0 D:\xampp\htdocs\n-web-framework\app\Core\Controller.php(66): require_once()
#1 D:\xampp\htdocs\n-web-framework\app\Controllers\admin\UsersController.php(167): Controller->renderAdminView('/admin/users/ed...', Array)
#2 D:\xampp\htdocs\n-web-framework\app\Core\Router.php(151): UsersController->edit(143)
#3 D:\xampp\htdocs\n-web-framework\app\Core\Router.php(87): Router->loadController()
#4 D:\xampp\htdocs\n-web-framework\index.php(30): Router->run()
#5 {main}
  thrown in D:\xampp\htdocs\n-web-framework\app\Views\admin\users\edit.php on line 3
[23-Oct-2023 13:17:06 Europe/Berlin] PHP Warning:  Array to string conversion in D:\xampp\htdocs\n-web-framework\app\Views\errors\404.php on line 2
[23-Oct-2023 13:17:09 Europe/Berlin] PHP Warning:  Array to string conversion in D:\xampp\htdocs\n-web-framework\app\Views\errors\404.php on line 2
[23-Oct-2023 13:22:05 Europe/Berlin] PHP Fatal error:  Uncaught TypeError: dd_print(): Argument #1 ($var) must be of type array, string given, called in D:\xampp\htdocs\n-web-framework\app\Views\errors\404.php on line 2 and defined in D:\xampp\htdocs\n-web-framework\app\common\utilities.php:22
Stack trace:
#0 D:\xampp\htdocs\n-web-framework\app\Views\errors\404.php(2): dd_print('admin')
#1 D:\xampp\htdocs\n-web-framework\app\Core\Controller.php(66): require_once('D:\\xampp\\htdocs...')
#2 D:\xampp\htdocs\n-web-framework\app\Controllers\admin\CategoriesController.php(97): Controller->renderAdminView('/errors/404.php', Array)
#3 D:\xampp\htdocs\n-web-framework\app\Core\Router.php(151): CategoriesController->edit(922)
#4 D:\xampp\htdocs\n-web-framework\app\Core\Router.php(87): Router->loadController()
#5 D:\xampp\htdocs\n-web-framework\index.php(30): Router->run()
#6 {main}
  thrown in D:\xampp\htdocs\n-web-framework\app\common\utilities.php on line 22
[23-Oct-2023 13:26:25 Europe/Berlin] PHP Warning:  Undefined array key "languageID" in D:\xampp\htdocs\n-web-framework\app\Controllers\admin\SettingsController.php on line 116
[23-Oct-2023 14:12:05 Europe/Berlin] PHP Warning:  Undefined array key "type" in D:\xampp\htdocs\n-web-framework\app\Views\errors\404a.php on line 4
[23-Oct-2023 14:12:37 Europe/Berlin] PHP Warning:  Undefined array key "type" in D:\xampp\htdocs\n-web-framework\app\Views\errors\404a.php on line 4
[23-Oct-2023 15:22:35 Europe/Berlin] PHP Fatal error:  Uncaught TypeError: Controller::renderAdminView(): Argument #2 ($data) must be of type array, string given, called in D:\xampp\htdocs\n-web-framework\app\Controllers\admin\CategoriesController.php on line 97 and defined in D:\xampp\htdocs\n-web-framework\app\Core\Controller.php:52
Stack trace:
#0 D:\xampp\htdocs\n-web-framework\app\Controllers\admin\CategoriesController.php(97): Controller->renderAdminView('/errors/404a.ph...', 'Category Edit -...')
#1 D:\xampp\htdocs\n-web-framework\app\Core\Router.php(151): CategoriesController->edit(922)
#2 D:\xampp\htdocs\n-web-framework\app\Core\Router.php(87): Router->loadController()
#3 D:\xampp\htdocs\n-web-framework\index.php(30): Router->run()
#4 {main}
  thrown in D:\xampp\htdocs\n-web-framework\app\Core\Controller.php on line 52
[23-Oct-2023 15:26:15 Europe/Berlin] PHP Fatal error:  Uncaught TypeError: extract(): Argument #1 ($array) must be of type array, bool given in D:\xampp\htdocs\n-web-framework\app\Views\admin\languages\edit.php:3
Stack trace:
#0 D:\xampp\htdocs\n-web-framework\app\Views\admin\languages\edit.php(3): extract(false)
#1 D:\xampp\htdocs\n-web-framework\app\Core\Controller.php(66): require_once('D:\\xampp\\htdocs...')
#2 D:\xampp\htdocs\n-web-framework\app\Controllers\admin\LanguagesController.php(118): Controller->renderAdminView('/admin/language...', Array)
#3 D:\xampp\htdocs\n-web-framework\app\Core\Router.php(151): LanguagesController->edit(155)
#4 D:\xampp\htdocs\n-web-framework\app\Core\Router.php(87): Router->loadController()
#5 D:\xampp\htdocs\n-web-framework\index.php(30): Router->run()
#6 {main}
  thrown in D:\xampp\htdocs\n-web-framework\app\Views\admin\languages\edit.php on line 3
[24-Oct-2023 09:18:44 Europe/Berlin] PHP Fatal error:  Uncaught TypeError: extract(): Argument #1 ($array) must be of type array, bool given in D:\xampp\htdocs\n-web-framework\app\Views\admin\pages\edit.php:3
Stack trace:
#0 D:\xampp\htdocs\n-web-framework\app\Views\admin\pages\edit.php(3): extract(false)
#1 D:\xampp\htdocs\n-web-framework\app\Core\Controller.php(66): require_once('D:\\xampp\\htdocs...')
#2 D:\xampp\htdocs\n-web-framework\app\Controllers\admin\PagesController.php(114): Controller->renderAdminView('/admin/pages/ed...', Array)
#3 D:\xampp\htdocs\n-web-framework\app\Core\Router.php(151): PagesController->edit(766)
#4 D:\xampp\htdocs\n-web-framework\app\Core\Router.php(87): Router->loadController()
#5 D:\xampp\htdocs\n-web-framework\index.php(30): Router->run()
#6 {main}
  thrown in D:\xampp\htdocs\n-web-framework\app\Views\admin\pages\edit.php on line 3
[24-Oct-2023 11:03:13 Europe/Berlin] PHP Fatal error:  Uncaught TypeError: extract(): Argument #1 ($array) must be of type array, bool given in D:\xampp\htdocs\n-web-framework\app\Views\admin\settings\edit_modal.php:3
Stack trace:
#0 D:\xampp\htdocs\n-web-framework\app\Views\admin\settings\edit_modal.php(3): extract(false)
#1 D:\xampp\htdocs\n-web-framework\app\Core\Controller.php(44): require_once('D:\\xampp\\htdocs...')
#2 D:\xampp\htdocs\n-web-framework\app\Controllers\admin\SettingsController.php(41): Controller->renderSimpleView('/admin/settings...', Array)
#3 D:\xampp\htdocs\n-web-framework\app\Core\Router.php(151): SettingsController->edit_modal(44)
#4 D:\xampp\htdocs\n-web-framework\app\Core\Router.php(87): Router->loadController()
#5 D:\xampp\htdocs\n-web-framework\index.php(30): Router->run()
#6 {main}
  thrown in D:\xampp\htdocs\n-web-framework\app\Views\admin\settings\edit_modal.php on line 3
[24-Oct-2023 11:03:40 Europe/Berlin] PHP Fatal error:  Uncaught TypeError: extract(): Argument #1 ($array) must be of type array, bool given in D:\xampp\htdocs\n-web-framework\app\Views\admin\settings\edit_modal.php:3
Stack trace:
#0 D:\xampp\htdocs\n-web-framework\app\Views\admin\settings\edit_modal.php(3): extract(false)
#1 D:\xampp\htdocs\n-web-framework\app\Core\Controller.php(44): require_once('D:\\xampp\\htdocs...')
#2 D:\xampp\htdocs\n-web-framework\app\Controllers\admin\SettingsController.php(41): Controller->renderSimpleView('/admin/settings...', Array)
#3 D:\xampp\htdocs\n-web-framework\app\Core\Router.php(151): SettingsController->edit_modal(44)
#4 D:\xampp\htdocs\n-web-framework\app\Core\Router.php(87): Router->loadController()
#5 D:\xampp\htdocs\n-web-framework\index.php(30): Router->run()
#6 {main}
  thrown in D:\xampp\htdocs\n-web-framework\app\Views\admin\settings\edit_modal.php on line 3
[24-Oct-2023 11:25:33 Europe/Berlin] PHP Fatal error:  Uncaught TypeError: extract(): Argument #1 ($array) must be of type array, bool given in D:\xampp\htdocs\n-web-framework\app\Views\admin\translations\edit.php:3
Stack trace:
#0 D:\xampp\htdocs\n-web-framework\app\Views\admin\translations\edit.php(3): extract(false)
#1 D:\xampp\htdocs\n-web-framework\app\Core\Controller.php(66): require_once('D:\\xampp\\htdocs...')
#2 D:\xampp\htdocs\n-web-framework\app\Controllers\admin\TranslationsController.php(115): Controller->renderAdminView('/admin/translat...', Array)
#3 D:\xampp\htdocs\n-web-framework\app\Core\Router.php(151): TranslationsController->edit(199)
#4 D:\xampp\htdocs\n-web-framework\app\Core\Router.php(87): Router->loadController()
#5 D:\xampp\htdocs\n-web-framework\index.php(30): Router->run()
#6 {main}
  thrown in D:\xampp\htdocs\n-web-framework\app\Views\admin\translations\edit.php on line 3
[24-Oct-2023 11:40:33 Europe/Berlin] PHP Fatal error:  Uncaught TypeError: extract(): Argument #1 ($array) must be of type array, null given in D:\xampp\htdocs\n-web-framework\app\Views\admin\invoices\invoice_pdf.php:10
Stack trace:
#0 D:\xampp\htdocs\n-web-framework\app\Views\admin\invoices\invoice_pdf.php(10): extract(NULL)
#1 D:\xampp\htdocs\n-web-framework\app\Core\Controller.php(44): require_once('D:\\xampp\\htdocs...')
#2 D:\xampp\htdocs\n-web-framework\app\Controllers\admin\InvoicesController.php(41): Controller->renderSimpleView('/admin/invoices...', Array)
#3 D:\xampp\htdocs\n-web-framework\app\Core\Router.php(155): InvoicesController->invoice_pdf()
#4 D:\xampp\htdocs\n-web-framework\app\Core\Router.php(87): Router->loadController()
#5 D:\xampp\htdocs\n-web-framework\index.php(30): Router->run()
#6 {main}
  thrown in D:\xampp\htdocs\n-web-framework\app\Views\admin\invoices\invoice_pdf.php on line 10
[24-Oct-2023 11:41:19 Europe/Berlin] PHP Fatal error:  Uncaught TypeError: extract(): Argument #1 ($array) must be of type array, bool given in D:\xampp\htdocs\n-web-framework\app\Views\admin\invoices\invoice_pdf.php:10
Stack trace:
#0 D:\xampp\htdocs\n-web-framework\app\Views\admin\invoices\invoice_pdf.php(10): extract(false)
#1 D:\xampp\htdocs\n-web-framework\app\Core\Controller.php(44): require_once('D:\\xampp\\htdocs...')
#2 D:\xampp\htdocs\n-web-framework\app\Controllers\admin\InvoicesController.php(41): Controller->renderSimpleView('/admin/invoices...', Array)
#3 D:\xampp\htdocs\n-web-framework\app\Core\Router.php(155): InvoicesController->invoice_pdf()
#4 D:\xampp\htdocs\n-web-framework\app\Core\Router.php(87): Router->loadController()
#5 D:\xampp\htdocs\n-web-framework\index.php(30): Router->run()
#6 {main}
  thrown in D:\xampp\htdocs\n-web-framework\app\Views\admin\invoices\invoice_pdf.php on line 10
[28-Jan-2024 11:05:25 Europe/Berlin] PHP Warning:  Undefined array key 1 in D:\xampp\htdocs\n-web-framework\app\Core\Router.php on line 119
[28-Jan-2024 11:05:38 Europe/Berlin] PHP Warning:  Undefined array key 1 in D:\xampp\htdocs\n-web-framework\app\Core\Router.php on line 119
[28-Jan-2024 11:05:48 Europe/Berlin] PHP Warning:  Undefined array key 1 in D:\xampp\htdocs\n-web-framework\app\Core\Router.php on line 119
[28-Jan-2024 11:08:41 Europe/Berlin] PHP Warning:  preg_match(): Compilation failed: unmatched closing parenthesis at offset 31 in D:\xampp\htdocs\n-web-framework\app\Core\Router.php on line 120
[28-Jan-2024 11:08:41 Europe/Berlin] PHP Warning:  preg_match(): Compilation failed: unmatched closing parenthesis at offset 33 in D:\xampp\htdocs\n-web-framework\app\Core\Router.php on line 120
[28-Jan-2024 11:08:41 Europe/Berlin] PHP Warning:  preg_match(): Compilation failed: unmatched closing parenthesis at offset 26 in D:\xampp\htdocs\n-web-framework\app\Core\Router.php on line 120
[28-Jan-2024 11:08:41 Europe/Berlin] PHP Warning:  preg_match(): Compilation failed: unmatched closing parenthesis at offset 28 in D:\xampp\htdocs\n-web-framework\app\Core\Router.php on line 120
[28-Jan-2024 11:08:41 Europe/Berlin] PHP Warning:  preg_match(): Compilation failed: unmatched closing parenthesis at offset 30 in D:\xampp\htdocs\n-web-framework\app\Core\Router.php on line 120
[28-Jan-2024 11:08:41 Europe/Berlin] PHP Warning:  preg_match(): Compilation failed: unmatched closing parenthesis at offset 32 in D:\xampp\htdocs\n-web-framework\app\Core\Router.php on line 120
[28-Jan-2024 11:08:41 Europe/Berlin] PHP Warning:  preg_match(): Compilation failed: unmatched closing parenthesis at offset 33 in D:\xampp\htdocs\n-web-framework\app\Core\Router.php on line 120
[28-Jan-2024 11:08:41 Europe/Berlin] PHP Warning:  preg_match(): Compilation failed: unmatched closing parenthesis at offset 35 in D:\xampp\htdocs\n-web-framework\app\Core\Router.php on line 120
[28-Jan-2024 11:08:41 Europe/Berlin] PHP Warning:  preg_match(): Compilation failed: unmatched closing parenthesis at offset 29 in D:\xampp\htdocs\n-web-framework\app\Core\Router.php on line 120
[28-Jan-2024 11:08:41 Europe/Berlin] PHP Warning:  preg_match(): Compilation failed: unmatched closing parenthesis at offset 26 in D:\xampp\htdocs\n-web-framework\app\Core\Router.php on line 120
[28-Jan-2024 11:08:41 Europe/Berlin] PHP Warning:  preg_match(): Compilation failed: unmatched closing parenthesis at offset 28 in D:\xampp\htdocs\n-web-framework\app\Core\Router.php on line 120
[28-Jan-2024 11:08:41 Europe/Berlin] PHP Warning:  preg_match(): Compilation failed: unmatched closing parenthesis at offset 35 in D:\xampp\htdocs\n-web-framework\app\Core\Router.php on line 120
[28-Jan-2024 11:08:41 Europe/Berlin] PHP Warning:  preg_match(): Compilation failed: unmatched closing parenthesis at offset 31 in D:\xampp\htdocs\n-web-framework\app\Core\Router.php on line 120
[28-Jan-2024 11:08:41 Europe/Berlin] PHP Warning:  preg_match(): Compilation failed: unmatched closing parenthesis at offset 28 in D:\xampp\htdocs\n-web-framework\app\Core\Router.php on line 120
[28-Jan-2024 11:08:41 Europe/Berlin] PHP Warning:  preg_match(): Compilation failed: unmatched closing parenthesis at offset 29 in D:\xampp\htdocs\n-web-framework\app\Core\Router.php on line 120
[28-Jan-2024 11:08:41 Europe/Berlin] PHP Warning:  preg_match(): Compilation failed: unmatched closing parenthesis at offset 31 in D:\xampp\htdocs\n-web-framework\app\Core\Router.php on line 120
[28-Jan-2024 11:08:41 Europe/Berlin] PHP Warning:  preg_match(): Compilation failed: unmatched closing parenthesis at offset 33 in D:\xampp\htdocs\n-web-framework\app\Core\Router.php on line 120
[28-Jan-2024 11:08:41 Europe/Berlin] PHP Warning:  preg_match(): Compilation failed: unmatched closing parenthesis at offset 20 in D:\xampp\htdocs\n-web-framework\app\Core\Router.php on line 120
[28-Jan-2024 11:09:51 Europe/Berlin] PHP Warning:  preg_match(): Compilation failed: unmatched closing parenthesis at offset 31 in D:\xampp\htdocs\n-web-framework\app\Core\Router.php on line 120
[28-Jan-2024 11:09:51 Europe/Berlin] PHP Warning:  preg_match(): Compilation failed: unmatched closing parenthesis at offset 33 in D:\xampp\htdocs\n-web-framework\app\Core\Router.php on line 120
[28-Jan-2024 11:09:51 Europe/Berlin] PHP Warning:  preg_match(): Compilation failed: unmatched closing parenthesis at offset 26 in D:\xampp\htdocs\n-web-framework\app\Core\Router.php on line 120
[28-Jan-2024 11:09:51 Europe/Berlin] PHP Warning:  preg_match(): Compilation failed: unmatched closing parenthesis at offset 28 in D:\xampp\htdocs\n-web-framework\app\Core\Router.php on line 120
[28-Jan-2024 11:09:51 Europe/Berlin] PHP Warning:  preg_match(): Compilation failed: unmatched closing parenthesis at offset 30 in D:\xampp\htdocs\n-web-framework\app\Core\Router.php on line 120
[28-Jan-2024 11:09:51 Europe/Berlin] PHP Warning:  preg_match(): Compilation failed: unmatched closing parenthesis at offset 32 in D:\xampp\htdocs\n-web-framework\app\Core\Router.php on line 120
[28-Jan-2024 11:09:51 Europe/Berlin] PHP Warning:  preg_match(): Compilation failed: unmatched closing parenthesis at offset 33 in D:\xampp\htdocs\n-web-framework\app\Core\Router.php on line 120
[28-Jan-2024 11:09:51 Europe/Berlin] PHP Warning:  preg_match(): Compilation failed: unmatched closing parenthesis at offset 35 in D:\xampp\htdocs\n-web-framework\app\Core\Router.php on line 120
[28-Jan-2024 11:09:51 Europe/Berlin] PHP Warning:  preg_match(): Compilation failed: unmatched closing parenthesis at offset 29 in D:\xampp\htdocs\n-web-framework\app\Core\Router.php on line 120
[28-Jan-2024 11:09:51 Europe/Berlin] PHP Warning:  preg_match(): Compilation failed: unmatched closing parenthesis at offset 26 in D:\xampp\htdocs\n-web-framework\app\Core\Router.php on line 120
[28-Jan-2024 11:09:51 Europe/Berlin] PHP Warning:  preg_match(): Compilation failed: unmatched closing parenthesis at offset 28 in D:\xampp\htdocs\n-web-framework\app\Core\Router.php on line 120
[28-Jan-2024 11:09:51 Europe/Berlin] PHP Warning:  preg_match(): Compilation failed: unmatched closing parenthesis at offset 35 in D:\xampp\htdocs\n-web-framework\app\Core\Router.php on line 120
[28-Jan-2024 11:09:51 Europe/Berlin] PHP Warning:  preg_match(): Compilation failed: unmatched closing parenthesis at offset 31 in D:\xampp\htdocs\n-web-framework\app\Core\Router.php on line 120
[28-Jan-2024 11:09:51 Europe/Berlin] PHP Warning:  preg_match(): Compilation failed: unmatched closing parenthesis at offset 28 in D:\xampp\htdocs\n-web-framework\app\Core\Router.php on line 120
[28-Jan-2024 11:09:51 Europe/Berlin] PHP Warning:  preg_match(): Compilation failed: unmatched closing parenthesis at offset 29 in D:\xampp\htdocs\n-web-framework\app\Core\Router.php on line 120
[28-Jan-2024 11:09:51 Europe/Berlin] PHP Warning:  preg_match(): Compilation failed: unmatched closing parenthesis at offset 31 in D:\xampp\htdocs\n-web-framework\app\Core\Router.php on line 120
[28-Jan-2024 11:09:51 Europe/Berlin] PHP Warning:  preg_match(): Compilation failed: unmatched closing parenthesis at offset 33 in D:\xampp\htdocs\n-web-framework\app\Core\Router.php on line 120
[28-Jan-2024 11:09:51 Europe/Berlin] PHP Warning:  preg_match(): Compilation failed: unmatched closing parenthesis at offset 20 in D:\xampp\htdocs\n-web-framework\app\Core\Router.php on line 120
[28-Jan-2024 11:09:51 Europe/Berlin] PHP Warning:  preg_match(): Compilation failed: unmatched closing parenthesis at offset 31 in D:\xampp\htdocs\n-web-framework\app\Core\Router.php on line 120
[28-Jan-2024 11:09:51 Europe/Berlin] PHP Warning:  preg_match(): Compilation failed: unmatched closing parenthesis at offset 33 in D:\xampp\htdocs\n-web-framework\app\Core\Router.php on line 120
[28-Jan-2024 11:09:51 Europe/Berlin] PHP Warning:  preg_match(): Compilation failed: unmatched closing parenthesis at offset 26 in D:\xampp\htdocs\n-web-framework\app\Core\Router.php on line 120
[28-Jan-2024 11:09:51 Europe/Berlin] PHP Warning:  preg_match(): Compilation failed: unmatched closing parenthesis at offset 28 in D:\xampp\htdocs\n-web-framework\app\Core\Router.php on line 120
[28-Jan-2024 11:09:51 Europe/Berlin] PHP Warning:  preg_match(): Compilation failed: unmatched closing parenthesis at offset 30 in D:\xampp\htdocs\n-web-framework\app\Core\Router.php on line 120
[28-Jan-2024 11:09:51 Europe/Berlin] PHP Warning:  preg_match(): Compilation failed: unmatched closing parenthesis at offset 32 in D:\xampp\htdocs\n-web-framework\app\Core\Router.php on line 120
[28-Jan-2024 11:09:51 Europe/Berlin] PHP Warning:  preg_match(): Compilation failed: unmatched closing parenthesis at offset 33 in D:\xampp\htdocs\n-web-framework\app\Core\Router.php on line 120
[28-Jan-2024 11:09:51 Europe/Berlin] PHP Warning:  preg_match(): Compilation failed: unmatched closing parenthesis at offset 35 in D:\xampp\htdocs\n-web-framework\app\Core\Router.php on line 120
[28-Jan-2024 11:09:51 Europe/Berlin] PHP Warning:  preg_match(): Compilation failed: unmatched closing parenthesis at offset 29 in D:\xampp\htdocs\n-web-framework\app\Core\Router.php on line 120
[28-Jan-2024 11:09:51 Europe/Berlin] PHP Warning:  preg_match(): Compilation failed: unmatched closing parenthesis at offset 26 in D:\xampp\htdocs\n-web-framework\app\Core\Router.php on line 120
[28-Jan-2024 11:09:51 Europe/Berlin] PHP Warning:  preg_match(): Compilation failed: unmatched closing parenthesis at offset 28 in D:\xampp\htdocs\n-web-framework\app\Core\Router.php on line 120
[28-Jan-2024 11:09:51 Europe/Berlin] PHP Warning:  preg_match(): Compilation failed: unmatched closing parenthesis at offset 35 in D:\xampp\htdocs\n-web-framework\app\Core\Router.php on line 120
[28-Jan-2024 11:09:51 Europe/Berlin] PHP Warning:  preg_match(): Compilation failed: unmatched closing parenthesis at offset 31 in D:\xampp\htdocs\n-web-framework\app\Core\Router.php on line 120
[28-Jan-2024 11:09:51 Europe/Berlin] PHP Warning:  preg_match(): Compilation failed: unmatched closing parenthesis at offset 28 in D:\xampp\htdocs\n-web-framework\app\Core\Router.php on line 120
[28-Jan-2024 11:09:51 Europe/Berlin] PHP Warning:  preg_match(): Compilation failed: unmatched closing parenthesis at offset 29 in D:\xampp\htdocs\n-web-framework\app\Core\Router.php on line 120
[28-Jan-2024 11:09:51 Europe/Berlin] PHP Warning:  preg_match(): Compilation failed: unmatched closing parenthesis at offset 31 in D:\xampp\htdocs\n-web-framework\app\Core\Router.php on line 120
[28-Jan-2024 11:09:51 Europe/Berlin] PHP Warning:  preg_match(): Compilation failed: unmatched closing parenthesis at offset 33 in D:\xampp\htdocs\n-web-framework\app\Core\Router.php on line 120
[28-Jan-2024 11:09:51 Europe/Berlin] PHP Warning:  preg_match(): Compilation failed: unmatched closing parenthesis at offset 20 in D:\xampp\htdocs\n-web-framework\app\Core\Router.php on line 120
[28-Jan-2024 11:10:55 Europe/Berlin] PHP Parse error:  syntax error, unexpected token "return", expecting "function" or "const" in D:\xampp\htdocs\n-web-framework\app\Core\Router.php on line 154
[28-Jan-2024 11:24:55 Europe/Berlin] PHP Fatal error:  Uncaught TypeError: CategoriesController::edit(): Argument #1 ($id) must be of type int, string given, called in D:\xampp\htdocs\n-web-framework\app\Core\Router.php on line 168 and defined in D:\xampp\htdocs\n-web-framework\app\Controllers\admin\CategoriesController.php:87
Stack trace:
#0 D:\xampp\htdocs\n-web-framework\app\Core\Router.php(168): CategoriesController->edit('xvxcv')
#1 D:\xampp\htdocs\n-web-framework\app\Core\Router.php(87): Router->loadController()
#2 D:\xampp\htdocs\n-web-framework\index.php(30): Router->run()
#3 {main}
  thrown in D:\xampp\htdocs\n-web-framework\app\Controllers\admin\CategoriesController.php on line 87
[29-Jan-2024 08:51:26 Europe/Berlin] PHP Warning:  preg_match(): Compilation failed: unmatched closing parenthesis at offset 29 in D:\xampp\htdocs\n-web-framework\app\Core\Router.php on line 111
[29-Jan-2024 08:51:26 Europe/Berlin] PHP Warning:  preg_match(): Compilation failed: unmatched closing parenthesis at offset 31 in D:\xampp\htdocs\n-web-framework\app\Core\Router.php on line 111
[29-Jan-2024 08:51:26 Europe/Berlin] PHP Warning:  preg_match(): Compilation failed: unmatched closing parenthesis at offset 24 in D:\xampp\htdocs\n-web-framework\app\Core\Router.php on line 111
[29-Jan-2024 08:51:26 Europe/Berlin] PHP Warning:  preg_match(): Compilation failed: unmatched closing parenthesis at offset 26 in D:\xampp\htdocs\n-web-framework\app\Core\Router.php on line 111
[29-Jan-2024 08:51:26 Europe/Berlin] PHP Warning:  preg_match(): Compilation failed: unmatched closing parenthesis at offset 28 in D:\xampp\htdocs\n-web-framework\app\Core\Router.php on line 111
[29-Jan-2024 08:51:26 Europe/Berlin] PHP Warning:  preg_match(): Compilation failed: unmatched closing parenthesis at offset 30 in D:\xampp\htdocs\n-web-framework\app\Core\Router.php on line 111
[29-Jan-2024 08:51:26 Europe/Berlin] PHP Warning:  preg_match(): Compilation failed: unmatched closing parenthesis at offset 31 in D:\xampp\htdocs\n-web-framework\app\Core\Router.php on line 111
[29-Jan-2024 08:51:26 Europe/Berlin] PHP Warning:  preg_match(): Compilation failed: unmatched closing parenthesis at offset 33 in D:\xampp\htdocs\n-web-framework\app\Core\Router.php on line 111
[29-Jan-2024 08:51:26 Europe/Berlin] PHP Warning:  preg_match(): Compilation failed: unmatched closing parenthesis at offset 27 in D:\xampp\htdocs\n-web-framework\app\Core\Router.php on line 111
[29-Jan-2024 08:51:26 Europe/Berlin] PHP Warning:  preg_match(): Compilation failed: unmatched closing parenthesis at offset 24 in D:\xampp\htdocs\n-web-framework\app\Core\Router.php on line 111
[29-Jan-2024 08:51:26 Europe/Berlin] PHP Warning:  preg_match(): Compilation failed: unmatched closing parenthesis at offset 26 in D:\xampp\htdocs\n-web-framework\app\Core\Router.php on line 111
[29-Jan-2024 08:51:26 Europe/Berlin] PHP Warning:  preg_match(): Compilation failed: unmatched closing parenthesis at offset 33 in D:\xampp\htdocs\n-web-framework\app\Core\Router.php on line 111
[29-Jan-2024 08:51:26 Europe/Berlin] PHP Warning:  preg_match(): Compilation failed: unmatched closing parenthesis at offset 29 in D:\xampp\htdocs\n-web-framework\app\Core\Router.php on line 111
[29-Jan-2024 08:51:26 Europe/Berlin] PHP Warning:  preg_match(): Compilation failed: unmatched closing parenthesis at offset 26 in D:\xampp\htdocs\n-web-framework\app\Core\Router.php on line 111
[29-Jan-2024 08:51:26 Europe/Berlin] PHP Warning:  preg_match(): Compilation failed: unmatched closing parenthesis at offset 27 in D:\xampp\htdocs\n-web-framework\app\Core\Router.php on line 111
[29-Jan-2024 08:51:26 Europe/Berlin] PHP Warning:  preg_match(): Compilation failed: unmatched closing parenthesis at offset 29 in D:\xampp\htdocs\n-web-framework\app\Core\Router.php on line 111
[29-Jan-2024 08:51:26 Europe/Berlin] PHP Warning:  preg_match(): Compilation failed: unmatched closing parenthesis at offset 31 in D:\xampp\htdocs\n-web-framework\app\Core\Router.php on line 111
[29-Jan-2024 08:51:26 Europe/Berlin] PHP Warning:  preg_match(): Compilation failed: unmatched closing parenthesis at offset 18 in D:\xampp\htdocs\n-web-framework\app\Core\Router.php on line 111
[29-Jan-2024 08:53:26 Europe/Berlin] PHP Warning:  preg_match(): Compilation failed: unmatched closing parenthesis at offset 29 in D:\xampp\htdocs\n-web-framework\app\Core\Router.php on line 111
[29-Jan-2024 08:53:26 Europe/Berlin] PHP Warning:  preg_match(): Compilation failed: unmatched closing parenthesis at offset 31 in D:\xampp\htdocs\n-web-framework\app\Core\Router.php on line 111
[29-Jan-2024 08:53:26 Europe/Berlin] PHP Warning:  preg_match(): Compilation failed: unmatched closing parenthesis at offset 24 in D:\xampp\htdocs\n-web-framework\app\Core\Router.php on line 111
[29-Jan-2024 08:53:26 Europe/Berlin] PHP Warning:  preg_match(): Compilation failed: unmatched closing parenthesis at offset 26 in D:\xampp\htdocs\n-web-framework\app\Core\Router.php on line 111
[29-Jan-2024 08:53:26 Europe/Berlin] PHP Warning:  preg_match(): Compilation failed: unmatched closing parenthesis at offset 28 in D:\xampp\htdocs\n-web-framework\app\Core\Router.php on line 111
[29-Jan-2024 08:53:26 Europe/Berlin] PHP Warning:  preg_match(): Compilation failed: unmatched closing parenthesis at offset 30 in D:\xampp\htdocs\n-web-framework\app\Core\Router.php on line 111
[29-Jan-2024 08:53:26 Europe/Berlin] PHP Warning:  preg_match(): Compilation failed: unmatched closing parenthesis at offset 31 in D:\xampp\htdocs\n-web-framework\app\Core\Router.php on line 111
[29-Jan-2024 08:53:26 Europe/Berlin] PHP Warning:  preg_match(): Compilation failed: unmatched closing parenthesis at offset 33 in D:\xampp\htdocs\n-web-framework\app\Core\Router.php on line 111
[29-Jan-2024 08:53:26 Europe/Berlin] PHP Warning:  preg_match(): Compilation failed: unmatched closing parenthesis at offset 27 in D:\xampp\htdocs\n-web-framework\app\Core\Router.php on line 111
[29-Jan-2024 08:53:26 Europe/Berlin] PHP Warning:  preg_match(): Compilation failed: unmatched closing parenthesis at offset 24 in D:\xampp\htdocs\n-web-framework\app\Core\Router.php on line 111
[29-Jan-2024 08:53:26 Europe/Berlin] PHP Warning:  preg_match(): Compilation failed: unmatched closing parenthesis at offset 26 in D:\xampp\htdocs\n-web-framework\app\Core\Router.php on line 111
[29-Jan-2024 08:53:26 Europe/Berlin] PHP Warning:  preg_match(): Compilation failed: unmatched closing parenthesis at offset 33 in D:\xampp\htdocs\n-web-framework\app\Core\Router.php on line 111
[29-Jan-2024 08:53:26 Europe/Berlin] PHP Warning:  preg_match(): Compilation failed: unmatched closing parenthesis at offset 29 in D:\xampp\htdocs\n-web-framework\app\Core\Router.php on line 111
[29-Jan-2024 08:53:26 Europe/Berlin] PHP Warning:  preg_match(): Compilation failed: unmatched closing parenthesis at offset 26 in D:\xampp\htdocs\n-web-framework\app\Core\Router.php on line 111
[29-Jan-2024 08:53:26 Europe/Berlin] PHP Warning:  preg_match(): Compilation failed: unmatched closing parenthesis at offset 27 in D:\xampp\htdocs\n-web-framework\app\Core\Router.php on line 111
[29-Jan-2024 08:53:26 Europe/Berlin] PHP Warning:  preg_match(): Compilation failed: unmatched closing parenthesis at offset 29 in D:\xampp\htdocs\n-web-framework\app\Core\Router.php on line 111
[29-Jan-2024 08:53:26 Europe/Berlin] PHP Warning:  preg_match(): Compilation failed: unmatched closing parenthesis at offset 31 in D:\xampp\htdocs\n-web-framework\app\Core\Router.php on line 111
[29-Jan-2024 08:53:26 Europe/Berlin] PHP Warning:  preg_match(): Compilation failed: unmatched closing parenthesis at offset 18 in D:\xampp\htdocs\n-web-framework\app\Core\Router.php on line 111
[29-Jan-2024 08:53:30 Europe/Berlin] PHP Warning:  preg_match(): Compilation failed: unmatched closing parenthesis at offset 29 in D:\xampp\htdocs\n-web-framework\app\Core\Router.php on line 111
[29-Jan-2024 08:53:30 Europe/Berlin] PHP Warning:  preg_match(): Compilation failed: unmatched closing parenthesis at offset 31 in D:\xampp\htdocs\n-web-framework\app\Core\Router.php on line 111
[29-Jan-2024 08:53:30 Europe/Berlin] PHP Warning:  preg_match(): Compilation failed: unmatched closing parenthesis at offset 24 in D:\xampp\htdocs\n-web-framework\app\Core\Router.php on line 111
[29-Jan-2024 08:53:30 Europe/Berlin] PHP Warning:  preg_match(): Compilation failed: unmatched closing parenthesis at offset 26 in D:\xampp\htdocs\n-web-framework\app\Core\Router.php on line 111
[29-Jan-2024 08:53:30 Europe/Berlin] PHP Warning:  preg_match(): Compilation failed: unmatched closing parenthesis at offset 28 in D:\xampp\htdocs\n-web-framework\app\Core\Router.php on line 111
[29-Jan-2024 08:53:30 Europe/Berlin] PHP Warning:  preg_match(): Compilation failed: unmatched closing parenthesis at offset 30 in D:\xampp\htdocs\n-web-framework\app\Core\Router.php on line 111
[29-Jan-2024 08:53:30 Europe/Berlin] PHP Warning:  preg_match(): Compilation failed: unmatched closing parenthesis at offset 31 in D:\xampp\htdocs\n-web-framework\app\Core\Router.php on line 111
[29-Jan-2024 08:53:30 Europe/Berlin] PHP Warning:  preg_match(): Compilation failed: unmatched closing parenthesis at offset 33 in D:\xampp\htdocs\n-web-framework\app\Core\Router.php on line 111
[29-Jan-2024 08:53:30 Europe/Berlin] PHP Warning:  preg_match(): Compilation failed: unmatched closing parenthesis at offset 27 in D:\xampp\htdocs\n-web-framework\app\Core\Router.php on line 111
[29-Jan-2024 08:53:30 Europe/Berlin] PHP Warning:  preg_match(): Compilation failed: unmatched closing parenthesis at offset 24 in D:\xampp\htdocs\n-web-framework\app\Core\Router.php on line 111
[29-Jan-2024 08:53:30 Europe/Berlin] PHP Warning:  preg_match(): Compilation failed: unmatched closing parenthesis at offset 26 in D:\xampp\htdocs\n-web-framework\app\Core\Router.php on line 111
[29-Jan-2024 08:53:30 Europe/Berlin] PHP Warning:  preg_match(): Compilation failed: unmatched closing parenthesis at offset 33 in D:\xampp\htdocs\n-web-framework\app\Core\Router.php on line 111
[29-Jan-2024 08:53:30 Europe/Berlin] PHP Warning:  preg_match(): Compilation failed: unmatched closing parenthesis at offset 29 in D:\xampp\htdocs\n-web-framework\app\Core\Router.php on line 111
[29-Jan-2024 08:53:30 Europe/Berlin] PHP Warning:  preg_match(): Compilation failed: unmatched closing parenthesis at offset 26 in D:\xampp\htdocs\n-web-framework\app\Core\Router.php on line 111
[29-Jan-2024 08:53:30 Europe/Berlin] PHP Warning:  preg_match(): Compilation failed: unmatched closing parenthesis at offset 27 in D:\xampp\htdocs\n-web-framework\app\Core\Router.php on line 111
[29-Jan-2024 08:53:30 Europe/Berlin] PHP Warning:  preg_match(): Compilation failed: unmatched closing parenthesis at offset 29 in D:\xampp\htdocs\n-web-framework\app\Core\Router.php on line 111
[29-Jan-2024 08:53:30 Europe/Berlin] PHP Warning:  preg_match(): Compilation failed: unmatched closing parenthesis at offset 31 in D:\xampp\htdocs\n-web-framework\app\Core\Router.php on line 111
[29-Jan-2024 08:53:30 Europe/Berlin] PHP Warning:  preg_match(): Compilation failed: unmatched closing parenthesis at offset 18 in D:\xampp\htdocs\n-web-framework\app\Core\Router.php on line 111
[29-Jan-2024 08:53:37 Europe/Berlin] PHP Warning:  preg_match(): Compilation failed: unmatched closing parenthesis at offset 29 in D:\xampp\htdocs\n-web-framework\app\Core\Router.php on line 111
[29-Jan-2024 08:53:37 Europe/Berlin] PHP Warning:  preg_match(): Compilation failed: unmatched closing parenthesis at offset 31 in D:\xampp\htdocs\n-web-framework\app\Core\Router.php on line 111
[29-Jan-2024 08:53:37 Europe/Berlin] PHP Warning:  preg_match(): Compilation failed: unmatched closing parenthesis at offset 24 in D:\xampp\htdocs\n-web-framework\app\Core\Router.php on line 111
[29-Jan-2024 08:53:37 Europe/Berlin] PHP Warning:  preg_match(): Compilation failed: unmatched closing parenthesis at offset 26 in D:\xampp\htdocs\n-web-framework\app\Core\Router.php on line 111
[29-Jan-2024 08:53:37 Europe/Berlin] PHP Warning:  preg_match(): Compilation failed: unmatched closing parenthesis at offset 28 in D:\xampp\htdocs\n-web-framework\app\Core\Router.php on line 111
[29-Jan-2024 08:53:37 Europe/Berlin] PHP Warning:  preg_match(): Compilation failed: unmatched closing parenthesis at offset 30 in D:\xampp\htdocs\n-web-framework\app\Core\Router.php on line 111
[29-Jan-2024 08:53:37 Europe/Berlin] PHP Warning:  preg_match(): Compilation failed: unmatched closing parenthesis at offset 31 in D:\xampp\htdocs\n-web-framework\app\Core\Router.php on line 111
[29-Jan-2024 08:53:37 Europe/Berlin] PHP Warning:  preg_match(): Compilation failed: unmatched closing parenthesis at offset 33 in D:\xampp\htdocs\n-web-framework\app\Core\Router.php on line 111
[29-Jan-2024 08:53:37 Europe/Berlin] PHP Warning:  preg_match(): Compilation failed: unmatched closing parenthesis at offset 27 in D:\xampp\htdocs\n-web-framework\app\Core\Router.php on line 111
[29-Jan-2024 08:53:37 Europe/Berlin] PHP Warning:  preg_match(): Compilation failed: unmatched closing parenthesis at offset 24 in D:\xampp\htdocs\n-web-framework\app\Core\Router.php on line 111
[29-Jan-2024 08:53:37 Europe/Berlin] PHP Warning:  preg_match(): Compilation failed: unmatched closing parenthesis at offset 26 in D:\xampp\htdocs\n-web-framework\app\Core\Router.php on line 111
[29-Jan-2024 08:53:37 Europe/Berlin] PHP Warning:  preg_match(): Compilation failed: unmatched closing parenthesis at offset 33 in D:\xampp\htdocs\n-web-framework\app\Core\Router.php on line 111
[29-Jan-2024 08:53:37 Europe/Berlin] PHP Warning:  preg_match(): Compilation failed: unmatched closing parenthesis at offset 29 in D:\xampp\htdocs\n-web-framework\app\Core\Router.php on line 111
[29-Jan-2024 08:53:37 Europe/Berlin] PHP Warning:  preg_match(): Compilation failed: unmatched closing parenthesis at offset 26 in D:\xampp\htdocs\n-web-framework\app\Core\Router.php on line 111
[29-Jan-2024 08:53:37 Europe/Berlin] PHP Warning:  preg_match(): Compilation failed: unmatched closing parenthesis at offset 27 in D:\xampp\htdocs\n-web-framework\app\Core\Router.php on line 111
[29-Jan-2024 08:53:37 Europe/Berlin] PHP Warning:  preg_match(): Compilation failed: unmatched closing parenthesis at offset 29 in D:\xampp\htdocs\n-web-framework\app\Core\Router.php on line 111
[29-Jan-2024 08:53:37 Europe/Berlin] PHP Warning:  preg_match(): Compilation failed: unmatched closing parenthesis at offset 31 in D:\xampp\htdocs\n-web-framework\app\Core\Router.php on line 111
[29-Jan-2024 08:53:37 Europe/Berlin] PHP Warning:  preg_match(): Compilation failed: unmatched closing parenthesis at offset 18 in D:\xampp\htdocs\n-web-framework\app\Core\Router.php on line 111
[29-Jan-2024 08:53:37 Europe/Berlin] PHP Warning:  preg_match(): Compilation failed: unmatched closing parenthesis at offset 29 in D:\xampp\htdocs\n-web-framework\app\Core\Router.php on line 111
[29-Jan-2024 08:53:37 Europe/Berlin] PHP Warning:  preg_match(): Compilation failed: unmatched closing parenthesis at offset 31 in D:\xampp\htdocs\n-web-framework\app\Core\Router.php on line 111
[29-Jan-2024 08:53:37 Europe/Berlin] PHP Warning:  preg_match(): Compilation failed: unmatched closing parenthesis at offset 24 in D:\xampp\htdocs\n-web-framework\app\Core\Router.php on line 111
[29-Jan-2024 08:53:37 Europe/Berlin] PHP Warning:  preg_match(): Compilation failed: unmatched closing parenthesis at offset 26 in D:\xampp\htdocs\n-web-framework\app\Core\Router.php on line 111
[29-Jan-2024 08:53:37 Europe/Berlin] PHP Warning:  preg_match(): Compilation failed: unmatched closing parenthesis at offset 28 in D:\xampp\htdocs\n-web-framework\app\Core\Router.php on line 111
[29-Jan-2024 08:53:37 Europe/Berlin] PHP Warning:  preg_match(): Compilation failed: unmatched closing parenthesis at offset 30 in D:\xampp\htdocs\n-web-framework\app\Core\Router.php on line 111
[29-Jan-2024 08:53:37 Europe/Berlin] PHP Warning:  preg_match(): Compilation failed: unmatched closing parenthesis at offset 31 in D:\xampp\htdocs\n-web-framework\app\Core\Router.php on line 111
[29-Jan-2024 08:53:37 Europe/Berlin] PHP Warning:  preg_match(): Compilation failed: unmatched closing parenthesis at offset 33 in D:\xampp\htdocs\n-web-framework\app\Core\Router.php on line 111
[29-Jan-2024 08:53:37 Europe/Berlin] PHP Warning:  preg_match(): Compilation failed: unmatched closing parenthesis at offset 27 in D:\xampp\htdocs\n-web-framework\app\Core\Router.php on line 111
[29-Jan-2024 08:53:37 Europe/Berlin] PHP Warning:  preg_match(): Compilation failed: unmatched closing parenthesis at offset 24 in D:\xampp\htdocs\n-web-framework\app\Core\Router.php on line 111
[29-Jan-2024 08:53:37 Europe/Berlin] PHP Warning:  preg_match(): Compilation failed: unmatched closing parenthesis at offset 26 in D:\xampp\htdocs\n-web-framework\app\Core\Router.php on line 111
[29-Jan-2024 08:53:37 Europe/Berlin] PHP Warning:  preg_match(): Compilation failed: unmatched closing parenthesis at offset 33 in D:\xampp\htdocs\n-web-framework\app\Core\Router.php on line 111
[29-Jan-2024 08:53:37 Europe/Berlin] PHP Warning:  preg_match(): Compilation failed: unmatched closing parenthesis at offset 29 in D:\xampp\htdocs\n-web-framework\app\Core\Router.php on line 111
[29-Jan-2024 08:53:37 Europe/Berlin] PHP Warning:  preg_match(): Compilation failed: unmatched closing parenthesis at offset 26 in D:\xampp\htdocs\n-web-framework\app\Core\Router.php on line 111
[29-Jan-2024 08:53:37 Europe/Berlin] PHP Warning:  preg_match(): Compilation failed: unmatched closing parenthesis at offset 27 in D:\xampp\htdocs\n-web-framework\app\Core\Router.php on line 111
[29-Jan-2024 08:53:37 Europe/Berlin] PHP Warning:  preg_match(): Compilation failed: unmatched closing parenthesis at offset 29 in D:\xampp\htdocs\n-web-framework\app\Core\Router.php on line 111
[29-Jan-2024 08:53:37 Europe/Berlin] PHP Warning:  preg_match(): Compilation failed: unmatched closing parenthesis at offset 31 in D:\xampp\htdocs\n-web-framework\app\Core\Router.php on line 111
[29-Jan-2024 08:53:37 Europe/Berlin] PHP Warning:  preg_match(): Compilation failed: unmatched closing parenthesis at offset 18 in D:\xampp\htdocs\n-web-framework\app\Core\Router.php on line 111
[29-Jan-2024 08:53:42 Europe/Berlin] PHP Warning:  preg_match(): Compilation failed: unmatched closing parenthesis at offset 29 in D:\xampp\htdocs\n-web-framework\app\Core\Router.php on line 111
[29-Jan-2024 08:53:42 Europe/Berlin] PHP Warning:  preg_match(): Compilation failed: unmatched closing parenthesis at offset 31 in D:\xampp\htdocs\n-web-framework\app\Core\Router.php on line 111
[29-Jan-2024 08:53:42 Europe/Berlin] PHP Warning:  preg_match(): Compilation failed: unmatched closing parenthesis at offset 24 in D:\xampp\htdocs\n-web-framework\app\Core\Router.php on line 111
[29-Jan-2024 08:53:42 Europe/Berlin] PHP Warning:  preg_match(): Compilation failed: unmatched closing parenthesis at offset 26 in D:\xampp\htdocs\n-web-framework\app\Core\Router.php on line 111
[29-Jan-2024 08:53:42 Europe/Berlin] PHP Warning:  preg_match(): Compilation failed: unmatched closing parenthesis at offset 28 in D:\xampp\htdocs\n-web-framework\app\Core\Router.php on line 111
[29-Jan-2024 08:53:42 Europe/Berlin] PHP Warning:  preg_match(): Compilation failed: unmatched closing parenthesis at offset 30 in D:\xampp\htdocs\n-web-framework\app\Core\Router.php on line 111
[29-Jan-2024 08:53:42 Europe/Berlin] PHP Warning:  preg_match(): Compilation failed: unmatched closing parenthesis at offset 31 in D:\xampp\htdocs\n-web-framework\app\Core\Router.php on line 111
[29-Jan-2024 08:53:42 Europe/Berlin] PHP Warning:  preg_match(): Compilation failed: unmatched closing parenthesis at offset 33 in D:\xampp\htdocs\n-web-framework\app\Core\Router.php on line 111
[29-Jan-2024 08:53:42 Europe/Berlin] PHP Warning:  preg_match(): Compilation failed: unmatched closing parenthesis at offset 27 in D:\xampp\htdocs\n-web-framework\app\Core\Router.php on line 111
[29-Jan-2024 08:53:42 Europe/Berlin] PHP Warning:  preg_match(): Compilation failed: unmatched closing parenthesis at offset 24 in D:\xampp\htdocs\n-web-framework\app\Core\Router.php on line 111
[29-Jan-2024 08:53:42 Europe/Berlin] PHP Warning:  preg_match(): Compilation failed: unmatched closing parenthesis at offset 26 in D:\xampp\htdocs\n-web-framework\app\Core\Router.php on line 111
[29-Jan-2024 08:53:42 Europe/Berlin] PHP Warning:  preg_match(): Compilation failed: unmatched closing parenthesis at offset 33 in D:\xampp\htdocs\n-web-framework\app\Core\Router.php on line 111
[29-Jan-2024 08:53:42 Europe/Berlin] PHP Warning:  preg_match(): Compilation failed: unmatched closing parenthesis at offset 29 in D:\xampp\htdocs\n-web-framework\app\Core\Router.php on line 111
[29-Jan-2024 08:53:42 Europe/Berlin] PHP Warning:  preg_match(): Compilation failed: unmatched closing parenthesis at offset 26 in D:\xampp\htdocs\n-web-framework\app\Core\Router.php on line 111
[29-Jan-2024 08:53:42 Europe/Berlin] PHP Warning:  preg_match(): Compilation failed: unmatched closing parenthesis at offset 27 in D:\xampp\htdocs\n-web-framework\app\Core\Router.php on line 111
[29-Jan-2024 08:53:42 Europe/Berlin] PHP Warning:  preg_match(): Compilation failed: unmatched closing parenthesis at offset 29 in D:\xampp\htdocs\n-web-framework\app\Core\Router.php on line 111
[29-Jan-2024 08:53:42 Europe/Berlin] PHP Warning:  preg_match(): Compilation failed: unmatched closing parenthesis at offset 31 in D:\xampp\htdocs\n-web-framework\app\Core\Router.php on line 111
[29-Jan-2024 08:53:42 Europe/Berlin] PHP Warning:  preg_match(): Compilation failed: unmatched closing parenthesis at offset 29 in D:\xampp\htdocs\n-web-framework\app\Core\Router.php on line 111
[29-Jan-2024 08:53:42 Europe/Berlin] PHP Warning:  preg_match(): Compilation failed: unmatched closing parenthesis at offset 31 in D:\xampp\htdocs\n-web-framework\app\Core\Router.php on line 111
[29-Jan-2024 08:53:42 Europe/Berlin] PHP Warning:  preg_match(): Compilation failed: unmatched closing parenthesis at offset 24 in D:\xampp\htdocs\n-web-framework\app\Core\Router.php on line 111
[29-Jan-2024 08:53:42 Europe/Berlin] PHP Warning:  preg_match(): Compilation failed: unmatched closing parenthesis at offset 26 in D:\xampp\htdocs\n-web-framework\app\Core\Router.php on line 111
[29-Jan-2024 08:53:42 Europe/Berlin] PHP Warning:  preg_match(): Compilation failed: unmatched closing parenthesis at offset 28 in D:\xampp\htdocs\n-web-framework\app\Core\Router.php on line 111
[29-Jan-2024 08:53:42 Europe/Berlin] PHP Warning:  preg_match(): Compilation failed: unmatched closing parenthesis at offset 30 in D:\xampp\htdocs\n-web-framework\app\Core\Router.php on line 111
[29-Jan-2024 08:53:42 Europe/Berlin] PHP Warning:  preg_match(): Compilation failed: unmatched closing parenthesis at offset 31 in D:\xampp\htdocs\n-web-framework\app\Core\Router.php on line 111
[29-Jan-2024 08:53:42 Europe/Berlin] PHP Warning:  preg_match(): Compilation failed: unmatched closing parenthesis at offset 33 in D:\xampp\htdocs\n-web-framework\app\Core\Router.php on line 111
[29-Jan-2024 08:53:42 Europe/Berlin] PHP Warning:  preg_match(): Compilation failed: unmatched closing parenthesis at offset 27 in D:\xampp\htdocs\n-web-framework\app\Core\Router.php on line 111
[29-Jan-2024 08:53:42 Europe/Berlin] PHP Warning:  preg_match(): Compilation failed: unmatched closing parenthesis at offset 24 in D:\xampp\htdocs\n-web-framework\app\Core\Router.php on line 111
[29-Jan-2024 08:53:42 Europe/Berlin] PHP Warning:  preg_match(): Compilation failed: unmatched closing parenthesis at offset 26 in D:\xampp\htdocs\n-web-framework\app\Core\Router.php on line 111
[29-Jan-2024 08:53:42 Europe/Berlin] PHP Warning:  preg_match(): Compilation failed: unmatched closing parenthesis at offset 33 in D:\xampp\htdocs\n-web-framework\app\Core\Router.php on line 111
[29-Jan-2024 08:53:42 Europe/Berlin] PHP Warning:  preg_match(): Compilation failed: unmatched closing parenthesis at offset 29 in D:\xampp\htdocs\n-web-framework\app\Core\Router.php on line 111
[29-Jan-2024 08:53:42 Europe/Berlin] PHP Warning:  preg_match(): Compilation failed: unmatched closing parenthesis at offset 26 in D:\xampp\htdocs\n-web-framework\app\Core\Router.php on line 111
[29-Jan-2024 08:53:42 Europe/Berlin] PHP Warning:  preg_match(): Compilation failed: unmatched closing parenthesis at offset 27 in D:\xampp\htdocs\n-web-framework\app\Core\Router.php on line 111
[29-Jan-2024 08:53:42 Europe/Berlin] PHP Warning:  preg_match(): Compilation failed: unmatched closing parenthesis at offset 29 in D:\xampp\htdocs\n-web-framework\app\Core\Router.php on line 111
[29-Jan-2024 08:53:42 Europe/Berlin] PHP Warning:  preg_match(): Compilation failed: unmatched closing parenthesis at offset 31 in D:\xampp\htdocs\n-web-framework\app\Core\Router.php on line 111
[29-Jan-2024 08:55:25 Europe/Berlin] PHP Warning:  preg_match(): Compilation failed: unmatched closing parenthesis at offset 31 in D:\xampp\htdocs\n-web-framework\app\Core\Router.php on line 111
[29-Jan-2024 08:55:25 Europe/Berlin] PHP Warning:  preg_match(): Compilation failed: unmatched closing parenthesis at offset 33 in D:\xampp\htdocs\n-web-framework\app\Core\Router.php on line 111
[29-Jan-2024 08:55:25 Europe/Berlin] PHP Warning:  preg_match(): Compilation failed: unmatched closing parenthesis at offset 26 in D:\xampp\htdocs\n-web-framework\app\Core\Router.php on line 111
[29-Jan-2024 08:55:25 Europe/Berlin] PHP Warning:  preg_match(): Compilation failed: unmatched closing parenthesis at offset 28 in D:\xampp\htdocs\n-web-framework\app\Core\Router.php on line 111
[29-Jan-2024 08:55:25 Europe/Berlin] PHP Warning:  preg_match(): Compilation failed: unmatched closing parenthesis at offset 30 in D:\xampp\htdocs\n-web-framework\app\Core\Router.php on line 111
[29-Jan-2024 08:55:25 Europe/Berlin] PHP Warning:  preg_match(): Compilation failed: unmatched closing parenthesis at offset 32 in D:\xampp\htdocs\n-web-framework\app\Core\Router.php on line 111
[29-Jan-2024 08:55:25 Europe/Berlin] PHP Warning:  preg_match(): Compilation failed: unmatched closing parenthesis at offset 33 in D:\xampp\htdocs\n-web-framework\app\Core\Router.php on line 111
[29-Jan-2024 08:55:25 Europe/Berlin] PHP Warning:  preg_match(): Compilation failed: unmatched closing parenthesis at offset 35 in D:\xampp\htdocs\n-web-framework\app\Core\Router.php on line 111
[29-Jan-2024 08:55:25 Europe/Berlin] PHP Warning:  preg_match(): Compilation failed: unmatched closing parenthesis at offset 29 in D:\xampp\htdocs\n-web-framework\app\Core\Router.php on line 111
[29-Jan-2024 08:55:25 Europe/Berlin] PHP Warning:  preg_match(): Compilation failed: unmatched closing parenthesis at offset 26 in D:\xampp\htdocs\n-web-framework\app\Core\Router.php on line 111
[29-Jan-2024 08:55:25 Europe/Berlin] PHP Warning:  preg_match(): Compilation failed: unmatched closing parenthesis at offset 28 in D:\xampp\htdocs\n-web-framework\app\Core\Router.php on line 111
[29-Jan-2024 08:55:25 Europe/Berlin] PHP Warning:  preg_match(): Compilation failed: unmatched closing parenthesis at offset 35 in D:\xampp\htdocs\n-web-framework\app\Core\Router.php on line 111
[29-Jan-2024 08:55:25 Europe/Berlin] PHP Warning:  preg_match(): Compilation failed: unmatched closing parenthesis at offset 31 in D:\xampp\htdocs\n-web-framework\app\Core\Router.php on line 111
[29-Jan-2024 08:55:25 Europe/Berlin] PHP Warning:  preg_match(): Compilation failed: unmatched closing parenthesis at offset 28 in D:\xampp\htdocs\n-web-framework\app\Core\Router.php on line 111
[29-Jan-2024 08:55:25 Europe/Berlin] PHP Warning:  preg_match(): Compilation failed: unmatched closing parenthesis at offset 29 in D:\xampp\htdocs\n-web-framework\app\Core\Router.php on line 111
[29-Jan-2024 08:55:25 Europe/Berlin] PHP Warning:  preg_match(): Compilation failed: unmatched closing parenthesis at offset 31 in D:\xampp\htdocs\n-web-framework\app\Core\Router.php on line 111
[29-Jan-2024 08:55:25 Europe/Berlin] PHP Warning:  preg_match(): Compilation failed: unmatched closing parenthesis at offset 33 in D:\xampp\htdocs\n-web-framework\app\Core\Router.php on line 111
[29-Jan-2024 08:55:27 Europe/Berlin] PHP Warning:  preg_match(): Compilation failed: unmatched closing parenthesis at offset 31 in D:\xampp\htdocs\n-web-framework\app\Core\Router.php on line 111
[29-Jan-2024 08:55:27 Europe/Berlin] PHP Warning:  preg_match(): Compilation failed: unmatched closing parenthesis at offset 33 in D:\xampp\htdocs\n-web-framework\app\Core\Router.php on line 111
[29-Jan-2024 08:55:27 Europe/Berlin] PHP Warning:  preg_match(): Compilation failed: unmatched closing parenthesis at offset 26 in D:\xampp\htdocs\n-web-framework\app\Core\Router.php on line 111
[29-Jan-2024 08:55:27 Europe/Berlin] PHP Warning:  preg_match(): Compilation failed: unmatched closing parenthesis at offset 28 in D:\xampp\htdocs\n-web-framework\app\Core\Router.php on line 111
[29-Jan-2024 08:55:27 Europe/Berlin] PHP Warning:  preg_match(): Compilation failed: unmatched closing parenthesis at offset 30 in D:\xampp\htdocs\n-web-framework\app\Core\Router.php on line 111
[29-Jan-2024 08:55:27 Europe/Berlin] PHP Warning:  preg_match(): Compilation failed: unmatched closing parenthesis at offset 32 in D:\xampp\htdocs\n-web-framework\app\Core\Router.php on line 111
[29-Jan-2024 08:55:27 Europe/Berlin] PHP Warning:  preg_match(): Compilation failed: unmatched closing parenthesis at offset 33 in D:\xampp\htdocs\n-web-framework\app\Core\Router.php on line 111
[29-Jan-2024 08:55:27 Europe/Berlin] PHP Warning:  preg_match(): Compilation failed: unmatched closing parenthesis at offset 35 in D:\xampp\htdocs\n-web-framework\app\Core\Router.php on line 111
[29-Jan-2024 08:55:27 Europe/Berlin] PHP Warning:  preg_match(): Compilation failed: unmatched closing parenthesis at offset 29 in D:\xampp\htdocs\n-web-framework\app\Core\Router.php on line 111
[29-Jan-2024 08:55:27 Europe/Berlin] PHP Warning:  preg_match(): Compilation failed: unmatched closing parenthesis at offset 26 in D:\xampp\htdocs\n-web-framework\app\Core\Router.php on line 111
[29-Jan-2024 08:55:27 Europe/Berlin] PHP Warning:  preg_match(): Compilation failed: unmatched closing parenthesis at offset 28 in D:\xampp\htdocs\n-web-framework\app\Core\Router.php on line 111
[29-Jan-2024 08:55:27 Europe/Berlin] PHP Warning:  preg_match(): Compilation failed: unmatched closing parenthesis at offset 35 in D:\xampp\htdocs\n-web-framework\app\Core\Router.php on line 111
[29-Jan-2024 08:55:27 Europe/Berlin] PHP Warning:  preg_match(): Compilation failed: unmatched closing parenthesis at offset 31 in D:\xampp\htdocs\n-web-framework\app\Core\Router.php on line 111
[29-Jan-2024 08:55:27 Europe/Berlin] PHP Warning:  preg_match(): Compilation failed: unmatched closing parenthesis at offset 28 in D:\xampp\htdocs\n-web-framework\app\Core\Router.php on line 111
[29-Jan-2024 08:55:27 Europe/Berlin] PHP Warning:  preg_match(): Compilation failed: unmatched closing parenthesis at offset 29 in D:\xampp\htdocs\n-web-framework\app\Core\Router.php on line 111
[29-Jan-2024 08:55:27 Europe/Berlin] PHP Warning:  preg_match(): Compilation failed: unmatched closing parenthesis at offset 31 in D:\xampp\htdocs\n-web-framework\app\Core\Router.php on line 111
[29-Jan-2024 08:55:27 Europe/Berlin] PHP Warning:  preg_match(): Compilation failed: unmatched closing parenthesis at offset 33 in D:\xampp\htdocs\n-web-framework\app\Core\Router.php on line 111
[29-Jan-2024 08:56:15 Europe/Berlin] PHP Warning:  preg_match(): Compilation failed: unmatched closing parenthesis at offset 31 in D:\xampp\htdocs\n-web-framework\app\Core\Router.php on line 111
[29-Jan-2024 08:56:15 Europe/Berlin] PHP Warning:  preg_match(): Compilation failed: unmatched closing parenthesis at offset 33 in D:\xampp\htdocs\n-web-framework\app\Core\Router.php on line 111
[29-Jan-2024 08:56:15 Europe/Berlin] PHP Warning:  preg_match(): Compilation failed: unmatched closing parenthesis at offset 26 in D:\xampp\htdocs\n-web-framework\app\Core\Router.php on line 111
[29-Jan-2024 08:56:15 Europe/Berlin] PHP Warning:  preg_match(): Compilation failed: unmatched closing parenthesis at offset 28 in D:\xampp\htdocs\n-web-framework\app\Core\Router.php on line 111
[29-Jan-2024 08:56:15 Europe/Berlin] PHP Warning:  preg_match(): Compilation failed: unmatched closing parenthesis at offset 30 in D:\xampp\htdocs\n-web-framework\app\Core\Router.php on line 111
[29-Jan-2024 08:56:15 Europe/Berlin] PHP Warning:  preg_match(): Compilation failed: unmatched closing parenthesis at offset 32 in D:\xampp\htdocs\n-web-framework\app\Core\Router.php on line 111
[29-Jan-2024 08:56:15 Europe/Berlin] PHP Warning:  preg_match(): Compilation failed: unmatched closing parenthesis at offset 33 in D:\xampp\htdocs\n-web-framework\app\Core\Router.php on line 111
[29-Jan-2024 08:56:15 Europe/Berlin] PHP Warning:  preg_match(): Compilation failed: unmatched closing parenthesis at offset 35 in D:\xampp\htdocs\n-web-framework\app\Core\Router.php on line 111
[29-Jan-2024 08:56:15 Europe/Berlin] PHP Warning:  preg_match(): Compilation failed: unmatched closing parenthesis at offset 29 in D:\xampp\htdocs\n-web-framework\app\Core\Router.php on line 111
[29-Jan-2024 08:56:15 Europe/Berlin] PHP Warning:  preg_match(): Compilation failed: unmatched closing parenthesis at offset 26 in D:\xampp\htdocs\n-web-framework\app\Core\Router.php on line 111
[29-Jan-2024 08:56:15 Europe/Berlin] PHP Warning:  preg_match(): Compilation failed: unmatched closing parenthesis at offset 28 in D:\xampp\htdocs\n-web-framework\app\Core\Router.php on line 111
[29-Jan-2024 08:56:15 Europe/Berlin] PHP Warning:  preg_match(): Compilation failed: unmatched closing parenthesis at offset 35 in D:\xampp\htdocs\n-web-framework\app\Core\Router.php on line 111
[29-Jan-2024 08:56:15 Europe/Berlin] PHP Warning:  preg_match(): Compilation failed: unmatched closing parenthesis at offset 31 in D:\xampp\htdocs\n-web-framework\app\Core\Router.php on line 111
[29-Jan-2024 08:56:15 Europe/Berlin] PHP Warning:  preg_match(): Compilation failed: unmatched closing parenthesis at offset 28 in D:\xampp\htdocs\n-web-framework\app\Core\Router.php on line 111
[29-Jan-2024 08:56:15 Europe/Berlin] PHP Warning:  preg_match(): Compilation failed: unmatched closing parenthesis at offset 29 in D:\xampp\htdocs\n-web-framework\app\Core\Router.php on line 111
[29-Jan-2024 08:56:15 Europe/Berlin] PHP Warning:  preg_match(): Compilation failed: unmatched closing parenthesis at offset 31 in D:\xampp\htdocs\n-web-framework\app\Core\Router.php on line 111
[29-Jan-2024 08:56:15 Europe/Berlin] PHP Warning:  preg_match(): Compilation failed: unmatched closing parenthesis at offset 33 in D:\xampp\htdocs\n-web-framework\app\Core\Router.php on line 111
[29-Jan-2024 09:01:49 Europe/Berlin] PHP Warning:  preg_match(): Compilation failed: unmatched closing parenthesis at offset 31 in D:\xampp\htdocs\n-web-framework\app\Core\Router.php on line 111
[29-Jan-2024 09:01:49 Europe/Berlin] PHP Warning:  preg_match(): Compilation failed: unmatched closing parenthesis at offset 33 in D:\xampp\htdocs\n-web-framework\app\Core\Router.php on line 111
[29-Jan-2024 09:01:49 Europe/Berlin] PHP Warning:  preg_match(): Compilation failed: unmatched closing parenthesis at offset 26 in D:\xampp\htdocs\n-web-framework\app\Core\Router.php on line 111
[29-Jan-2024 09:01:49 Europe/Berlin] PHP Warning:  preg_match(): Compilation failed: unmatched closing parenthesis at offset 28 in D:\xampp\htdocs\n-web-framework\app\Core\Router.php on line 111
[29-Jan-2024 09:01:49 Europe/Berlin] PHP Warning:  preg_match(): Compilation failed: unmatched closing parenthesis at offset 30 in D:\xampp\htdocs\n-web-framework\app\Core\Router.php on line 111
[29-Jan-2024 09:01:49 Europe/Berlin] PHP Warning:  preg_match(): Compilation failed: unmatched closing parenthesis at offset 32 in D:\xampp\htdocs\n-web-framework\app\Core\Router.php on line 111
[29-Jan-2024 09:01:49 Europe/Berlin] PHP Warning:  preg_match(): Compilation failed: unmatched closing parenthesis at offset 33 in D:\xampp\htdocs\n-web-framework\app\Core\Router.php on line 111
[29-Jan-2024 09:01:49 Europe/Berlin] PHP Warning:  preg_match(): Compilation failed: unmatched closing parenthesis at offset 35 in D:\xampp\htdocs\n-web-framework\app\Core\Router.php on line 111
[29-Jan-2024 09:01:49 Europe/Berlin] PHP Warning:  preg_match(): Compilation failed: unmatched closing parenthesis at offset 29 in D:\xampp\htdocs\n-web-framework\app\Core\Router.php on line 111
[29-Jan-2024 09:01:49 Europe/Berlin] PHP Warning:  preg_match(): Compilation failed: unmatched closing parenthesis at offset 26 in D:\xampp\htdocs\n-web-framework\app\Core\Router.php on line 111
[29-Jan-2024 09:01:49 Europe/Berlin] PHP Warning:  preg_match(): Compilation failed: unmatched closing parenthesis at offset 28 in D:\xampp\htdocs\n-web-framework\app\Core\Router.php on line 111
[29-Jan-2024 09:01:49 Europe/Berlin] PHP Warning:  preg_match(): Compilation failed: unmatched closing parenthesis at offset 35 in D:\xampp\htdocs\n-web-framework\app\Core\Router.php on line 111
[29-Jan-2024 09:01:49 Europe/Berlin] PHP Warning:  preg_match(): Compilation failed: unmatched closing parenthesis at offset 31 in D:\xampp\htdocs\n-web-framework\app\Core\Router.php on line 111
[29-Jan-2024 09:01:49 Europe/Berlin] PHP Warning:  preg_match(): Compilation failed: unmatched closing parenthesis at offset 28 in D:\xampp\htdocs\n-web-framework\app\Core\Router.php on line 111
[29-Jan-2024 09:01:49 Europe/Berlin] PHP Warning:  preg_match(): Compilation failed: unmatched closing parenthesis at offset 29 in D:\xampp\htdocs\n-web-framework\app\Core\Router.php on line 111
[29-Jan-2024 09:01:49 Europe/Berlin] PHP Warning:  preg_match(): Compilation failed: unmatched closing parenthesis at offset 31 in D:\xampp\htdocs\n-web-framework\app\Core\Router.php on line 111
[29-Jan-2024 09:01:49 Europe/Berlin] PHP Warning:  preg_match(): Compilation failed: unmatched closing parenthesis at offset 33 in D:\xampp\htdocs\n-web-framework\app\Core\Router.php on line 111
[29-Jan-2024 09:01:49 Europe/Berlin] PHP Warning:  preg_match(): Compilation failed: unmatched closing parenthesis at offset 20 in D:\xampp\htdocs\n-web-framework\app\Core\Router.php on line 111
[29-Jan-2024 09:02:37 Europe/Berlin] PHP Warning:  preg_match(): Compilation failed: unmatched closing parenthesis at offset 31 in D:\xampp\htdocs\n-web-framework\app\Core\Router.php on line 120
[29-Jan-2024 09:02:37 Europe/Berlin] PHP Warning:  preg_match(): Compilation failed: unmatched closing parenthesis at offset 33 in D:\xampp\htdocs\n-web-framework\app\Core\Router.php on line 120
[29-Jan-2024 09:02:37 Europe/Berlin] PHP Warning:  preg_match(): Compilation failed: unmatched closing parenthesis at offset 26 in D:\xampp\htdocs\n-web-framework\app\Core\Router.php on line 120
[29-Jan-2024 09:02:37 Europe/Berlin] PHP Warning:  preg_match(): Compilation failed: unmatched closing parenthesis at offset 28 in D:\xampp\htdocs\n-web-framework\app\Core\Router.php on line 120
[29-Jan-2024 09:02:37 Europe/Berlin] PHP Warning:  preg_match(): Compilation failed: unmatched closing parenthesis at offset 30 in D:\xampp\htdocs\n-web-framework\app\Core\Router.php on line 120
[29-Jan-2024 09:02:37 Europe/Berlin] PHP Warning:  preg_match(): Compilation failed: unmatched closing parenthesis at offset 32 in D:\xampp\htdocs\n-web-framework\app\Core\Router.php on line 120
[29-Jan-2024 09:02:37 Europe/Berlin] PHP Warning:  preg_match(): Compilation failed: unmatched closing parenthesis at offset 33 in D:\xampp\htdocs\n-web-framework\app\Core\Router.php on line 120
[29-Jan-2024 09:02:37 Europe/Berlin] PHP Warning:  preg_match(): Compilation failed: unmatched closing parenthesis at offset 35 in D:\xampp\htdocs\n-web-framework\app\Core\Router.php on line 120
[29-Jan-2024 09:02:37 Europe/Berlin] PHP Warning:  preg_match(): Compilation failed: unmatched closing parenthesis at offset 29 in D:\xampp\htdocs\n-web-framework\app\Core\Router.php on line 120
[29-Jan-2024 09:02:37 Europe/Berlin] PHP Warning:  preg_match(): Compilation failed: unmatched closing parenthesis at offset 26 in D:\xampp\htdocs\n-web-framework\app\Core\Router.php on line 120
[29-Jan-2024 09:02:37 Europe/Berlin] PHP Warning:  preg_match(): Compilation failed: unmatched closing parenthesis at offset 28 in D:\xampp\htdocs\n-web-framework\app\Core\Router.php on line 120
[29-Jan-2024 09:02:37 Europe/Berlin] PHP Warning:  preg_match(): Compilation failed: unmatched closing parenthesis at offset 35 in D:\xampp\htdocs\n-web-framework\app\Core\Router.php on line 120
[29-Jan-2024 09:02:37 Europe/Berlin] PHP Warning:  preg_match(): Compilation failed: unmatched closing parenthesis at offset 31 in D:\xampp\htdocs\n-web-framework\app\Core\Router.php on line 120
[29-Jan-2024 09:02:37 Europe/Berlin] PHP Warning:  preg_match(): Compilation failed: unmatched closing parenthesis at offset 28 in D:\xampp\htdocs\n-web-framework\app\Core\Router.php on line 120
[29-Jan-2024 09:02:37 Europe/Berlin] PHP Warning:  preg_match(): Compilation failed: unmatched closing parenthesis at offset 29 in D:\xampp\htdocs\n-web-framework\app\Core\Router.php on line 120
[29-Jan-2024 09:02:37 Europe/Berlin] PHP Warning:  preg_match(): Compilation failed: unmatched closing parenthesis at offset 31 in D:\xampp\htdocs\n-web-framework\app\Core\Router.php on line 120
[29-Jan-2024 09:02:37 Europe/Berlin] PHP Warning:  preg_match(): Compilation failed: unmatched closing parenthesis at offset 33 in D:\xampp\htdocs\n-web-framework\app\Core\Router.php on line 120
[29-Jan-2024 09:02:37 Europe/Berlin] PHP Warning:  preg_match(): Compilation failed: unmatched closing parenthesis at offset 20 in D:\xampp\htdocs\n-web-framework\app\Core\Router.php on line 120
[29-Jan-2024 09:05:04 Europe/Berlin] PHP Warning:  preg_match(): Compilation failed: unmatched closing parenthesis at offset 30 in D:\xampp\htdocs\n-web-framework\app\Core\Router.php on line 120
[29-Jan-2024 09:05:04 Europe/Berlin] PHP Warning:  preg_match(): Compilation failed: unmatched closing parenthesis at offset 32 in D:\xampp\htdocs\n-web-framework\app\Core\Router.php on line 120
[29-Jan-2024 09:05:04 Europe/Berlin] PHP Warning:  preg_match(): Compilation failed: unmatched closing parenthesis at offset 25 in D:\xampp\htdocs\n-web-framework\app\Core\Router.php on line 120
[29-Jan-2024 09:05:04 Europe/Berlin] PHP Warning:  preg_match(): Compilation failed: unmatched closing parenthesis at offset 27 in D:\xampp\htdocs\n-web-framework\app\Core\Router.php on line 120
[29-Jan-2024 09:05:04 Europe/Berlin] PHP Warning:  preg_match(): Compilation failed: unmatched closing parenthesis at offset 29 in D:\xampp\htdocs\n-web-framework\app\Core\Router.php on line 120
[29-Jan-2024 09:05:04 Europe/Berlin] PHP Warning:  preg_match(): Compilation failed: unmatched closing parenthesis at offset 31 in D:\xampp\htdocs\n-web-framework\app\Core\Router.php on line 120
[29-Jan-2024 09:05:04 Europe/Berlin] PHP Warning:  preg_match(): Compilation failed: unmatched closing parenthesis at offset 32 in D:\xampp\htdocs\n-web-framework\app\Core\Router.php on line 120
[29-Jan-2024 09:05:04 Europe/Berlin] PHP Warning:  preg_match(): Compilation failed: unmatched closing parenthesis at offset 34 in D:\xampp\htdocs\n-web-framework\app\Core\Router.php on line 120
[29-Jan-2024 09:05:04 Europe/Berlin] PHP Warning:  preg_match(): Compilation failed: unmatched closing parenthesis at offset 28 in D:\xampp\htdocs\n-web-framework\app\Core\Router.php on line 120
[29-Jan-2024 09:05:04 Europe/Berlin] PHP Warning:  preg_match(): Compilation failed: unmatched closing parenthesis at offset 25 in D:\xampp\htdocs\n-web-framework\app\Core\Router.php on line 120
[29-Jan-2024 09:05:04 Europe/Berlin] PHP Warning:  preg_match(): Compilation failed: unmatched closing parenthesis at offset 27 in D:\xampp\htdocs\n-web-framework\app\Core\Router.php on line 120
[29-Jan-2024 09:05:04 Europe/Berlin] PHP Warning:  preg_match(): Compilation failed: unmatched closing parenthesis at offset 34 in D:\xampp\htdocs\n-web-framework\app\Core\Router.php on line 120
[29-Jan-2024 09:05:04 Europe/Berlin] PHP Warning:  preg_match(): Compilation failed: unmatched closing parenthesis at offset 30 in D:\xampp\htdocs\n-web-framework\app\Core\Router.php on line 120
[29-Jan-2024 09:05:04 Europe/Berlin] PHP Warning:  preg_match(): Compilation failed: unmatched closing parenthesis at offset 27 in D:\xampp\htdocs\n-web-framework\app\Core\Router.php on line 120
[29-Jan-2024 09:05:04 Europe/Berlin] PHP Warning:  preg_match(): Compilation failed: unmatched closing parenthesis at offset 28 in D:\xampp\htdocs\n-web-framework\app\Core\Router.php on line 120
[29-Jan-2024 09:05:04 Europe/Berlin] PHP Warning:  preg_match(): Compilation failed: unmatched closing parenthesis at offset 30 in D:\xampp\htdocs\n-web-framework\app\Core\Router.php on line 120
[29-Jan-2024 09:05:04 Europe/Berlin] PHP Warning:  preg_match(): Compilation failed: unmatched closing parenthesis at offset 32 in D:\xampp\htdocs\n-web-framework\app\Core\Router.php on line 120
[29-Jan-2024 09:05:04 Europe/Berlin] PHP Warning:  preg_match(): Compilation failed: unmatched closing parenthesis at offset 21 in D:\xampp\htdocs\n-web-framework\app\Core\Router.php on line 120
[29-Jan-2024 09:05:27 Europe/Berlin] PHP Warning:  preg_match(): Compilation failed: unmatched closing parenthesis at offset 30 in D:\xampp\htdocs\n-web-framework\app\Core\Router.php on line 117
[29-Jan-2024 09:05:27 Europe/Berlin] PHP Warning:  preg_match(): Compilation failed: unmatched closing parenthesis at offset 32 in D:\xampp\htdocs\n-web-framework\app\Core\Router.php on line 117
[29-Jan-2024 09:05:27 Europe/Berlin] PHP Warning:  preg_match(): Compilation failed: unmatched closing parenthesis at offset 25 in D:\xampp\htdocs\n-web-framework\app\Core\Router.php on line 117
[29-Jan-2024 09:05:27 Europe/Berlin] PHP Warning:  preg_match(): Compilation failed: unmatched closing parenthesis at offset 27 in D:\xampp\htdocs\n-web-framework\app\Core\Router.php on line 117
[29-Jan-2024 09:05:27 Europe/Berlin] PHP Warning:  preg_match(): Compilation failed: unmatched closing parenthesis at offset 29 in D:\xampp\htdocs\n-web-framework\app\Core\Router.php on line 117
[29-Jan-2024 09:05:27 Europe/Berlin] PHP Warning:  preg_match(): Compilation failed: unmatched closing parenthesis at offset 31 in D:\xampp\htdocs\n-web-framework\app\Core\Router.php on line 117
[29-Jan-2024 09:05:27 Europe/Berlin] PHP Warning:  preg_match(): Compilation failed: unmatched closing parenthesis at offset 32 in D:\xampp\htdocs\n-web-framework\app\Core\Router.php on line 117
[29-Jan-2024 09:05:27 Europe/Berlin] PHP Warning:  preg_match(): Compilation failed: unmatched closing parenthesis at offset 34 in D:\xampp\htdocs\n-web-framework\app\Core\Router.php on line 117
[29-Jan-2024 09:05:27 Europe/Berlin] PHP Warning:  preg_match(): Compilation failed: unmatched closing parenthesis at offset 28 in D:\xampp\htdocs\n-web-framework\app\Core\Router.php on line 117
[29-Jan-2024 09:05:27 Europe/Berlin] PHP Warning:  preg_match(): Compilation failed: unmatched closing parenthesis at offset 25 in D:\xampp\htdocs\n-web-framework\app\Core\Router.php on line 117
[29-Jan-2024 09:05:27 Europe/Berlin] PHP Warning:  preg_match(): Compilation failed: unmatched closing parenthesis at offset 27 in D:\xampp\htdocs\n-web-framework\app\Core\Router.php on line 117
[29-Jan-2024 09:05:27 Europe/Berlin] PHP Warning:  preg_match(): Compilation failed: unmatched closing parenthesis at offset 34 in D:\xampp\htdocs\n-web-framework\app\Core\Router.php on line 117
[29-Jan-2024 09:05:27 Europe/Berlin] PHP Warning:  preg_match(): Compilation failed: unmatched closing parenthesis at offset 30 in D:\xampp\htdocs\n-web-framework\app\Core\Router.php on line 117
[29-Jan-2024 09:05:27 Europe/Berlin] PHP Warning:  preg_match(): Compilation failed: unmatched closing parenthesis at offset 27 in D:\xampp\htdocs\n-web-framework\app\Core\Router.php on line 117
[29-Jan-2024 09:05:27 Europe/Berlin] PHP Warning:  preg_match(): Compilation failed: unmatched closing parenthesis at offset 28 in D:\xampp\htdocs\n-web-framework\app\Core\Router.php on line 117
[29-Jan-2024 09:05:27 Europe/Berlin] PHP Warning:  preg_match(): Compilation failed: unmatched closing parenthesis at offset 30 in D:\xampp\htdocs\n-web-framework\app\Core\Router.php on line 117
[29-Jan-2024 09:05:27 Europe/Berlin] PHP Warning:  preg_match(): Compilation failed: unmatched closing parenthesis at offset 32 in D:\xampp\htdocs\n-web-framework\app\Core\Router.php on line 117
[29-Jan-2024 09:05:27 Europe/Berlin] PHP Warning:  preg_match(): Compilation failed: unmatched closing parenthesis at offset 21 in D:\xampp\htdocs\n-web-framework\app\Core\Router.php on line 117
[29-Jan-2024 09:05:37 Europe/Berlin] PHP Warning:  preg_match(): Compilation failed: unmatched closing parenthesis at offset 30 in D:\xampp\htdocs\n-web-framework\app\Core\Router.php on line 120
[29-Jan-2024 09:05:37 Europe/Berlin] PHP Warning:  preg_match(): Compilation failed: unmatched closing parenthesis at offset 32 in D:\xampp\htdocs\n-web-framework\app\Core\Router.php on line 120
[29-Jan-2024 09:05:37 Europe/Berlin] PHP Warning:  preg_match(): Compilation failed: unmatched closing parenthesis at offset 25 in D:\xampp\htdocs\n-web-framework\app\Core\Router.php on line 120
[29-Jan-2024 09:05:37 Europe/Berlin] PHP Warning:  preg_match(): Compilation failed: unmatched closing parenthesis at offset 27 in D:\xampp\htdocs\n-web-framework\app\Core\Router.php on line 120
[29-Jan-2024 09:05:37 Europe/Berlin] PHP Warning:  preg_match(): Compilation failed: unmatched closing parenthesis at offset 29 in D:\xampp\htdocs\n-web-framework\app\Core\Router.php on line 120
[29-Jan-2024 09:05:37 Europe/Berlin] PHP Warning:  preg_match(): Compilation failed: unmatched closing parenthesis at offset 31 in D:\xampp\htdocs\n-web-framework\app\Core\Router.php on line 120
[29-Jan-2024 09:05:37 Europe/Berlin] PHP Warning:  preg_match(): Compilation failed: unmatched closing parenthesis at offset 32 in D:\xampp\htdocs\n-web-framework\app\Core\Router.php on line 120
[29-Jan-2024 09:05:37 Europe/Berlin] PHP Warning:  preg_match(): Compilation failed: unmatched closing parenthesis at offset 34 in D:\xampp\htdocs\n-web-framework\app\Core\Router.php on line 120
[29-Jan-2024 09:05:37 Europe/Berlin] PHP Warning:  preg_match(): Compilation failed: unmatched closing parenthesis at offset 28 in D:\xampp\htdocs\n-web-framework\app\Core\Router.php on line 120
[29-Jan-2024 09:05:37 Europe/Berlin] PHP Warning:  preg_match(): Compilation failed: unmatched closing parenthesis at offset 25 in D:\xampp\htdocs\n-web-framework\app\Core\Router.php on line 120
[29-Jan-2024 09:05:37 Europe/Berlin] PHP Warning:  preg_match(): Compilation failed: unmatched closing parenthesis at offset 27 in D:\xampp\htdocs\n-web-framework\app\Core\Router.php on line 120
[29-Jan-2024 09:05:37 Europe/Berlin] PHP Warning:  preg_match(): Compilation failed: unmatched closing parenthesis at offset 34 in D:\xampp\htdocs\n-web-framework\app\Core\Router.php on line 120
[29-Jan-2024 09:05:37 Europe/Berlin] PHP Warning:  preg_match(): Compilation failed: unmatched closing parenthesis at offset 30 in D:\xampp\htdocs\n-web-framework\app\Core\Router.php on line 120
[29-Jan-2024 09:05:37 Europe/Berlin] PHP Warning:  preg_match(): Compilation failed: unmatched closing parenthesis at offset 27 in D:\xampp\htdocs\n-web-framework\app\Core\Router.php on line 120
[29-Jan-2024 09:05:37 Europe/Berlin] PHP Warning:  preg_match(): Compilation failed: unmatched closing parenthesis at offset 28 in D:\xampp\htdocs\n-web-framework\app\Core\Router.php on line 120
[29-Jan-2024 09:05:37 Europe/Berlin] PHP Warning:  preg_match(): Compilation failed: unmatched closing parenthesis at offset 30 in D:\xampp\htdocs\n-web-framework\app\Core\Router.php on line 120
[29-Jan-2024 09:05:37 Europe/Berlin] PHP Warning:  preg_match(): Compilation failed: unmatched closing parenthesis at offset 32 in D:\xampp\htdocs\n-web-framework\app\Core\Router.php on line 120
[29-Jan-2024 09:05:37 Europe/Berlin] PHP Warning:  preg_match(): Compilation failed: unmatched closing parenthesis at offset 21 in D:\xampp\htdocs\n-web-framework\app\Core\Router.php on line 120
[29-Jan-2024 09:06:29 Europe/Berlin] PHP Warning:  preg_match(): Compilation failed: missing closing parenthesis at offset 30 in D:\xampp\htdocs\n-web-framework\app\Core\Router.php on line 123
[29-Jan-2024 09:06:29 Europe/Berlin] PHP Warning:  preg_match(): Compilation failed: missing closing parenthesis at offset 32 in D:\xampp\htdocs\n-web-framework\app\Core\Router.php on line 123
[29-Jan-2024 09:06:29 Europe/Berlin] PHP Warning:  preg_match(): Compilation failed: missing closing parenthesis at offset 25 in D:\xampp\htdocs\n-web-framework\app\Core\Router.php on line 123
[29-Jan-2024 09:06:29 Europe/Berlin] PHP Warning:  preg_match(): Compilation failed: missing closing parenthesis at offset 27 in D:\xampp\htdocs\n-web-framework\app\Core\Router.php on line 123
[29-Jan-2024 09:06:29 Europe/Berlin] PHP Warning:  preg_match(): Compilation failed: missing closing parenthesis at offset 29 in D:\xampp\htdocs\n-web-framework\app\Core\Router.php on line 123
[29-Jan-2024 09:06:29 Europe/Berlin] PHP Warning:  preg_match(): Compilation failed: missing closing parenthesis at offset 31 in D:\xampp\htdocs\n-web-framework\app\Core\Router.php on line 123
[29-Jan-2024 09:06:29 Europe/Berlin] PHP Warning:  preg_match(): Compilation failed: missing closing parenthesis at offset 32 in D:\xampp\htdocs\n-web-framework\app\Core\Router.php on line 123
[29-Jan-2024 09:06:29 Europe/Berlin] PHP Warning:  preg_match(): Compilation failed: missing closing parenthesis at offset 34 in D:\xampp\htdocs\n-web-framework\app\Core\Router.php on line 123
[29-Jan-2024 09:06:29 Europe/Berlin] PHP Warning:  preg_match(): Compilation failed: missing closing parenthesis at offset 28 in D:\xampp\htdocs\n-web-framework\app\Core\Router.php on line 123
[29-Jan-2024 09:06:29 Europe/Berlin] PHP Warning:  preg_match(): Compilation failed: missing closing parenthesis at offset 25 in D:\xampp\htdocs\n-web-framework\app\Core\Router.php on line 123
[29-Jan-2024 09:06:29 Europe/Berlin] PHP Warning:  preg_match(): Compilation failed: missing closing parenthesis at offset 27 in D:\xampp\htdocs\n-web-framework\app\Core\Router.php on line 123
[29-Jan-2024 09:06:29 Europe/Berlin] PHP Warning:  preg_match(): Compilation failed: missing closing parenthesis at offset 34 in D:\xampp\htdocs\n-web-framework\app\Core\Router.php on line 123
[29-Jan-2024 09:06:29 Europe/Berlin] PHP Warning:  preg_match(): Compilation failed: missing closing parenthesis at offset 30 in D:\xampp\htdocs\n-web-framework\app\Core\Router.php on line 123
[29-Jan-2024 09:06:29 Europe/Berlin] PHP Warning:  preg_match(): Compilation failed: missing closing parenthesis at offset 27 in D:\xampp\htdocs\n-web-framework\app\Core\Router.php on line 123
[29-Jan-2024 09:06:29 Europe/Berlin] PHP Warning:  preg_match(): Compilation failed: missing closing parenthesis at offset 28 in D:\xampp\htdocs\n-web-framework\app\Core\Router.php on line 123
[29-Jan-2024 09:06:29 Europe/Berlin] PHP Warning:  preg_match(): Compilation failed: missing closing parenthesis at offset 30 in D:\xampp\htdocs\n-web-framework\app\Core\Router.php on line 123
[29-Jan-2024 09:06:29 Europe/Berlin] PHP Warning:  preg_match(): Compilation failed: missing closing parenthesis at offset 32 in D:\xampp\htdocs\n-web-framework\app\Core\Router.php on line 123
[29-Jan-2024 09:06:29 Europe/Berlin] PHP Warning:  preg_match(): Compilation failed: missing closing parenthesis at offset 21 in D:\xampp\htdocs\n-web-framework\app\Core\Router.php on line 123
[29-Jan-2024 09:07:06 Europe/Berlin] PHP Warning:  preg_match(): Compilation failed: unmatched closing parenthesis at offset 30 in D:\xampp\htdocs\n-web-framework\app\Core\Router.php on line 123
[29-Jan-2024 09:07:06 Europe/Berlin] PHP Warning:  preg_match(): Compilation failed: unmatched closing parenthesis at offset 32 in D:\xampp\htdocs\n-web-framework\app\Core\Router.php on line 123
[29-Jan-2024 09:07:06 Europe/Berlin] PHP Warning:  preg_match(): Compilation failed: unmatched closing parenthesis at offset 25 in D:\xampp\htdocs\n-web-framework\app\Core\Router.php on line 123
[29-Jan-2024 09:07:06 Europe/Berlin] PHP Warning:  preg_match(): Compilation failed: unmatched closing parenthesis at offset 27 in D:\xampp\htdocs\n-web-framework\app\Core\Router.php on line 123
[29-Jan-2024 09:07:06 Europe/Berlin] PHP Warning:  preg_match(): Compilation failed: unmatched closing parenthesis at offset 29 in D:\xampp\htdocs\n-web-framework\app\Core\Router.php on line 123
[29-Jan-2024 09:07:06 Europe/Berlin] PHP Warning:  preg_match(): Compilation failed: unmatched closing parenthesis at offset 31 in D:\xampp\htdocs\n-web-framework\app\Core\Router.php on line 123
[29-Jan-2024 09:07:06 Europe/Berlin] PHP Warning:  preg_match(): Compilation failed: unmatched closing parenthesis at offset 32 in D:\xampp\htdocs\n-web-framework\app\Core\Router.php on line 123
[29-Jan-2024 09:07:06 Europe/Berlin] PHP Warning:  preg_match(): Compilation failed: unmatched closing parenthesis at offset 34 in D:\xampp\htdocs\n-web-framework\app\Core\Router.php on line 123
[29-Jan-2024 09:07:06 Europe/Berlin] PHP Warning:  preg_match(): Compilation failed: unmatched closing parenthesis at offset 28 in D:\xampp\htdocs\n-web-framework\app\Core\Router.php on line 123
[29-Jan-2024 09:07:06 Europe/Berlin] PHP Warning:  preg_match(): Compilation failed: unmatched closing parenthesis at offset 25 in D:\xampp\htdocs\n-web-framework\app\Core\Router.php on line 123
[29-Jan-2024 09:07:06 Europe/Berlin] PHP Warning:  preg_match(): Compilation failed: unmatched closing parenthesis at offset 27 in D:\xampp\htdocs\n-web-framework\app\Core\Router.php on line 123
[29-Jan-2024 09:07:06 Europe/Berlin] PHP Warning:  preg_match(): Compilation failed: unmatched closing parenthesis at offset 34 in D:\xampp\htdocs\n-web-framework\app\Core\Router.php on line 123
[29-Jan-2024 09:07:06 Europe/Berlin] PHP Warning:  preg_match(): Compilation failed: unmatched closing parenthesis at offset 30 in D:\xampp\htdocs\n-web-framework\app\Core\Router.php on line 123
[29-Jan-2024 09:07:06 Europe/Berlin] PHP Warning:  preg_match(): Compilation failed: unmatched closing parenthesis at offset 27 in D:\xampp\htdocs\n-web-framework\app\Core\Router.php on line 123
[29-Jan-2024 09:07:06 Europe/Berlin] PHP Warning:  preg_match(): Compilation failed: unmatched closing parenthesis at offset 28 in D:\xampp\htdocs\n-web-framework\app\Core\Router.php on line 123
[29-Jan-2024 09:07:06 Europe/Berlin] PHP Warning:  preg_match(): Compilation failed: unmatched closing parenthesis at offset 30 in D:\xampp\htdocs\n-web-framework\app\Core\Router.php on line 123
[29-Jan-2024 09:07:06 Europe/Berlin] PHP Warning:  preg_match(): Compilation failed: unmatched closing parenthesis at offset 32 in D:\xampp\htdocs\n-web-framework\app\Core\Router.php on line 123
[29-Jan-2024 09:07:06 Europe/Berlin] PHP Warning:  preg_match(): Compilation failed: unmatched closing parenthesis at offset 21 in D:\xampp\htdocs\n-web-framework\app\Core\Router.php on line 123
[29-Jan-2024 09:20:46 Europe/Berlin] PHP Warning:  preg_match(): Compilation failed: unmatched closing parenthesis at offset 31 in D:\xampp\htdocs\n-web-framework\app\Core\Router.php on line 109
[29-Jan-2024 09:20:46 Europe/Berlin] PHP Warning:  preg_match(): Compilation failed: unmatched closing parenthesis at offset 33 in D:\xampp\htdocs\n-web-framework\app\Core\Router.php on line 109
[29-Jan-2024 09:20:46 Europe/Berlin] PHP Warning:  preg_match(): Compilation failed: unmatched closing parenthesis at offset 26 in D:\xampp\htdocs\n-web-framework\app\Core\Router.php on line 109
[29-Jan-2024 09:20:46 Europe/Berlin] PHP Warning:  preg_match(): Compilation failed: unmatched closing parenthesis at offset 28 in D:\xampp\htdocs\n-web-framework\app\Core\Router.php on line 109
[29-Jan-2024 09:20:46 Europe/Berlin] PHP Warning:  preg_match(): Compilation failed: unmatched closing parenthesis at offset 30 in D:\xampp\htdocs\n-web-framework\app\Core\Router.php on line 109
[29-Jan-2024 09:20:46 Europe/Berlin] PHP Warning:  preg_match(): Compilation failed: unmatched closing parenthesis at offset 32 in D:\xampp\htdocs\n-web-framework\app\Core\Router.php on line 109
[29-Jan-2024 09:20:46 Europe/Berlin] PHP Warning:  preg_match(): Compilation failed: unmatched closing parenthesis at offset 33 in D:\xampp\htdocs\n-web-framework\app\Core\Router.php on line 109
[29-Jan-2024 09:20:46 Europe/Berlin] PHP Warning:  preg_match(): Compilation failed: unmatched closing parenthesis at offset 35 in D:\xampp\htdocs\n-web-framework\app\Core\Router.php on line 109
[29-Jan-2024 09:20:46 Europe/Berlin] PHP Warning:  preg_match(): Compilation failed: unmatched closing parenthesis at offset 29 in D:\xampp\htdocs\n-web-framework\app\Core\Router.php on line 109
[29-Jan-2024 09:20:46 Europe/Berlin] PHP Warning:  preg_match(): Compilation failed: unmatched closing parenthesis at offset 26 in D:\xampp\htdocs\n-web-framework\app\Core\Router.php on line 109
[29-Jan-2024 09:20:46 Europe/Berlin] PHP Warning:  preg_match(): Compilation failed: unmatched closing parenthesis at offset 28 in D:\xampp\htdocs\n-web-framework\app\Core\Router.php on line 109
[29-Jan-2024 09:20:46 Europe/Berlin] PHP Warning:  preg_match(): Compilation failed: unmatched closing parenthesis at offset 35 in D:\xampp\htdocs\n-web-framework\app\Core\Router.php on line 109
[29-Jan-2024 09:20:46 Europe/Berlin] PHP Warning:  preg_match(): Compilation failed: unmatched closing parenthesis at offset 31 in D:\xampp\htdocs\n-web-framework\app\Core\Router.php on line 109
[29-Jan-2024 09:20:46 Europe/Berlin] PHP Warning:  preg_match(): Compilation failed: unmatched closing parenthesis at offset 28 in D:\xampp\htdocs\n-web-framework\app\Core\Router.php on line 109
[29-Jan-2024 09:20:46 Europe/Berlin] PHP Warning:  preg_match(): Compilation failed: unmatched closing parenthesis at offset 29 in D:\xampp\htdocs\n-web-framework\app\Core\Router.php on line 109
[29-Jan-2024 09:20:46 Europe/Berlin] PHP Warning:  preg_match(): Compilation failed: unmatched closing parenthesis at offset 31 in D:\xampp\htdocs\n-web-framework\app\Core\Router.php on line 109
[29-Jan-2024 09:20:46 Europe/Berlin] PHP Warning:  preg_match(): Compilation failed: unmatched closing parenthesis at offset 33 in D:\xampp\htdocs\n-web-framework\app\Core\Router.php on line 109
[29-Jan-2024 09:20:46 Europe/Berlin] PHP Warning:  preg_match(): Compilation failed: unmatched closing parenthesis at offset 20 in D:\xampp\htdocs\n-web-framework\app\Core\Router.php on line 109
[29-Jan-2024 09:27:42 Europe/Berlin] PHP Warning:  preg_match(): Compilation failed: unmatched closing parenthesis at offset 29 in D:\xampp\htdocs\n-web-framework\app\Core\Router.php on line 110
[29-Jan-2024 09:27:42 Europe/Berlin] PHP Warning:  preg_match(): Compilation failed: unmatched closing parenthesis at offset 31 in D:\xampp\htdocs\n-web-framework\app\Core\Router.php on line 110
[29-Jan-2024 09:27:42 Europe/Berlin] PHP Warning:  preg_match(): Compilation failed: unmatched closing parenthesis at offset 24 in D:\xampp\htdocs\n-web-framework\app\Core\Router.php on line 110
[29-Jan-2024 09:27:42 Europe/Berlin] PHP Warning:  preg_match(): Compilation failed: unmatched closing parenthesis at offset 26 in D:\xampp\htdocs\n-web-framework\app\Core\Router.php on line 110
[29-Jan-2024 09:27:42 Europe/Berlin] PHP Warning:  preg_match(): Compilation failed: unmatched closing parenthesis at offset 28 in D:\xampp\htdocs\n-web-framework\app\Core\Router.php on line 110
[29-Jan-2024 09:27:42 Europe/Berlin] PHP Warning:  preg_match(): Compilation failed: unmatched closing parenthesis at offset 30 in D:\xampp\htdocs\n-web-framework\app\Core\Router.php on line 110
[29-Jan-2024 09:27:42 Europe/Berlin] PHP Warning:  preg_match(): Compilation failed: unmatched closing parenthesis at offset 31 in D:\xampp\htdocs\n-web-framework\app\Core\Router.php on line 110
[29-Jan-2024 09:27:42 Europe/Berlin] PHP Warning:  preg_match(): Compilation failed: unmatched closing parenthesis at offset 33 in D:\xampp\htdocs\n-web-framework\app\Core\Router.php on line 110
[29-Jan-2024 09:27:42 Europe/Berlin] PHP Warning:  preg_match(): Compilation failed: unmatched closing parenthesis at offset 27 in D:\xampp\htdocs\n-web-framework\app\Core\Router.php on line 110
[29-Jan-2024 09:27:42 Europe/Berlin] PHP Warning:  preg_match(): Compilation failed: unmatched closing parenthesis at offset 24 in D:\xampp\htdocs\n-web-framework\app\Core\Router.php on line 110
[29-Jan-2024 09:27:42 Europe/Berlin] PHP Warning:  preg_match(): Compilation failed: unmatched closing parenthesis at offset 26 in D:\xampp\htdocs\n-web-framework\app\Core\Router.php on line 110
[29-Jan-2024 09:27:42 Europe/Berlin] PHP Warning:  preg_match(): Compilation failed: unmatched closing parenthesis at offset 33 in D:\xampp\htdocs\n-web-framework\app\Core\Router.php on line 110
[29-Jan-2024 09:27:42 Europe/Berlin] PHP Warning:  preg_match(): Compilation failed: unmatched closing parenthesis at offset 29 in D:\xampp\htdocs\n-web-framework\app\Core\Router.php on line 110
[29-Jan-2024 09:27:42 Europe/Berlin] PHP Warning:  preg_match(): Compilation failed: unmatched closing parenthesis at offset 26 in D:\xampp\htdocs\n-web-framework\app\Core\Router.php on line 110
[29-Jan-2024 09:27:42 Europe/Berlin] PHP Warning:  preg_match(): Compilation failed: unmatched closing parenthesis at offset 27 in D:\xampp\htdocs\n-web-framework\app\Core\Router.php on line 110
[29-Jan-2024 09:27:42 Europe/Berlin] PHP Warning:  preg_match(): Compilation failed: unmatched closing parenthesis at offset 29 in D:\xampp\htdocs\n-web-framework\app\Core\Router.php on line 110
[29-Jan-2024 09:27:42 Europe/Berlin] PHP Warning:  preg_match(): Compilation failed: unmatched closing parenthesis at offset 31 in D:\xampp\htdocs\n-web-framework\app\Core\Router.php on line 110
[29-Jan-2024 09:27:42 Europe/Berlin] PHP Warning:  preg_match(): Compilation failed: unmatched closing parenthesis at offset 18 in D:\xampp\htdocs\n-web-framework\app\Core\Router.php on line 110
[29-Jan-2024 09:28:13 Europe/Berlin] PHP Parse error:  syntax error, unexpected token "if" in D:\xampp\htdocs\n-web-framework\app\Core\Router.php on line 110
[29-Jan-2024 09:28:14 Europe/Berlin] PHP Parse error:  syntax error, unexpected token "if" in D:\xampp\htdocs\n-web-framework\app\Core\Router.php on line 110
[29-Jan-2024 09:28:42 Europe/Berlin] PHP Parse error:  syntax error, unexpected token "if" in D:\xampp\htdocs\n-web-framework\app\Core\Router.php on line 110
[29-Jan-2024 09:32:24 Europe/Berlin] PHP Warning:  preg_match(): Compilation failed: unmatched closing parenthesis at offset 31 in D:\xampp\htdocs\n-web-framework\app\Core\Router.php on line 112
[29-Jan-2024 09:32:24 Europe/Berlin] PHP Warning:  preg_match(): Compilation failed: unmatched closing parenthesis at offset 33 in D:\xampp\htdocs\n-web-framework\app\Core\Router.php on line 112
[29-Jan-2024 09:32:24 Europe/Berlin] PHP Warning:  preg_match(): Compilation failed: unmatched closing parenthesis at offset 26 in D:\xampp\htdocs\n-web-framework\app\Core\Router.php on line 112
[29-Jan-2024 09:32:24 Europe/Berlin] PHP Warning:  preg_match(): Compilation failed: unmatched closing parenthesis at offset 28 in D:\xampp\htdocs\n-web-framework\app\Core\Router.php on line 112
[29-Jan-2024 09:32:24 Europe/Berlin] PHP Warning:  preg_match(): Compilation failed: unmatched closing parenthesis at offset 30 in D:\xampp\htdocs\n-web-framework\app\Core\Router.php on line 112
[29-Jan-2024 09:32:24 Europe/Berlin] PHP Warning:  preg_match(): Compilation failed: unmatched closing parenthesis at offset 32 in D:\xampp\htdocs\n-web-framework\app\Core\Router.php on line 112
[29-Jan-2024 09:32:24 Europe/Berlin] PHP Warning:  preg_match(): Compilation failed: unmatched closing parenthesis at offset 33 in D:\xampp\htdocs\n-web-framework\app\Core\Router.php on line 112
[29-Jan-2024 09:32:24 Europe/Berlin] PHP Warning:  preg_match(): Compilation failed: unmatched closing parenthesis at offset 35 in D:\xampp\htdocs\n-web-framework\app\Core\Router.php on line 112
[29-Jan-2024 09:32:24 Europe/Berlin] PHP Warning:  preg_match(): Compilation failed: unmatched closing parenthesis at offset 29 in D:\xampp\htdocs\n-web-framework\app\Core\Router.php on line 112
[29-Jan-2024 09:32:24 Europe/Berlin] PHP Warning:  preg_match(): Compilation failed: unmatched closing parenthesis at offset 26 in D:\xampp\htdocs\n-web-framework\app\Core\Router.php on line 112
[29-Jan-2024 09:32:24 Europe/Berlin] PHP Warning:  preg_match(): Compilation failed: unmatched closing parenthesis at offset 28 in D:\xampp\htdocs\n-web-framework\app\Core\Router.php on line 112
[29-Jan-2024 09:32:24 Europe/Berlin] PHP Warning:  preg_match(): Compilation failed: unmatched closing parenthesis at offset 35 in D:\xampp\htdocs\n-web-framework\app\Core\Router.php on line 112
[29-Jan-2024 09:32:24 Europe/Berlin] PHP Warning:  preg_match(): Compilation failed: unmatched closing parenthesis at offset 31 in D:\xampp\htdocs\n-web-framework\app\Core\Router.php on line 112
[29-Jan-2024 09:32:24 Europe/Berlin] PHP Warning:  preg_match(): Compilation failed: unmatched closing parenthesis at offset 28 in D:\xampp\htdocs\n-web-framework\app\Core\Router.php on line 112
[29-Jan-2024 09:32:24 Europe/Berlin] PHP Warning:  preg_match(): Compilation failed: unmatched closing parenthesis at offset 29 in D:\xampp\htdocs\n-web-framework\app\Core\Router.php on line 112
[29-Jan-2024 09:32:24 Europe/Berlin] PHP Warning:  preg_match(): Compilation failed: unmatched closing parenthesis at offset 31 in D:\xampp\htdocs\n-web-framework\app\Core\Router.php on line 112
[29-Jan-2024 09:32:24 Europe/Berlin] PHP Warning:  preg_match(): Compilation failed: unmatched closing parenthesis at offset 33 in D:\xampp\htdocs\n-web-framework\app\Core\Router.php on line 112
[29-Jan-2024 09:32:24 Europe/Berlin] PHP Warning:  preg_match(): Compilation failed: unmatched closing parenthesis at offset 20 in D:\xampp\htdocs\n-web-framework\app\Core\Router.php on line 112
[29-Jan-2024 09:32:25 Europe/Berlin] PHP Warning:  preg_match(): Compilation failed: unmatched closing parenthesis at offset 31 in D:\xampp\htdocs\n-web-framework\app\Core\Router.php on line 112
[29-Jan-2024 09:32:25 Europe/Berlin] PHP Warning:  preg_match(): Compilation failed: unmatched closing parenthesis at offset 33 in D:\xampp\htdocs\n-web-framework\app\Core\Router.php on line 112
[29-Jan-2024 09:32:25 Europe/Berlin] PHP Warning:  preg_match(): Compilation failed: unmatched closing parenthesis at offset 26 in D:\xampp\htdocs\n-web-framework\app\Core\Router.php on line 112
[29-Jan-2024 09:32:25 Europe/Berlin] PHP Warning:  preg_match(): Compilation failed: unmatched closing parenthesis at offset 28 in D:\xampp\htdocs\n-web-framework\app\Core\Router.php on line 112
[29-Jan-2024 09:32:25 Europe/Berlin] PHP Warning:  preg_match(): Compilation failed: unmatched closing parenthesis at offset 30 in D:\xampp\htdocs\n-web-framework\app\Core\Router.php on line 112
[29-Jan-2024 09:32:25 Europe/Berlin] PHP Warning:  preg_match(): Compilation failed: unmatched closing parenthesis at offset 32 in D:\xampp\htdocs\n-web-framework\app\Core\Router.php on line 112
[29-Jan-2024 09:32:25 Europe/Berlin] PHP Warning:  preg_match(): Compilation failed: unmatched closing parenthesis at offset 33 in D:\xampp\htdocs\n-web-framework\app\Core\Router.php on line 112
[29-Jan-2024 09:32:25 Europe/Berlin] PHP Warning:  preg_match(): Compilation failed: unmatched closing parenthesis at offset 35 in D:\xampp\htdocs\n-web-framework\app\Core\Router.php on line 112
[29-Jan-2024 09:32:25 Europe/Berlin] PHP Warning:  preg_match(): Compilation failed: unmatched closing parenthesis at offset 29 in D:\xampp\htdocs\n-web-framework\app\Core\Router.php on line 112
[29-Jan-2024 09:32:25 Europe/Berlin] PHP Warning:  preg_match(): Compilation failed: unmatched closing parenthesis at offset 26 in D:\xampp\htdocs\n-web-framework\app\Core\Router.php on line 112
[29-Jan-2024 09:32:25 Europe/Berlin] PHP Warning:  preg_match(): Compilation failed: unmatched closing parenthesis at offset 28 in D:\xampp\htdocs\n-web-framework\app\Core\Router.php on line 112
[29-Jan-2024 09:32:25 Europe/Berlin] PHP Warning:  preg_match(): Compilation failed: unmatched closing parenthesis at offset 35 in D:\xampp\htdocs\n-web-framework\app\Core\Router.php on line 112
[29-Jan-2024 09:32:25 Europe/Berlin] PHP Warning:  preg_match(): Compilation failed: unmatched closing parenthesis at offset 31 in D:\xampp\htdocs\n-web-framework\app\Core\Router.php on line 112
[29-Jan-2024 09:32:25 Europe/Berlin] PHP Warning:  preg_match(): Compilation failed: unmatched closing parenthesis at offset 28 in D:\xampp\htdocs\n-web-framework\app\Core\Router.php on line 112
[29-Jan-2024 09:32:25 Europe/Berlin] PHP Warning:  preg_match(): Compilation failed: unmatched closing parenthesis at offset 29 in D:\xampp\htdocs\n-web-framework\app\Core\Router.php on line 112
[29-Jan-2024 09:32:25 Europe/Berlin] PHP Warning:  preg_match(): Compilation failed: unmatched closing parenthesis at offset 31 in D:\xampp\htdocs\n-web-framework\app\Core\Router.php on line 112
[29-Jan-2024 09:32:25 Europe/Berlin] PHP Warning:  preg_match(): Compilation failed: unmatched closing parenthesis at offset 33 in D:\xampp\htdocs\n-web-framework\app\Core\Router.php on line 112
[29-Jan-2024 09:32:25 Europe/Berlin] PHP Warning:  preg_match(): Compilation failed: unmatched closing parenthesis at offset 20 in D:\xampp\htdocs\n-web-framework\app\Core\Router.php on line 112
[29-Jan-2024 09:38:09 Europe/Berlin] PHP Fatal error:  Uncaught TypeError: CategoriesController::edit(): Argument #1 ($id) must be of type int, string given, called in D:\xampp\htdocs\n-web-framework\app\Core\Router.php on line 183 and defined in D:\xampp\htdocs\n-web-framework\app\Controllers\admin\CategoriesController.php:87
Stack trace:
#0 D:\xampp\htdocs\n-web-framework\app\Core\Router.php(183): CategoriesController->edit('92/2')
#1 D:\xampp\htdocs\n-web-framework\app\Core\Router.php(87): Router->loadController()
#2 D:\xampp\htdocs\n-web-framework\index.php(30): Router->run()
#3 {main}
  thrown in D:\xampp\htdocs\n-web-framework\app\Controllers\admin\CategoriesController.php on line 87
[29-Jan-2024 09:38:27 Europe/Berlin] PHP Fatal error:  Uncaught TypeError: CategoriesController::edit(): Argument #1 ($id) must be of type int, string given, called in D:\xampp\htdocs\n-web-framework\app\Core\Router.php on line 183 and defined in D:\xampp\htdocs\n-web-framework\app\Controllers\admin\CategoriesController.php:87
Stack trace:
#0 D:\xampp\htdocs\n-web-framework\app\Core\Router.php(183): CategoriesController->edit('sdfs')
#1 D:\xampp\htdocs\n-web-framework\app\Core\Router.php(87): Router->loadController()
#2 D:\xampp\htdocs\n-web-framework\index.php(30): Router->run()
#3 {main}
  thrown in D:\xampp\htdocs\n-web-framework\app\Controllers\admin\CategoriesController.php on line 87
[29-Jan-2024 09:41:52 Europe/Berlin] PHP Fatal error:  Uncaught TypeError: CategoriesController::edit(): Argument #1 ($id) must be of type int, string given, called in D:\xampp\htdocs\n-web-framework\app\Core\Router.php on line 183 and defined in D:\xampp\htdocs\n-web-framework\app\Controllers\admin\CategoriesController.php:87
Stack trace:
#0 D:\xampp\htdocs\n-web-framework\app\Core\Router.php(183): CategoriesController->edit('/admin/categori...', 'sdfs')
#1 D:\xampp\htdocs\n-web-framework\app\Core\Router.php(87): Router->loadController()
#2 D:\xampp\htdocs\n-web-framework\index.php(30): Router->run()
#3 {main}
  thrown in D:\xampp\htdocs\n-web-framework\app\Controllers\admin\CategoriesController.php on line 87
[29-Jan-2024 09:41:52 Europe/Berlin] PHP Fatal error:  Uncaught TypeError: CategoriesController::edit(): Argument #1 ($id) must be of type int, string given, called in D:\xampp\htdocs\n-web-framework\app\Core\Router.php on line 183 and defined in D:\xampp\htdocs\n-web-framework\app\Controllers\admin\CategoriesController.php:87
Stack trace:
#0 D:\xampp\htdocs\n-web-framework\app\Core\Router.php(183): CategoriesController->edit('/admin/categori...', 'sdfs')
#1 D:\xampp\htdocs\n-web-framework\app\Core\Router.php(87): Router->loadController()
#2 D:\xampp\htdocs\n-web-framework\index.php(30): Router->run()
#3 {main}
  thrown in D:\xampp\htdocs\n-web-framework\app\Controllers\admin\CategoriesController.php on line 87
[29-Jan-2024 09:41:55 Europe/Berlin] PHP Fatal error:  Uncaught TypeError: CategoriesController::edit(): Argument #1 ($id) must be of type int, string given, called in D:\xampp\htdocs\n-web-framework\app\Core\Router.php on line 183 and defined in D:\xampp\htdocs\n-web-framework\app\Controllers\admin\CategoriesController.php:87
Stack trace:
#0 D:\xampp\htdocs\n-web-framework\app\Core\Router.php(183): CategoriesController->edit('/admin/categori...', '92')
#1 D:\xampp\htdocs\n-web-framework\app\Core\Router.php(87): Router->loadController()
#2 D:\xampp\htdocs\n-web-framework\index.php(30): Router->run()
#3 {main}
  thrown in D:\xampp\htdocs\n-web-framework\app\Controllers\admin\CategoriesController.php on line 87
[29-Jan-2024 09:41:56 Europe/Berlin] PHP Fatal error:  Uncaught TypeError: CategoriesController::edit(): Argument #1 ($id) must be of type int, string given, called in D:\xampp\htdocs\n-web-framework\app\Core\Router.php on line 183 and defined in D:\xampp\htdocs\n-web-framework\app\Controllers\admin\CategoriesController.php:87
Stack trace:
#0 D:\xampp\htdocs\n-web-framework\app\Core\Router.php(183): CategoriesController->edit('/admin/categori...', '92')
#1 D:\xampp\htdocs\n-web-framework\app\Core\Router.php(87): Router->loadController()
#2 D:\xampp\htdocs\n-web-framework\index.php(30): Router->run()
#3 {main}
  thrown in D:\xampp\htdocs\n-web-framework\app\Controllers\admin\CategoriesController.php on line 87
[29-Jan-2024 09:42:19 Europe/Berlin] PHP Fatal error:  Uncaught TypeError: CategoriesController::edit(): Argument #1 ($id) must be of type int, string given, called in D:\xampp\htdocs\n-web-framework\app\Core\Router.php on line 183 and defined in D:\xampp\htdocs\n-web-framework\app\Controllers\admin\CategoriesController.php:87
Stack trace:
#0 D:\xampp\htdocs\n-web-framework\app\Core\Router.php(183): CategoriesController->edit('/admin/categori...', '92')
#1 D:\xampp\htdocs\n-web-framework\app\Core\Router.php(87): Router->loadController()
#2 D:\xampp\htdocs\n-web-framework\index.php(30): Router->run()
#3 {main}
  thrown in D:\xampp\htdocs\n-web-framework\app\Controllers\admin\CategoriesController.php on line 87
[29-Jan-2024 09:42:25 Europe/Berlin] PHP Fatal error:  Uncaught TypeError: CategoriesController::edit(): Argument #1 ($id) must be of type int, string given, called in D:\xampp\htdocs\n-web-framework\app\Core\Router.php on line 183 and defined in D:\xampp\htdocs\n-web-framework\app\Controllers\admin\CategoriesController.php:87
Stack trace:
#0 D:\xampp\htdocs\n-web-framework\app\Core\Router.php(183): CategoriesController->edit('/admin/categori...', '92')
#1 D:\xampp\htdocs\n-web-framework\app\Core\Router.php(87): Router->loadController()
#2 D:\xampp\htdocs\n-web-framework\index.php(30): Router->run()
#3 {main}
  thrown in D:\xampp\htdocs\n-web-framework\app\Controllers\admin\CategoriesController.php on line 87
[29-Jan-2024 09:42:25 Europe/Berlin] PHP Fatal error:  Uncaught TypeError: CategoriesController::edit(): Argument #1 ($id) must be of type int, string given, called in D:\xampp\htdocs\n-web-framework\app\Core\Router.php on line 183 and defined in D:\xampp\htdocs\n-web-framework\app\Controllers\admin\CategoriesController.php:87
Stack trace:
#0 D:\xampp\htdocs\n-web-framework\app\Core\Router.php(183): CategoriesController->edit('/admin/categori...', '92')
#1 D:\xampp\htdocs\n-web-framework\app\Core\Router.php(87): Router->loadController()
#2 D:\xampp\htdocs\n-web-framework\index.php(30): Router->run()
#3 {main}
  thrown in D:\xampp\htdocs\n-web-framework\app\Controllers\admin\CategoriesController.php on line 87
[29-Jan-2024 09:46:08 Europe/Berlin] PHP Fatal error:  Uncaught TypeError: CategoriesController::edit(): Argument #1 ($id) must be of type int, string given, called in D:\xampp\htdocs\n-web-framework\app\Core\Router.php on line 187 and defined in D:\xampp\htdocs\n-web-framework\app\Controllers\admin\CategoriesController.php:87
Stack trace:
#0 D:\xampp\htdocs\n-web-framework\app\Core\Router.php(187): CategoriesController->edit('68dsf')
#1 D:\xampp\htdocs\n-web-framework\app\Core\Router.php(87): Router->loadController()
#2 D:\xampp\htdocs\n-web-framework\index.php(30): Router->run()
#3 {main}
  thrown in D:\xampp\htdocs\n-web-framework\app\Controllers\admin\CategoriesController.php on line 87
[29-Jan-2024 09:49:05 Europe/Berlin] PHP Fatal error:  Uncaught TypeError: CategoriesController::edit(): Argument #1 ($id) must be of type int, string given, called in D:\xampp\htdocs\n-web-framework\app\Core\Router.php on line 168 and defined in D:\xampp\htdocs\n-web-framework\app\Controllers\admin\CategoriesController.php:87
Stack trace:
#0 D:\xampp\htdocs\n-web-framework\app\Core\Router.php(168): CategoriesController->edit('aaaaa')
#1 D:\xampp\htdocs\n-web-framework\app\Core\Router.php(87): Router->loadController()
#2 D:\xampp\htdocs\n-web-framework\index.php(30): Router->run()
#3 {main}
  thrown in D:\xampp\htdocs\n-web-framework\app\Controllers\admin\CategoriesController.php on line 87
[29-Jan-2024 09:50:20 Europe/Berlin] PHP Fatal error:  Uncaught TypeError: CategoriesModel::getCategoryById(): Argument #1 ($id) must be of type int, string given, called in D:\xampp\htdocs\n-web-framework\app\Controllers\admin\CategoriesController.php on line 91 and defined in D:\xampp\htdocs\n-web-framework\app\Models\admin\CategoriesModel.php:47
Stack trace:
#0 D:\xampp\htdocs\n-web-framework\app\Controllers\admin\CategoriesController.php(91): CategoriesModel->getCategoryById('aaaaa')
#1 D:\xampp\htdocs\n-web-framework\app\Core\Router.php(168): CategoriesController->edit('aaaaa')
#2 D:\xampp\htdocs\n-web-framework\app\Core\Router.php(87): Router->loadController()
#3 D:\xampp\htdocs\n-web-framework\index.php(30): Router->run()
#4 {main}
  thrown in D:\xampp\htdocs\n-web-framework\app\Models\admin\CategoriesModel.php on line 47
[29-Jan-2024 10:27:36 Europe/Berlin] PHP Fatal error:  Uncaught Error: Call to undefined method DataValidator::setValidated() in D:\xampp\htdocs\n-web-framework\app\Controllers\admin\UsersController.php:81
Stack trace:
#0 D:\xampp\htdocs\n-web-framework\app\Core\Router.php(147): UsersController->insert()
#1 D:\xampp\htdocs\n-web-framework\app\Core\Router.php(87): Router->loadController()
#2 D:\xampp\htdocs\n-web-framework\index.php(30): Router->run()
#3 {main}
  thrown in D:\xampp\htdocs\n-web-framework\app\Controllers\admin\UsersController.php on line 81
[29-Jan-2024 11:58:03 Europe/Berlin] PHP Fatal error:  Uncaught Error: Call to undefined method DataValidator::setValidated() in D:\xampp\htdocs\n-web-framework\app\Controllers\admin\InvoicesController.php:76
Stack trace:
#0 D:\xampp\htdocs\n-web-framework\app\Core\Router.php(147): InvoicesController->insert()
#1 D:\xampp\htdocs\n-web-framework\app\Core\Router.php(87): Router->loadController()
#2 D:\xampp\htdocs\n-web-framework\index.php(30): Router->run()
#3 {main}
  thrown in D:\xampp\htdocs\n-web-framework\app\Controllers\admin\InvoicesController.php on line 76
[29-Jan-2024 11:58:20 Europe/Berlin] PHP Fatal error:  Uncaught Error: Call to undefined method DataValidator::setValidated() in D:\xampp\htdocs\n-web-framework\app\Controllers\admin\InvoicesController.php:107
Stack trace:
#0 D:\xampp\htdocs\n-web-framework\app\Core\Router.php(147): InvoicesController->insert()
#1 D:\xampp\htdocs\n-web-framework\app\Core\Router.php(87): Router->loadController()
#2 D:\xampp\htdocs\n-web-framework\index.php(30): Router->run()
#3 {main}
  thrown in D:\xampp\htdocs\n-web-framework\app\Controllers\admin\InvoicesController.php on line 107
[29-Jan-2024 12:01:27 Europe/Berlin] PHP Deprecated:  strlen(): Passing null to parameter #1 ($string) of type string is deprecated in D:\xampp\htdocs\n-web-framework\app\Controllers\admin\LanguagesController.php on line 183
[29-Jan-2024 12:06:11 Europe/Berlin] PHP Deprecated:  strlen(): Passing null to parameter #1 ($string) of type string is deprecated in D:\xampp\htdocs\n-web-framework\app\Controllers\admin\LanguagesController.php on line 183
[29-Jan-2024 12:07:11 Europe/Berlin] PHP Deprecated:  strlen(): Passing null to parameter #1 ($string) of type string is deprecated in D:\xampp\htdocs\n-web-framework\app\Controllers\admin\LanguagesController.php on line 183
[29-Jan-2024 12:09:47 Europe/Berlin] PHP Deprecated:  strlen(): Passing null to parameter #1 ($string) of type string is deprecated in D:\xampp\htdocs\n-web-framework\app\Controllers\admin\LanguagesController.php on line 183
[29-Jan-2024 14:37:08 Europe/Berlin] PHP Fatal error:  Uncaught Error: Call to undefined method Router::middleware() in D:\xampp\htdocs\n-web-framework\app\Routes\admin_routes.php:3
Stack trace:
#0 D:\xampp\htdocs\n-web-framework\app\Core\Router.php(64): require_once()
#1 D:\xampp\htdocs\n-web-framework\index.php(30): Router->run()
#2 {main}
  thrown in D:\xampp\htdocs\n-web-framework\app\Routes\admin_routes.php on line 3
[29-Jan-2024 14:40:24 Europe/Berlin] PHP Fatal error:  Uncaught Error: Call to undefined method Router::middleware() in D:\xampp\htdocs\n-web-framework\app\Routes\admin_routes.php:3
Stack trace:
#0 D:\xampp\htdocs\n-web-framework\app\Core\Router.php(64): require_once()
#1 D:\xampp\htdocs\n-web-framework\index.php(30): Router->run()
#2 {main}
  thrown in D:\xampp\htdocs\n-web-framework\app\Routes\admin_routes.php on line 3
[29-Jan-2024 14:44:56 Europe/Berlin] PHP Fatal error:  Uncaught Error: Non-static method Router::add() cannot be called statically in D:\xampp\htdocs\n-web-framework\app\Core\Router.php:16
Stack trace:
#0 D:\xampp\htdocs\n-web-framework\app\Routes\admin_routes.php(3): Router::get('/admin', 'admin/AdminCont...', Array)
#1 D:\xampp\htdocs\n-web-framework\app\Core\Router.php(62): require_once('D:\\xampp\\htdocs...')
#2 D:\xampp\htdocs\n-web-framework\index.php(30): Router->run()
#3 {main}
  thrown in D:\xampp\htdocs\n-web-framework\app\Core\Router.php on line 16
[29-Jan-2024 15:17:15 Europe/Berlin] PHP Fatal error:  A void function must not return a value in D:\xampp\htdocs\n-web-framework\app\Middleware\Authorize.php on line 16
[29-Jan-2024 15:17:40 Europe/Berlin] PHP Fatal error:  Uncaught TypeError: Authorize::handle(): Argument #1 ($role) must be of type string, array given, called in D:\xampp\htdocs\n-web-framework\app\Core\Router.php on line 72 and defined in D:\xampp\htdocs\n-web-framework\app\Middleware\Authorize.php:12
Stack trace:
#0 D:\xampp\htdocs\n-web-framework\app\Core\Router.php(72): Authorize->handle(Array)
#1 D:\xampp\htdocs\n-web-framework\index.php(33): Router->run()
#2 {main}
  thrown in D:\xampp\htdocs\n-web-framework\app\Middleware\Authorize.php on line 12
[29-Jan-2024 15:19:11 Europe/Berlin] PHP Warning:  Array to string conversion in D:\xampp\htdocs\n-web-framework\app\Core\Router.php on line 72
[29-Jan-2024 15:19:11 Europe/Berlin] PHP Warning:  Undefined variable $Array in D:\xampp\htdocs\n-web-framework\app\Core\Router.php on line 72
[29-Jan-2024 15:19:11 Europe/Berlin] PHP Warning:  Trying to access array offset on value of type null in D:\xampp\htdocs\n-web-framework\app\Core\Router.php on line 72
[29-Jan-2024 15:19:11 Europe/Berlin] PHP Warning:  foreach() argument must be of type array|object, null given in D:\xampp\htdocs\n-web-framework\app\Core\Router.php on line 72
[29-Jan-2024 15:20:12 Europe/Berlin] PHP Fatal error:  Uncaught TypeError: Authorize::handle(): Return value must be of type mixed, none returned in D:\xampp\htdocs\n-web-framework\app\Middleware\Authorize.php:20
Stack trace:
#0 D:\xampp\htdocs\n-web-framework\app\Core\Router.php(73): Authorize->handle('auth')
#1 D:\xampp\htdocs\n-web-framework\index.php(33): Router->run()
#2 {main}
  thrown in D:\xampp\htdocs\n-web-framework\app\Middleware\Authorize.php on line 20
[29-Jan-2024 15:20:30 Europe/Berlin] PHP Fatal error:  A void function must not return a value in D:\xampp\htdocs\n-web-framework\app\Middleware\Authorize.php on line 16
[29-Jan-2024 15:33:13 Europe/Berlin] PHP Warning:  require_once(D:\xampp\htdocs\n-web-framework/app/Middleware/Authorize.php): Failed to open stream: No such file or directory in D:\xampp\htdocs\n-web-framework\index.php on line 29
[29-Jan-2024 15:33:14 Europe/Berlin] PHP Fatal error:  Uncaught Error: Failed opening required 'D:\xampp\htdocs\n-web-framework/app/Middleware/Authorize.php' (include_path='D:\xampp\php\PEAR') in D:\xampp\htdocs\n-web-framework\index.php:29
Stack trace:
#0 {main}
  thrown in D:\xampp\htdocs\n-web-framework\index.php on line 29
[29-Jan-2024 15:34:18 Europe/Berlin] PHP Fatal error:  Uncaught Error: Class "Authorize" not found in D:\xampp\htdocs\n-web-framework\app\Core\Router.php:73
Stack trace:
#0 D:\xampp\htdocs\n-web-framework\index.php(33): Router->run()
#1 {main}
  thrown in D:\xampp\htdocs\n-web-framework\app\Core\Router.php on line 73
[29-Jan-2024 15:58:17 Europe/Berlin] PHP Fatal error:  Uncaught TypeError: Cannot access offset of type string on string in D:\xampp\htdocs\n-web-framework\app\Routes\admin_routes.php:14
Stack trace:
#0 D:\xampp\htdocs\n-web-framework\app\Core\Router.php(62): require_once()
#1 D:\xampp\htdocs\n-web-framework\index.php(33): Router->run()
#2 {main}
  thrown in D:\xampp\htdocs\n-web-framework\app\Routes\admin_routes.php on line 14
[29-Jan-2024 15:58:40 Europe/Berlin] PHP Fatal error:  Uncaught TypeError: Cannot access offset of type string on string in D:\xampp\htdocs\n-web-framework\app\Routes\admin_routes.php:22
Stack trace:
#0 D:\xampp\htdocs\n-web-framework\app\Core\Router.php(62): require_once()
#1 D:\xampp\htdocs\n-web-framework\index.php(33): Router->run()
#2 {main}
  thrown in D:\xampp\htdocs\n-web-framework\app\Routes\admin_routes.php on line 22
[29-Jan-2024 15:58:42 Europe/Berlin] PHP Fatal error:  Uncaught TypeError: Cannot access offset of type string on string in D:\xampp\htdocs\n-web-framework\app\Routes\admin_routes.php:22
Stack trace:
#0 D:\xampp\htdocs\n-web-framework\app\Core\Router.php(62): require_once()
#1 D:\xampp\htdocs\n-web-framework\index.php(33): Router->run()
#2 {main}
  thrown in D:\xampp\htdocs\n-web-framework\app\Routes\admin_routes.php on line 22
[30-Jan-2024 09:13:42 Europe/Berlin] PHP Warning:  Undefined array key "middleware" in D:\xampp\htdocs\n-web-framework\app\Core\Router.php on line 72
[30-Jan-2024 09:13:42 Europe/Berlin] PHP Warning:  foreach() argument must be of type array|object, null given in D:\xampp\htdocs\n-web-framework\app\Core\Router.php on line 72
[30-Jan-2024 09:14:17 Europe/Berlin] PHP Warning:  Undefined array key "middleware" in D:\xampp\htdocs\n-web-framework\app\Core\Router.php on line 72
[30-Jan-2024 09:14:17 Europe/Berlin] PHP Warning:  foreach() argument must be of type array|object, null given in D:\xampp\htdocs\n-web-framework\app\Core\Router.php on line 72
[30-Jan-2024 09:14:17 Europe/Berlin] PHP Warning:  Undefined array key "middleware" in D:\xampp\htdocs\n-web-framework\app\Core\Router.php on line 72
[30-Jan-2024 09:14:17 Europe/Berlin] PHP Warning:  foreach() argument must be of type array|object, null given in D:\xampp\htdocs\n-web-framework\app\Core\Router.php on line 72
[30-Jan-2024 09:14:28 Europe/Berlin] PHP Warning:  Undefined array key "middleware" in D:\xampp\htdocs\n-web-framework\app\Core\Router.php on line 72
[30-Jan-2024 09:14:28 Europe/Berlin] PHP Warning:  foreach() argument must be of type array|object, null given in D:\xampp\htdocs\n-web-framework\app\Core\Router.php on line 72
[30-Jan-2024 09:14:28 Europe/Berlin] PHP Warning:  Undefined array key "middleware" in D:\xampp\htdocs\n-web-framework\app\Core\Router.php on line 72
[30-Jan-2024 09:14:28 Europe/Berlin] PHP Warning:  foreach() argument must be of type array|object, null given in D:\xampp\htdocs\n-web-framework\app\Core\Router.php on line 72
[30-Jan-2024 09:14:43 Europe/Berlin] PHP Warning:  Undefined array key "middleware" in D:\xampp\htdocs\n-web-framework\app\Core\Router.php on line 72
[30-Jan-2024 09:14:43 Europe/Berlin] PHP Warning:  foreach() argument must be of type array|object, null given in D:\xampp\htdocs\n-web-framework\app\Core\Router.php on line 72
[30-Jan-2024 09:14:44 Europe/Berlin] PHP Warning:  Undefined array key "middleware" in D:\xampp\htdocs\n-web-framework\app\Core\Router.php on line 72
[30-Jan-2024 09:14:44 Europe/Berlin] PHP Warning:  foreach() argument must be of type array|object, null given in D:\xampp\htdocs\n-web-framework\app\Core\Router.php on line 72
[30-Jan-2024 09:14:48 Europe/Berlin] PHP Warning:  Undefined array key "middleware" in D:\xampp\htdocs\n-web-framework\app\Core\Router.php on line 72
[30-Jan-2024 09:14:48 Europe/Berlin] PHP Warning:  foreach() argument must be of type array|object, null given in D:\xampp\htdocs\n-web-framework\app\Core\Router.php on line 72
[30-Jan-2024 09:14:48 Europe/Berlin] PHP Warning:  Undefined array key "middleware" in D:\xampp\htdocs\n-web-framework\app\Core\Router.php on line 72
[30-Jan-2024 09:14:48 Europe/Berlin] PHP Warning:  foreach() argument must be of type array|object, null given in D:\xampp\htdocs\n-web-framework\app\Core\Router.php on line 72
[30-Jan-2024 09:15:09 Europe/Berlin] PHP Warning:  Undefined array key "middleware" in D:\xampp\htdocs\n-web-framework\app\Core\Router.php on line 72
[30-Jan-2024 09:15:09 Europe/Berlin] PHP Warning:  foreach() argument must be of type array|object, null given in D:\xampp\htdocs\n-web-framework\app\Core\Router.php on line 72
[30-Jan-2024 09:15:15 Europe/Berlin] PHP Warning:  Undefined array key "middleware" in D:\xampp\htdocs\n-web-framework\app\Core\Router.php on line 72
[30-Jan-2024 09:15:15 Europe/Berlin] PHP Warning:  foreach() argument must be of type array|object, null given in D:\xampp\htdocs\n-web-framework\app\Core\Router.php on line 72
[30-Jan-2024 09:15:15 Europe/Berlin] PHP Warning:  Undefined array key "middleware" in D:\xampp\htdocs\n-web-framework\app\Core\Router.php on line 72
[30-Jan-2024 09:15:15 Europe/Berlin] PHP Warning:  foreach() argument must be of type array|object, null given in D:\xampp\htdocs\n-web-framework\app\Core\Router.php on line 72
[30-Jan-2024 09:15:57 Europe/Berlin] PHP Warning:  Undefined array key "middleware" in D:\xampp\htdocs\n-web-framework\app\Core\Router.php on line 72
[30-Jan-2024 09:15:57 Europe/Berlin] PHP Warning:  foreach() argument must be of type array|object, null given in D:\xampp\htdocs\n-web-framework\app\Core\Router.php on line 72
[30-Jan-2024 09:16:37 Europe/Berlin] PHP Warning:  Undefined array key "middleware" in D:\xampp\htdocs\n-web-framework\app\Core\Router.php on line 72
[30-Jan-2024 09:16:37 Europe/Berlin] PHP Warning:  foreach() argument must be of type array|object, null given in D:\xampp\htdocs\n-web-framework\app\Core\Router.php on line 72
[30-Jan-2024 09:16:50 Europe/Berlin] PHP Warning:  Undefined array key "middleware" in D:\xampp\htdocs\n-web-framework\app\Core\Router.php on line 72
[30-Jan-2024 09:16:50 Europe/Berlin] PHP Warning:  foreach() argument must be of type array|object, null given in D:\xampp\htdocs\n-web-framework\app\Core\Router.php on line 72
[30-Jan-2024 09:16:55 Europe/Berlin] PHP Warning:  Undefined array key "middleware" in D:\xampp\htdocs\n-web-framework\app\Core\Router.php on line 72
[30-Jan-2024 09:16:55 Europe/Berlin] PHP Warning:  foreach() argument must be of type array|object, null given in D:\xampp\htdocs\n-web-framework\app\Core\Router.php on line 72
[30-Jan-2024 09:34:13 Europe/Berlin] PHP Parse error:  syntax error, unexpected token "elseif" in D:\xampp\htdocs\n-web-framework\app\Middleware\Auth.php on line 15
[30-Jan-2024 09:39:27 Europe/Berlin] PHP Fatal error:  Uncaught Error: Call to undefined method Sessions::requireLogin() in D:\xampp\htdocs\n-web-framework\app\Controllers\admin\PagesController.php:13
Stack trace:
#0 D:\xampp\htdocs\n-web-framework\app\Core\Router.php(136): PagesController->__construct()
#1 D:\xampp\htdocs\n-web-framework\app\Core\Router.php(93): Router->loadController()
#2 D:\xampp\htdocs\n-web-framework\index.php(33): Router->run()
#3 {main}
  thrown in D:\xampp\htdocs\n-web-framework\app\Controllers\admin\PagesController.php on line 13
[30-Jan-2024 09:42:34 Europe/Berlin] PHP Fatal error:  Uncaught Error: Call to undefined method Sessions::requireLogin() in D:\xampp\htdocs\n-web-framework\app\Controllers\admin\PagesController.php:13
Stack trace:
#0 D:\xampp\htdocs\n-web-framework\app\Core\Router.php(136): PagesController->__construct()
#1 D:\xampp\htdocs\n-web-framework\app\Core\Router.php(93): Router->loadController()
#2 D:\xampp\htdocs\n-web-framework\index.php(33): Router->run()
#3 {main}
  thrown in D:\xampp\htdocs\n-web-framework\app\Controllers\admin\PagesController.php on line 13
[30-Jan-2024 09:42:38 Europe/Berlin] PHP Fatal error:  Uncaught Error: Call to undefined method Sessions::requireLogin() in D:\xampp\htdocs\n-web-framework\app\Controllers\admin\PagesController.php:13
Stack trace:
#0 D:\xampp\htdocs\n-web-framework\app\Core\Router.php(136): PagesController->__construct()
#1 D:\xampp\htdocs\n-web-framework\app\Core\Router.php(93): Router->loadController()
#2 D:\xampp\htdocs\n-web-framework\index.php(33): Router->run()
#3 {main}
  thrown in D:\xampp\htdocs\n-web-framework\app\Controllers\admin\PagesController.php on line 13
[30-Jan-2024 09:51:42 Europe/Berlin] PHP Fatal error:  Uncaught Error: Call to undefined method Sessions::requireLogin() in D:\xampp\htdocs\n-web-framework\app\Controllers\admin\PagesController.php:13
Stack trace:
#0 D:\xampp\htdocs\n-web-framework\app\Core\Router.php(136): PagesController->__construct()
#1 D:\xampp\htdocs\n-web-framework\app\Core\Router.php(93): Router->loadController()
#2 D:\xampp\htdocs\n-web-framework\index.php(33): Router->run()
#3 {main}
  thrown in D:\xampp\htdocs\n-web-framework\app\Controllers\admin\PagesController.php on line 13
[30-Jan-2024 09:56:47 Europe/Berlin] PHP Fatal error:  Uncaught Error: Call to undefined method Sessions::requireLogin() in D:\xampp\htdocs\n-web-framework\app\Controllers\admin\PagesController.php:13
Stack trace:
#0 D:\xampp\htdocs\n-web-framework\app\Core\Router.php(136): PagesController->__construct()
#1 D:\xampp\htdocs\n-web-framework\app\Core\Router.php(93): Router->loadController()
#2 D:\xampp\htdocs\n-web-framework\index.php(33): Router->run()
#3 {main}
  thrown in D:\xampp\htdocs\n-web-framework\app\Controllers\admin\PagesController.php on line 13
[30-Jan-2024 10:02:41 Europe/Berlin] PHP Fatal error:  Uncaught Error: Call to undefined method Sessions::requireLogin() in D:\xampp\htdocs\n-web-framework\app\Controllers\admin\PagesController.php:13
Stack trace:
#0 D:\xampp\htdocs\n-web-framework\app\Core\Router.php(136): PagesController->__construct()
#1 D:\xampp\htdocs\n-web-framework\app\Core\Router.php(93): Router->loadController()
#2 D:\xampp\htdocs\n-web-framework\index.php(33): Router->run()
#3 {main}
  thrown in D:\xampp\htdocs\n-web-framework\app\Controllers\admin\PagesController.php on line 13
[30-Jan-2024 10:04:41 Europe/Berlin] PHP Fatal error:  Uncaught Error: Call to undefined method Sessions::requireLogin() in D:\xampp\htdocs\n-web-framework\app\Controllers\admin\PagesController.php:13
Stack trace:
#0 D:\xampp\htdocs\n-web-framework\app\Core\Router.php(136): PagesController->__construct()
#1 D:\xampp\htdocs\n-web-framework\app\Core\Router.php(93): Router->loadController()
#2 D:\xampp\htdocs\n-web-framework\index.php(33): Router->run()
#3 {main}
  thrown in D:\xampp\htdocs\n-web-framework\app\Controllers\admin\PagesController.php on line 13
[30-Jan-2024 10:04:51 Europe/Berlin] PHP Fatal error:  Uncaught Error: Call to undefined method Sessions::requireLogin() in D:\xampp\htdocs\n-web-framework\app\Controllers\admin\UsersController.php:13
Stack trace:
#0 D:\xampp\htdocs\n-web-framework\app\Core\Router.php(136): UsersController->__construct()
#1 D:\xampp\htdocs\n-web-framework\app\Core\Router.php(93): Router->loadController()
#2 D:\xampp\htdocs\n-web-framework\index.php(33): Router->run()
#3 {main}
  thrown in D:\xampp\htdocs\n-web-framework\app\Controllers\admin\UsersController.php on line 13
[30-Jan-2024 10:17:55 Europe/Berlin] PHP Fatal error:  Uncaught Error: Call to undefined method Sessions::requireLogin() in D:\xampp\htdocs\n-web-framework\app\Controllers\admin\EventsController.php:12
Stack trace:
#0 D:\xampp\htdocs\n-web-framework\app\Core\Router.php(136): EventsController->__construct()
#1 D:\xampp\htdocs\n-web-framework\app\Core\Router.php(93): Router->loadController()
#2 D:\xampp\htdocs\n-web-framework\index.php(33): Router->run()
#3 {main}
  thrown in D:\xampp\htdocs\n-web-framework\app\Controllers\admin\EventsController.php on line 12
[30-Jan-2024 10:18:38 Europe/Berlin] PHP Fatal error:  Uncaught Error: Call to undefined method Sessions::requireLogin() in D:\xampp\htdocs\n-web-framework\app\Controllers\admin\FilesController.php:13
Stack trace:
#0 D:\xampp\htdocs\n-web-framework\app\Core\Router.php(136): FilesController->__construct()
#1 D:\xampp\htdocs\n-web-framework\app\Core\Router.php(93): Router->loadController()
#2 D:\xampp\htdocs\n-web-framework\index.php(33): Router->run()
#3 {main}
  thrown in D:\xampp\htdocs\n-web-framework\app\Controllers\admin\FilesController.php on line 13
[30-Jan-2024 10:19:11 Europe/Berlin] PHP Fatal error:  Uncaught Error: Call to undefined method Sessions::requireLogin() in D:\xampp\htdocs\n-web-framework\app\Controllers\admin\InvoicesController.php:12
Stack trace:
#0 D:\xampp\htdocs\n-web-framework\app\Core\Router.php(136): InvoicesController->__construct()
#1 D:\xampp\htdocs\n-web-framework\app\Core\Router.php(93): Router->loadController()
#2 D:\xampp\htdocs\n-web-framework\index.php(33): Router->run()
#3 {main}
  thrown in D:\xampp\htdocs\n-web-framework\app\Controllers\admin\InvoicesController.php on line 12
[30-Jan-2024 10:19:26 Europe/Berlin] PHP Fatal error:  Uncaught Error: Call to undefined method Sessions::requireLogin() in D:\xampp\htdocs\n-web-framework\app\Controllers\admin\LanguagesController.php:12
Stack trace:
#0 D:\xampp\htdocs\n-web-framework\app\Core\Router.php(136): LanguagesController->__construct()
#1 D:\xampp\htdocs\n-web-framework\app\Core\Router.php(93): Router->loadController()
#2 D:\xampp\htdocs\n-web-framework\index.php(33): Router->run()
#3 {main}
  thrown in D:\xampp\htdocs\n-web-framework\app\Controllers\admin\LanguagesController.php on line 12
[30-Jan-2024 10:20:07 Europe/Berlin] PHP Fatal error:  Uncaught Error: Call to undefined method Sessions::requireLogin() in D:\xampp\htdocs\n-web-framework\app\Controllers\admin\SettingsController.php:13
Stack trace:
#0 D:\xampp\htdocs\n-web-framework\app\Core\Router.php(136): SettingsController->__construct()
#1 D:\xampp\htdocs\n-web-framework\app\Core\Router.php(93): Router->loadController()
#2 D:\xampp\htdocs\n-web-framework\index.php(33): Router->run()
#3 {main}
  thrown in D:\xampp\htdocs\n-web-framework\app\Controllers\admin\SettingsController.php on line 13
[30-Jan-2024 11:07:22 Europe/Berlin] PHP Fatal error:  Uncaught Error: Class "Database" not found in D:\xampp\htdocs\n-web-framework\app\Core\Model.php:3
Stack trace:
#0 D:\xampp\htdocs\n-web-framework\index.php(27): require_once()
#1 {main}
  thrown in D:\xampp\htdocs\n-web-framework\app\Core\Model.php on line 3
[30-Jan-2024 11:08:47 Europe/Berlin] PHP Fatal error:  Uncaught Error: Class "Database" not found in D:\xampp\htdocs\n-web-framework\app\Core\Model.php:3
Stack trace:
#0 D:\xampp\htdocs\n-web-framework\index.php(27): require_once()
#1 {main}
  thrown in D:\xampp\htdocs\n-web-framework\app\Core\Model.php on line 3
[30-Jan-2024 11:09:09 Europe/Berlin] PHP Fatal error:  Uncaught Error: Class "Database" not found in D:\xampp\htdocs\n-web-framework\app\Core\Model.php:3
Stack trace:
#0 D:\xampp\htdocs\n-web-framework\index.php(27): require_once()
#1 {main}
  thrown in D:\xampp\htdocs\n-web-framework\app\Core\Model.php on line 3
[30-Jan-2024 11:11:57 Europe/Berlin] PHP Fatal error:  Uncaught Error: Class "Database" not found in D:\xampp\htdocs\n-web-framework\app\Core\Model.php:3
Stack trace:
#0 D:\xampp\htdocs\n-web-framework\index.php(27): require_once()
#1 {main}
  thrown in D:\xampp\htdocs\n-web-framework\app\Core\Model.php on line 3
[30-Jan-2024 11:12:08 Europe/Berlin] PHP Fatal error:  Uncaught Error: Class "Database" not found in D:\xampp\htdocs\n-web-framework\app\Core\Model.php:3
Stack trace:
#0 D:\xampp\htdocs\n-web-framework\index.php(27): require_once()
#1 {main}
  thrown in D:\xampp\htdocs\n-web-framework\app\Core\Model.php on line 3
[30-Jan-2024 11:12:28 Europe/Berlin] PHP Fatal error:  Uncaught Error: Class "Database" not found in D:\xampp\htdocs\n-web-framework\app\Core\Model.php:3
Stack trace:
#0 D:\xampp\htdocs\n-web-framework\index.php(29): require_once()
#1 {main}
  thrown in D:\xampp\htdocs\n-web-framework\app\Core\Model.php on line 3
[30-Jan-2024 11:12:32 Europe/Berlin] PHP Fatal error:  Uncaught Error: Class "Database" not found in D:\xampp\htdocs\n-web-framework\app\Core\Model.php:3
Stack trace:
#0 D:\xampp\htdocs\n-web-framework\index.php(29): require_once()
#1 {main}
  thrown in D:\xampp\htdocs\n-web-framework\app\Core\Model.php on line 3
[30-Jan-2024 11:12:34 Europe/Berlin] PHP Fatal error:  Uncaught Error: Class "Database" not found in D:\xampp\htdocs\n-web-framework\app\Core\Model.php:3
Stack trace:
#0 D:\xampp\htdocs\n-web-framework\index.php(29): require_once()
#1 {main}
  thrown in D:\xampp\htdocs\n-web-framework\app\Core\Model.php on line 3
[30-Jan-2024 11:12:34 Europe/Berlin] PHP Fatal error:  Uncaught Error: Class "Database" not found in D:\xampp\htdocs\n-web-framework\app\Core\Model.php:3
Stack trace:
#0 D:\xampp\htdocs\n-web-framework\index.php(29): require_once()
#1 {main}
  thrown in D:\xampp\htdocs\n-web-framework\app\Core\Model.php on line 3
[30-Jan-2024 11:12:55 Europe/Berlin] PHP Fatal error:  Uncaught Error: Class "Database" not found in D:\xampp\htdocs\n-web-framework\app\Core\Model.php:3
Stack trace:
#0 D:\xampp\htdocs\n-web-framework\index.php(29): require_once()
#1 {main}
  thrown in D:\xampp\htdocs\n-web-framework\app\Core\Model.php on line 3
[30-Jan-2024 11:13:52 Europe/Berlin] PHP Fatal error:  Uncaught Error: Class "Model" not found in D:\xampp\htdocs\n-web-framework\app\Models\admin\CategoriesModel.php:3
Stack trace:
#0 D:\xampp\htdocs\n-web-framework\app\Core\Controller.php(18): require_once()
#1 D:\xampp\htdocs\n-web-framework\app\Controllers\admin\CategoriesController.php(12): Controller->loadModel('/admin/Categori...')
#2 D:\xampp\htdocs\n-web-framework\app\Core\Router.php(136): CategoriesController->__construct()
#3 D:\xampp\htdocs\n-web-framework\app\Core\Router.php(93): Router->loadController()
#4 D:\xampp\htdocs\n-web-framework\index.php(36): Router->run()
#5 {main}
  thrown in D:\xampp\htdocs\n-web-framework\app\Models\admin\CategoriesModel.php on line 3
[30-Jan-2024 11:19:48 Europe/Berlin] PHP Fatal error:  Uncaught Error: Typed property CategoriesController::$categoriesModel must not be accessed before initialization in D:\xampp\htdocs\n-web-framework\app\Controllers\admin\CategoriesController.php:21
Stack trace:
#0 D:\xampp\htdocs\n-web-framework\app\Core\Router.php(151): CategoriesController->index()
#1 D:\xampp\htdocs\n-web-framework\app\Core\Router.php(93): Router->loadController()
#2 D:\xampp\htdocs\n-web-framework\index.php(36): Router->run()
#3 {main}
  thrown in D:\xampp\htdocs\n-web-framework\app\Controllers\admin\CategoriesController.php on line 21
[30-Jan-2024 11:20:27 Europe/Berlin] PHP Fatal error:  Uncaught Error: Class "Controller" not found in D:\xampp\htdocs\n-web-framework\app\Controllers\admin\CategoriesController.php:3
Stack trace:
#0 D:\xampp\htdocs\n-web-framework\app\Core\Router.php(130): require_once()
#1 D:\xampp\htdocs\n-web-framework\app\Core\Router.php(93): Router->loadController()
#2 D:\xampp\htdocs\n-web-framework\index.php(36): Router->run()
#3 {main}
  thrown in D:\xampp\htdocs\n-web-framework\app\Controllers\admin\CategoriesController.php on line 3
[30-Jan-2024 11:20:29 Europe/Berlin] PHP Fatal error:  Uncaught Error: Class "Controller" not found in D:\xampp\htdocs\n-web-framework\app\Controllers\admin\CategoriesController.php:3
Stack trace:
#0 D:\xampp\htdocs\n-web-framework\app\Core\Router.php(130): require_once()
#1 D:\xampp\htdocs\n-web-framework\app\Core\Router.php(93): Router->loadController()
#2 D:\xampp\htdocs\n-web-framework\index.php(36): Router->run()
#3 {main}
  thrown in D:\xampp\htdocs\n-web-framework\app\Controllers\admin\CategoriesController.php on line 3
[30-Jan-2024 11:22:01 Europe/Berlin] PHP Fatal error:  Uncaught Error: Class "Router" not found in D:\xampp\htdocs\n-web-framework\index.php:35
Stack trace:
#0 {main}
  thrown in D:\xampp\htdocs\n-web-framework\index.php on line 35
[30-Jan-2024 11:23:19 Europe/Berlin] PHP Fatal error:  Uncaught Error: Class "Router" not found in D:\xampp\htdocs\n-web-framework\index.php:35
Stack trace:
#0 {main}
  thrown in D:\xampp\htdocs\n-web-framework\index.php on line 35
[30-Jan-2024 11:23:46 Europe/Berlin] PHP Fatal error:  Uncaught Error: Class "Router" not found in D:\xampp\htdocs\n-web-framework\index.php:35
Stack trace:
#0 {main}
  thrown in D:\xampp\htdocs\n-web-framework\index.php on line 35
[30-Jan-2024 11:24:10 Europe/Berlin] PHP Fatal error:  Uncaught Error: Class "Router" not found in D:\xampp\htdocs\n-web-framework\index.php:35
Stack trace:
#0 {main}
  thrown in D:\xampp\htdocs\n-web-framework\index.php on line 35
[30-Jan-2024 11:24:29 Europe/Berlin] PHP Fatal error:  Uncaught Error: Class "Router" not found in D:\xampp\htdocs\n-web-framework\index.php:35
Stack trace:
#0 {main}
  thrown in D:\xampp\htdocs\n-web-framework\index.php on line 35
[30-Jan-2024 11:25:55 Europe/Berlin] PHP Fatal error:  Uncaught Error: Class "Router" not found in D:\xampp\htdocs\n-web-framework\index.php:37
Stack trace:
#0 {main}
  thrown in D:\xampp\htdocs\n-web-framework\index.php on line 37
[30-Jan-2024 11:26:18 Europe/Berlin] PHP Fatal error:  Uncaught Error: Class "Router" not found in D:\xampp\htdocs\n-web-framework\index.php:37
Stack trace:
#0 {main}
  thrown in D:\xampp\htdocs\n-web-framework\index.php on line 37
[30-Jan-2024 11:26:31 Europe/Berlin] PHP Fatal error:  Uncaught Error: Class "Router" not found in D:\xampp\htdocs\n-web-framework\app\Routes\admin_routes.php:3
Stack trace:
#0 D:\xampp\htdocs\n-web-framework\app\Core\Router.php(66): require_once()
#1 D:\xampp\htdocs\n-web-framework\index.php(38): App\Core\Router->run()
#2 {main}
  thrown in D:\xampp\htdocs\n-web-framework\app\Routes\admin_routes.php on line 3
[30-Jan-2024 11:27:59 Europe/Berlin] PHP Fatal error:  Uncaught Error: Class "Router" not found in D:\xampp\htdocs\n-web-framework\app\Routes\admin_routes.php:3
Stack trace:
#0 D:\xampp\htdocs\n-web-framework\app\Core\Router.php(66): require_once()
#1 D:\xampp\htdocs\n-web-framework\index.php(38): App\Core\Router->run()
#2 {main}
  thrown in D:\xampp\htdocs\n-web-framework\app\Routes\admin_routes.php on line 3
[30-Jan-2024 11:28:44 Europe/Berlin] PHP Fatal error:  Uncaught Error: Class "Router" not found in D:\xampp\htdocs\n-web-framework\app\Routes\admin_routes.php:3
Stack trace:
#0 D:\xampp\htdocs\n-web-framework\app\Core\Router.php(66): require_once()
#1 D:\xampp\htdocs\n-web-framework\index.php(38): App\Core\Router->run()
#2 {main}
  thrown in D:\xampp\htdocs\n-web-framework\app\Routes\admin_routes.php on line 3
[30-Jan-2024 11:29:51 Europe/Berlin] PHP Fatal error:  Uncaught Error: Class "Router" not found in D:\xampp\htdocs\n-web-framework\app\Routes\admin_routes.php:3
Stack trace:
#0 D:\xampp\htdocs\n-web-framework\app\Core\Router.php(66): require_once()
#1 D:\xampp\htdocs\n-web-framework\index.php(38): App\Core\Router->run()
#2 {main}
  thrown in D:\xampp\htdocs\n-web-framework\app\Routes\admin_routes.php on line 3
[30-Jan-2024 11:30:16 Europe/Berlin] PHP Fatal error:  Uncaught Error: Class "Router" not found in D:\xampp\htdocs\n-web-framework\app\Routes\admin_routes.php:3
Stack trace:
#0 D:\xampp\htdocs\n-web-framework\app\Core\Router.php(66): require_once()
#1 D:\xampp\htdocs\n-web-framework\index.php(38): App\Core\Router->run()
#2 {main}
  thrown in D:\xampp\htdocs\n-web-framework\app\Routes\admin_routes.php on line 3
[30-Jan-2024 11:30:39 Europe/Berlin] PHP Fatal error:  Uncaught Error: Class "Router" not found in D:\xampp\htdocs\n-web-framework\app\Routes\admin_routes.php:3
Stack trace:
#0 D:\xampp\htdocs\n-web-framework\app\Core\Router.php(66): require_once()
#1 D:\xampp\htdocs\n-web-framework\index.php(38): App\Core\Router->run()
#2 {main}
  thrown in D:\xampp\htdocs\n-web-framework\app\Routes\admin_routes.php on line 3
[30-Jan-2024 11:30:50 Europe/Berlin] PHP Fatal error:  Uncaught Error: Class "Router" not found in D:\xampp\htdocs\n-web-framework\app\Routes\admin_routes.php:3
Stack trace:
#0 D:\xampp\htdocs\n-web-framework\app\Core\Router.php(66): require_once()
#1 D:\xampp\htdocs\n-web-framework\index.php(38): App\Core\Router->run()
#2 {main}
  thrown in D:\xampp\htdocs\n-web-framework\app\Routes\admin_routes.php on line 3
[30-Jan-2024 11:31:33 Europe/Berlin] PHP Fatal error:  Uncaught Error: Class "Router" not found in D:\xampp\htdocs\n-web-framework\app\Routes\admin_routes.php:3
Stack trace:
#0 D:\xampp\htdocs\n-web-framework\app\Core\Router.php(66): require_once()
#1 D:\xampp\htdocs\n-web-framework\index.php(38): App\Core\Router->run()
#2 {main}
  thrown in D:\xampp\htdocs\n-web-framework\app\Routes\admin_routes.php on line 3
[30-Jan-2024 11:31:36 Europe/Berlin] PHP Fatal error:  Uncaught Error: Class "Router" not found in D:\xampp\htdocs\n-web-framework\app\Routes\admin_routes.php:3
Stack trace:
#0 D:\xampp\htdocs\n-web-framework\app\Core\Router.php(66): require_once()
#1 D:\xampp\htdocs\n-web-framework\index.php(38): App\Core\Router->run()
#2 {main}
  thrown in D:\xampp\htdocs\n-web-framework\app\Routes\admin_routes.php on line 3
[30-Jan-2024 11:31:44 Europe/Berlin] PHP Fatal error:  Uncaught Error: Class "Router" not found in D:\xampp\htdocs\n-web-framework\app\Routes\admin_routes.php:3
Stack trace:
#0 D:\xampp\htdocs\n-web-framework\app\Core\Router.php(66): require_once()
#1 D:\xampp\htdocs\n-web-framework\index.php(38): App\Core\Router->run()
#2 {main}
  thrown in D:\xampp\htdocs\n-web-framework\app\Routes\admin_routes.php on line 3
[30-Jan-2024 11:32:59 Europe/Berlin] PHP Parse error:  syntax error, unexpected token "class", expecting "{" in D:\xampp\htdocs\n-web-framework\app\common\Sessions.php on line 5
[30-Jan-2024 11:33:08 Europe/Berlin] PHP Fatal error:  Uncaught Error: Class "Router" not found in D:\xampp\htdocs\n-web-framework\app\Routes\admin_routes.php:3
Stack trace:
#0 D:\xampp\htdocs\n-web-framework\app\Core\Router.php(66): require_once()
#1 D:\xampp\htdocs\n-web-framework\index.php(38): App\Core\Router->run()
#2 {main}
  thrown in D:\xampp\htdocs\n-web-framework\app\Routes\admin_routes.php on line 3
[30-Jan-2024 11:33:41 Europe/Berlin] PHP Fatal error:  Uncaught Error: Class "Router" not found in D:\xampp\htdocs\n-web-framework\app\Routes\admin_routes.php:3
Stack trace:
#0 D:\xampp\htdocs\n-web-framework\app\Core\Router.php(66): require_once()
#1 D:\xampp\htdocs\n-web-framework\index.php(38): App\Core\Router->run()
#2 {main}
  thrown in D:\xampp\htdocs\n-web-framework\app\Routes\admin_routes.php on line 3
[30-Jan-2024 11:33:55 Europe/Berlin] PHP Fatal error:  Uncaught Error: Class "Router" not found in D:\xampp\htdocs\n-web-framework\app\Routes\admin_routes.php:3
Stack trace:
#0 D:\xampp\htdocs\n-web-framework\app\Core\Router.php(66): require_once()
#1 D:\xampp\htdocs\n-web-framework\index.php(38): App\Core\Router->run()
#2 {main}
  thrown in D:\xampp\htdocs\n-web-framework\app\Routes\admin_routes.php on line 3
[30-Jan-2024 11:34:34 Europe/Berlin] PHP Fatal error:  Uncaught Error: Class "Router" not found in D:\xampp\htdocs\n-web-framework\app\Routes\admin_routes.php:3
Stack trace:
#0 D:\xampp\htdocs\n-web-framework\app\Core\Router.php(66): require_once()
#1 D:\xampp\htdocs\n-web-framework\index.php(38): App\Core\Router->run()
#2 {main}
  thrown in D:\xampp\htdocs\n-web-framework\app\Routes\admin_routes.php on line 3
[30-Jan-2024 11:34:52 Europe/Berlin] PHP Fatal error:  Uncaught Error: Class "Router" not found in D:\xampp\htdocs\n-web-framework\app\routes\admin_routes.php:3
Stack trace:
#0 D:\xampp\htdocs\n-web-framework\app\Core\Router.php(66): require_once()
#1 D:\xampp\htdocs\n-web-framework\index.php(38): App\Core\Router->run()
#2 {main}
  thrown in D:\xampp\htdocs\n-web-framework\app\routes\admin_routes.php on line 3
[30-Jan-2024 11:34:58 Europe/Berlin] PHP Fatal error:  Uncaught Error: Class "Router" not found in D:\xampp\htdocs\n-web-framework\app\routes\admin_routes.php:3
Stack trace:
#0 D:\xampp\htdocs\n-web-framework\app\Core\Router.php(66): require_once()
#1 D:\xampp\htdocs\n-web-framework\index.php(38): App\Core\Router->run()
#2 {main}
  thrown in D:\xampp\htdocs\n-web-framework\app\routes\admin_routes.php on line 3
[30-Jan-2024 11:35:35 Europe/Berlin] PHP Fatal error:  Uncaught Error: Class "Router" not found in D:\xampp\htdocs\n-web-framework\app\routes\admin_routes.php:3
Stack trace:
#0 D:\xampp\htdocs\n-web-framework\app\Core\Router.php(66): require_once()
#1 D:\xampp\htdocs\n-web-framework\index.php(38): App\Core\Router->run()
#2 {main}
  thrown in D:\xampp\htdocs\n-web-framework\app\routes\admin_routes.php on line 3
[30-Jan-2024 11:35:49 Europe/Berlin] PHP Fatal error:  Uncaught Error: Class "Router" not found in D:\xampp\htdocs\n-web-framework\app\routes\admin_routes.php:3
Stack trace:
#0 D:\xampp\htdocs\n-web-framework\app\Core\Router.php(66): require_once()
#1 D:\xampp\htdocs\n-web-framework\index.php(38): App\Core\Router->run()
#2 {main}
  thrown in D:\xampp\htdocs\n-web-framework\app\routes\admin_routes.php on line 3
[30-Jan-2024 11:36:12 Europe/Berlin] PHP Fatal error:  Uncaught Error: Class "Router" not found in D:\xampp\htdocs\n-web-framework\app\routes\admin_routes.php:3
Stack trace:
#0 D:\xampp\htdocs\n-web-framework\app\Core\Router.php(66): require_once()
#1 D:\xampp\htdocs\n-web-framework\index.php(38): App\Core\Router->run()
#2 {main}
  thrown in D:\xampp\htdocs\n-web-framework\app\routes\admin_routes.php on line 3
[30-Jan-2024 11:36:15 Europe/Berlin] PHP Fatal error:  Uncaught Error: Class "Router" not found in D:\xampp\htdocs\n-web-framework\app\routes\admin_routes.php:3
Stack trace:
#0 D:\xampp\htdocs\n-web-framework\app\Core\Router.php(66): require_once()
#1 D:\xampp\htdocs\n-web-framework\index.php(38): App\Core\Router->run()
#2 {main}
  thrown in D:\xampp\htdocs\n-web-framework\app\routes\admin_routes.php on line 3
[30-Jan-2024 11:39:28 Europe/Berlin] PHP Fatal error:  Uncaught Error: Class "Router" not found in D:\xampp\htdocs\n-web-framework\app\routes\login_routes.php:3
Stack trace:
#0 D:\xampp\htdocs\n-web-framework\app\Core\Router.php(66): require_once()
#1 D:\xampp\htdocs\n-web-framework\index.php(38): App\Core\Router->run()
#2 {main}
  thrown in D:\xampp\htdocs\n-web-framework\app\routes\login_routes.php on line 3
[30-Jan-2024 11:39:53 Europe/Berlin] PHP Fatal error:  Uncaught Error: Class "Router" not found in D:\xampp\htdocs\n-web-framework\app\routes\login_routes.php:3
Stack trace:
#0 D:\xampp\htdocs\n-web-framework\app\Core\Router.php(66): require_once()
#1 D:\xampp\htdocs\n-web-framework\index.php(38): App\Core\Router->run()
#2 {main}
  thrown in D:\xampp\htdocs\n-web-framework\app\routes\login_routes.php on line 3
[30-Jan-2024 11:40:18 Europe/Berlin] PHP Fatal error:  Uncaught Error: Class "Router" not found in D:\xampp\htdocs\n-web-framework\app\routes\public_routes.php:3
Stack trace:
#0 D:\xampp\htdocs\n-web-framework\app\Core\Router.php(66): require_once()
#1 D:\xampp\htdocs\n-web-framework\index.php(38): App\Core\Router->run()
#2 {main}
  thrown in D:\xampp\htdocs\n-web-framework\app\routes\public_routes.php on line 3
[30-Jan-2024 11:40:29 Europe/Berlin] PHP Fatal error:  Uncaught Error: Class "Router" not found in D:\xampp\htdocs\n-web-framework\app\routes\test_routes.php:3
Stack trace:
#0 D:\xampp\htdocs\n-web-framework\app\Core\Router.php(66): require_once()
#1 D:\xampp\htdocs\n-web-framework\index.php(38): App\Core\Router->run()
#2 {main}
  thrown in D:\xampp\htdocs\n-web-framework\app\routes\test_routes.php on line 3
[30-Jan-2024 11:57:12 Europe/Berlin] PHP Parse error:  syntax error, unexpected token ";" in D:\xampp\htdocs\n-web-framework\app\Core\Router.php on line 141
[30-Jan-2024 11:57:21 Europe/Berlin] PHP Parse error:  syntax error, unexpected token ";" in D:\xampp\htdocs\n-web-framework\app\Core\Router.php on line 141
[30-Jan-2024 11:57:34 Europe/Berlin] PHP Fatal error:  Uncaught Error: Class "CategoriesController" not found in D:\xampp\htdocs\n-web-framework\app\Core\Router.php:141
Stack trace:
#0 D:\xampp\htdocs\n-web-framework\app\Core\Router.php(97): App\Core\Router->loadController()
#1 D:\xampp\htdocs\n-web-framework\index.php(38): App\Core\Router->run()
#2 {main}
  thrown in D:\xampp\htdocs\n-web-framework\app\Core\Router.php on line 141
[30-Jan-2024 11:59:03 Europe/Berlin] PHP Fatal error:  Uncaught Error: Typed property App\Controllers\CategoriesController::$categoriesModel must not be accessed before initialization in D:\xampp\htdocs\n-web-framework\app\Controllers\admin\CategoriesController.php:29
Stack trace:
#0 [internal function]: App\Controllers\CategoriesController->index()
#1 D:\xampp\htdocs\n-web-framework\app\Core\Router.php(157): call_user_func(Array)
#2 D:\xampp\htdocs\n-web-framework\app\Core\Router.php(97): App\Core\Router->loadController()
#3 D:\xampp\htdocs\n-web-framework\index.php(38): App\Core\Router->run()
#4 {main}
  thrown in D:\xampp\htdocs\n-web-framework\app\Controllers\admin\CategoriesController.php on line 29
[30-Jan-2024 11:59:32 Europe/Berlin] PHP Fatal error:  Uncaught Error: Class "Controller" not found in D:\xampp\htdocs\n-web-framework\app\Controllers\LoginController.php:3
Stack trace:
#0 D:\xampp\htdocs\n-web-framework\app\Core\Router.php(134): require_once()
#1 D:\xampp\htdocs\n-web-framework\app\Core\Router.php(97): App\Core\Router->loadController()
#2 D:\xampp\htdocs\n-web-framework\index.php(38): App\Core\Router->run()
#3 {main}
  thrown in D:\xampp\htdocs\n-web-framework\app\Controllers\LoginController.php on line 3
[30-Jan-2024 11:59:37 Europe/Berlin] PHP Fatal error:  Uncaught Error: Class "Controller" not found in D:\xampp\htdocs\n-web-framework\app\Controllers\admin\AdminController.php:3
Stack trace:
#0 D:\xampp\htdocs\n-web-framework\app\Core\Router.php(134): require_once()
#1 D:\xampp\htdocs\n-web-framework\app\Core\Router.php(97): App\Core\Router->loadController()
#2 D:\xampp\htdocs\n-web-framework\index.php(38): App\Core\Router->run()
#3 {main}
  thrown in D:\xampp\htdocs\n-web-framework\app\Controllers\admin\AdminController.php on line 3
[30-Jan-2024 11:59:38 Europe/Berlin] PHP Fatal error:  Uncaught Error: Class "Controller" not found in D:\xampp\htdocs\n-web-framework\app\Controllers\LoginController.php:3
Stack trace:
#0 D:\xampp\htdocs\n-web-framework\app\Core\Router.php(134): require_once()
#1 D:\xampp\htdocs\n-web-framework\app\Core\Router.php(97): App\Core\Router->loadController()
#2 D:\xampp\htdocs\n-web-framework\index.php(38): App\Core\Router->run()
#3 {main}
  thrown in D:\xampp\htdocs\n-web-framework\app\Controllers\LoginController.php on line 3
[30-Jan-2024 11:59:39 Europe/Berlin] PHP Fatal error:  Uncaught Error: Class "Controller" not found in D:\xampp\htdocs\n-web-framework\app\Controllers\admin\AdminController.php:3
Stack trace:
#0 D:\xampp\htdocs\n-web-framework\app\Core\Router.php(134): require_once()
#1 D:\xampp\htdocs\n-web-framework\app\Core\Router.php(97): App\Core\Router->loadController()
#2 D:\xampp\htdocs\n-web-framework\index.php(38): App\Core\Router->run()
#3 {main}
  thrown in D:\xampp\htdocs\n-web-framework\app\Controllers\admin\AdminController.php on line 3
[30-Jan-2024 11:59:40 Europe/Berlin] PHP Fatal error:  Uncaught Error: Class "Controller" not found in D:\xampp\htdocs\n-web-framework\app\Controllers\LoginController.php:3
Stack trace:
#0 D:\xampp\htdocs\n-web-framework\app\Core\Router.php(134): require_once()
#1 D:\xampp\htdocs\n-web-framework\app\Core\Router.php(97): App\Core\Router->loadController()
#2 D:\xampp\htdocs\n-web-framework\index.php(38): App\Core\Router->run()
#3 {main}
  thrown in D:\xampp\htdocs\n-web-framework\app\Controllers\LoginController.php on line 3
[30-Jan-2024 12:37:40 Europe/Berlin] PHP Fatal error:  Uncaught Error: Class "Controller" not found in D:\xampp\htdocs\n-web-framework\app\Controllers\LoginController.php:3
Stack trace:
#0 D:\xampp\htdocs\n-web-framework\app\Core\Router.php(134): require_once()
#1 D:\xampp\htdocs\n-web-framework\app\Core\Router.php(97): App\Core\Router->loadController()
#2 D:\xampp\htdocs\n-web-framework\index.php(38): App\Core\Router->run()
#3 {main}
  thrown in D:\xampp\htdocs\n-web-framework\app\Controllers\LoginController.php on line 3
[30-Jan-2024 12:39:39 Europe/Berlin] PHP Fatal error:  Uncaught Error: Class "Controller" not found in D:\xampp\htdocs\n-web-framework\app\Controllers\LoginController.php:3
Stack trace:
#0 D:\xampp\htdocs\n-web-framework\app\Core\Router.php(134): require_once()
#1 D:\xampp\htdocs\n-web-framework\app\Core\Router.php(97): App\Core\Router->loadController()
#2 D:\xampp\htdocs\n-web-framework\index.php(38): App\Core\Router->run()
#3 {main}
  thrown in D:\xampp\htdocs\n-web-framework\app\Controllers\LoginController.php on line 3
[30-Jan-2024 12:39:47 Europe/Berlin] PHP Fatal error:  Uncaught Error: Class "Controller" not found in D:\xampp\htdocs\n-web-framework\app\Controllers\LoginController.php:3
Stack trace:
#0 D:\xampp\htdocs\n-web-framework\app\Core\Router.php(134): require_once()
#1 D:\xampp\htdocs\n-web-framework\app\Core\Router.php(97): App\Core\Router->loadController()
#2 D:\xampp\htdocs\n-web-framework\index.php(38): App\Core\Router->run()
#3 {main}
  thrown in D:\xampp\htdocs\n-web-framework\app\Controllers\LoginController.php on line 3
[30-Jan-2024 12:40:07 Europe/Berlin] PHP Fatal error:  Uncaught Error: Class "Controller" not found in D:\xampp\htdocs\n-web-framework\app\Controllers\LoginController.php:3
Stack trace:
#0 D:\xampp\htdocs\n-web-framework\app\Core\Router.php(134): require_once()
#1 D:\xampp\htdocs\n-web-framework\app\Core\Router.php(97): App\Core\Router->loadController()
#2 D:\xampp\htdocs\n-web-framework\index.php(38): App\Core\Router->run()
#3 {main}
  thrown in D:\xampp\htdocs\n-web-framework\app\Controllers\LoginController.php on line 3
[30-Jan-2024 12:44:47 Europe/Berlin] PHP Fatal error:  Uncaught Error: Typed property App\Controllers\LoginController::$loginModel must not be accessed before initialization in D:\xampp\htdocs\n-web-framework\app\Controllers\LoginController.php:70
Stack trace:
#0 [internal function]: App\Controllers\LoginController->login_validate()
#1 D:\xampp\htdocs\n-web-framework\app\Core\Router.php(157): call_user_func(Array)
#2 D:\xampp\htdocs\n-web-framework\app\Core\Router.php(97): App\Core\Router->loadController()
#3 D:\xampp\htdocs\n-web-framework\index.php(38): App\Core\Router->run()
#4 {main}
  thrown in D:\xampp\htdocs\n-web-framework\app\Controllers\LoginController.php on line 70
[30-Jan-2024 12:46:54 Europe/Berlin] PHP Fatal error:  Uncaught Error: Typed property App\Controllers\LoginController::$loginModel must not be accessed before initialization in D:\xampp\htdocs\n-web-framework\app\Controllers\LoginController.php:70
Stack trace:
#0 [internal function]: App\Controllers\LoginController->login_validate()
#1 D:\xampp\htdocs\n-web-framework\app\Core\Router.php(157): call_user_func(Array)
#2 D:\xampp\htdocs\n-web-framework\app\Core\Router.php(97): App\Core\Router->loadController()
#3 D:\xampp\htdocs\n-web-framework\index.php(38): App\Core\Router->run()
#4 {main}
  thrown in D:\xampp\htdocs\n-web-framework\app\Controllers\LoginController.php on line 70
[30-Jan-2024 12:46:55 Europe/Berlin] PHP Fatal error:  Uncaught Error: Typed property App\Controllers\LoginController::$loginModel must not be accessed before initialization in D:\xampp\htdocs\n-web-framework\app\Controllers\LoginController.php:70
Stack trace:
#0 [internal function]: App\Controllers\LoginController->login_validate()
#1 D:\xampp\htdocs\n-web-framework\app\Core\Router.php(157): call_user_func(Array)
#2 D:\xampp\htdocs\n-web-framework\app\Core\Router.php(97): App\Core\Router->loadController()
#3 D:\xampp\htdocs\n-web-framework\index.php(38): App\Core\Router->run()
#4 {main}
  thrown in D:\xampp\htdocs\n-web-framework\app\Controllers\LoginController.php on line 70
[30-Jan-2024 12:46:55 Europe/Berlin] PHP Fatal error:  Uncaught Error: Typed property App\Controllers\LoginController::$loginModel must not be accessed before initialization in D:\xampp\htdocs\n-web-framework\app\Controllers\LoginController.php:70
Stack trace:
#0 [internal function]: App\Controllers\LoginController->login_validate()
#1 D:\xampp\htdocs\n-web-framework\app\Core\Router.php(157): call_user_func(Array)
#2 D:\xampp\htdocs\n-web-framework\app\Core\Router.php(97): App\Core\Router->loadController()
#3 D:\xampp\htdocs\n-web-framework\index.php(38): App\Core\Router->run()
#4 {main}
  thrown in D:\xampp\htdocs\n-web-framework\app\Controllers\LoginController.php on line 70
[30-Jan-2024 12:46:56 Europe/Berlin] PHP Fatal error:  Uncaught Error: Typed property App\Controllers\LoginController::$loginModel must not be accessed before initialization in D:\xampp\htdocs\n-web-framework\app\Controllers\LoginController.php:70
Stack trace:
#0 [internal function]: App\Controllers\LoginController->login_validate()
#1 D:\xampp\htdocs\n-web-framework\app\Core\Router.php(157): call_user_func(Array)
#2 D:\xampp\htdocs\n-web-framework\app\Core\Router.php(97): App\Core\Router->loadController()
#3 D:\xampp\htdocs\n-web-framework\index.php(38): App\Core\Router->run()
#4 {main}
  thrown in D:\xampp\htdocs\n-web-framework\app\Controllers\LoginController.php on line 70
[30-Jan-2024 12:46:57 Europe/Berlin] PHP Fatal error:  Uncaught Error: Typed property App\Controllers\LoginController::$loginModel must not be accessed before initialization in D:\xampp\htdocs\n-web-framework\app\Controllers\LoginController.php:70
Stack trace:
#0 [internal function]: App\Controllers\LoginController->login_validate()
#1 D:\xampp\htdocs\n-web-framework\app\Core\Router.php(157): call_user_func(Array)
#2 D:\xampp\htdocs\n-web-framework\app\Core\Router.php(97): App\Core\Router->loadController()
#3 D:\xampp\htdocs\n-web-framework\index.php(38): App\Core\Router->run()
#4 {main}
  thrown in D:\xampp\htdocs\n-web-framework\app\Controllers\LoginController.php on line 70
[30-Jan-2024 12:46:58 Europe/Berlin] PHP Fatal error:  Uncaught Error: Typed property App\Controllers\LoginController::$loginModel must not be accessed before initialization in D:\xampp\htdocs\n-web-framework\app\Controllers\LoginController.php:70
Stack trace:
#0 [internal function]: App\Controllers\LoginController->login_validate()
#1 D:\xampp\htdocs\n-web-framework\app\Core\Router.php(157): call_user_func(Array)
#2 D:\xampp\htdocs\n-web-framework\app\Core\Router.php(97): App\Core\Router->loadController()
#3 D:\xampp\htdocs\n-web-framework\index.php(38): App\Core\Router->run()
#4 {main}
  thrown in D:\xampp\htdocs\n-web-framework\app\Controllers\LoginController.php on line 70
[30-Jan-2024 12:46:59 Europe/Berlin] PHP Fatal error:  Uncaught Error: Typed property App\Controllers\LoginController::$loginModel must not be accessed before initialization in D:\xampp\htdocs\n-web-framework\app\Controllers\LoginController.php:70
Stack trace:
#0 [internal function]: App\Controllers\LoginController->login_validate()
#1 D:\xampp\htdocs\n-web-framework\app\Core\Router.php(157): call_user_func(Array)
#2 D:\xampp\htdocs\n-web-framework\app\Core\Router.php(97): App\Core\Router->loadController()
#3 D:\xampp\htdocs\n-web-framework\index.php(38): App\Core\Router->run()
#4 {main}
  thrown in D:\xampp\htdocs\n-web-framework\app\Controllers\LoginController.php on line 70
[30-Jan-2024 12:47:00 Europe/Berlin] PHP Fatal error:  Uncaught Error: Typed property App\Controllers\LoginController::$loginModel must not be accessed before initialization in D:\xampp\htdocs\n-web-framework\app\Controllers\LoginController.php:70
Stack trace:
#0 [internal function]: App\Controllers\LoginController->login_validate()
#1 D:\xampp\htdocs\n-web-framework\app\Core\Router.php(157): call_user_func(Array)
#2 D:\xampp\htdocs\n-web-framework\app\Core\Router.php(97): App\Core\Router->loadController()
#3 D:\xampp\htdocs\n-web-framework\index.php(38): App\Core\Router->run()
#4 {main}
  thrown in D:\xampp\htdocs\n-web-framework\app\Controllers\LoginController.php on line 70
[30-Jan-2024 12:47:01 Europe/Berlin] PHP Fatal error:  Uncaught Error: Typed property App\Controllers\LoginController::$loginModel must not be accessed before initialization in D:\xampp\htdocs\n-web-framework\app\Controllers\LoginController.php:70
Stack trace:
#0 [internal function]: App\Controllers\LoginController->login_validate()
#1 D:\xampp\htdocs\n-web-framework\app\Core\Router.php(157): call_user_func(Array)
#2 D:\xampp\htdocs\n-web-framework\app\Core\Router.php(97): App\Core\Router->loadController()
#3 D:\xampp\htdocs\n-web-framework\index.php(38): App\Core\Router->run()
#4 {main}
  thrown in D:\xampp\htdocs\n-web-framework\app\Controllers\LoginController.php on line 70
[30-Jan-2024 12:47:02 Europe/Berlin] PHP Fatal error:  Uncaught Error: Typed property App\Controllers\LoginController::$loginModel must not be accessed before initialization in D:\xampp\htdocs\n-web-framework\app\Controllers\LoginController.php:70
Stack trace:
#0 [internal function]: App\Controllers\LoginController->login_validate()
#1 D:\xampp\htdocs\n-web-framework\app\Core\Router.php(157): call_user_func(Array)
#2 D:\xampp\htdocs\n-web-framework\app\Core\Router.php(97): App\Core\Router->loadController()
#3 D:\xampp\htdocs\n-web-framework\index.php(38): App\Core\Router->run()
#4 {main}
  thrown in D:\xampp\htdocs\n-web-framework\app\Controllers\LoginController.php on line 70
[30-Jan-2024 12:47:03 Europe/Berlin] PHP Fatal error:  Uncaught Error: Typed property App\Controllers\LoginController::$loginModel must not be accessed before initialization in D:\xampp\htdocs\n-web-framework\app\Controllers\LoginController.php:70
Stack trace:
#0 [internal function]: App\Controllers\LoginController->login_validate()
#1 D:\xampp\htdocs\n-web-framework\app\Core\Router.php(157): call_user_func(Array)
#2 D:\xampp\htdocs\n-web-framework\app\Core\Router.php(97): App\Core\Router->loadController()
#3 D:\xampp\htdocs\n-web-framework\index.php(38): App\Core\Router->run()
#4 {main}
  thrown in D:\xampp\htdocs\n-web-framework\app\Controllers\LoginController.php on line 70
[30-Jan-2024 12:47:19 Europe/Berlin] PHP Fatal error:  Uncaught Error: Typed property App\Controllers\LoginController::$loginModel must not be accessed before initialization in D:\xampp\htdocs\n-web-framework\app\Controllers\LoginController.php:70
Stack trace:
#0 [internal function]: App\Controllers\LoginController->login_validate()
#1 D:\xampp\htdocs\n-web-framework\app\Core\Router.php(157): call_user_func(Array)
#2 D:\xampp\htdocs\n-web-framework\app\Core\Router.php(97): App\Core\Router->loadController()
#3 D:\xampp\htdocs\n-web-framework\index.php(38): App\Core\Router->run()
#4 {main}
  thrown in D:\xampp\htdocs\n-web-framework\app\Controllers\LoginController.php on line 70
[30-Jan-2024 12:47:33 Europe/Berlin] PHP Fatal error:  Uncaught Error: Typed property App\Controllers\LoginController::$loginModel must not be accessed before initialization in D:\xampp\htdocs\n-web-framework\app\Controllers\LoginController.php:70
Stack trace:
#0 [internal function]: App\Controllers\LoginController->login_validate()
#1 D:\xampp\htdocs\n-web-framework\app\Core\Router.php(157): call_user_func(Array)
#2 D:\xampp\htdocs\n-web-framework\app\Core\Router.php(97): App\Core\Router->loadController()
#3 D:\xampp\htdocs\n-web-framework\index.php(38): App\Core\Router->run()
#4 {main}
  thrown in D:\xampp\htdocs\n-web-framework\app\Controllers\LoginController.php on line 70
[30-Jan-2024 12:49:16 Europe/Berlin] PHP Fatal error:  Uncaught Error: Typed property App\Controllers\LoginController::$loginModel must not be accessed before initialization in D:\xampp\htdocs\n-web-framework\app\Controllers\LoginController.php:70
Stack trace:
#0 [internal function]: App\Controllers\LoginController->login_validate()
#1 D:\xampp\htdocs\n-web-framework\app\Core\Router.php(157): call_user_func(Array)
#2 D:\xampp\htdocs\n-web-framework\app\Core\Router.php(97): App\Core\Router->loadController()
#3 D:\xampp\htdocs\n-web-framework\index.php(38): App\Core\Router->run()
#4 {main}
  thrown in D:\xampp\htdocs\n-web-framework\app\Controllers\LoginController.php on line 70
[30-Jan-2024 12:49:17 Europe/Berlin] PHP Fatal error:  Uncaught Error: Typed property App\Controllers\LoginController::$loginModel must not be accessed before initialization in D:\xampp\htdocs\n-web-framework\app\Controllers\LoginController.php:70
Stack trace:
#0 [internal function]: App\Controllers\LoginController->login_validate()
#1 D:\xampp\htdocs\n-web-framework\app\Core\Router.php(157): call_user_func(Array)
#2 D:\xampp\htdocs\n-web-framework\app\Core\Router.php(97): App\Core\Router->loadController()
#3 D:\xampp\htdocs\n-web-framework\index.php(38): App\Core\Router->run()
#4 {main}
  thrown in D:\xampp\htdocs\n-web-framework\app\Controllers\LoginController.php on line 70
[30-Jan-2024 12:49:18 Europe/Berlin] PHP Fatal error:  Uncaught Error: Typed property App\Controllers\LoginController::$loginModel must not be accessed before initialization in D:\xampp\htdocs\n-web-framework\app\Controllers\LoginController.php:70
Stack trace:
#0 [internal function]: App\Controllers\LoginController->login_validate()
#1 D:\xampp\htdocs\n-web-framework\app\Core\Router.php(157): call_user_func(Array)
#2 D:\xampp\htdocs\n-web-framework\app\Core\Router.php(97): App\Core\Router->loadController()
#3 D:\xampp\htdocs\n-web-framework\index.php(38): App\Core\Router->run()
#4 {main}
  thrown in D:\xampp\htdocs\n-web-framework\app\Controllers\LoginController.php on line 70
[30-Jan-2024 12:49:18 Europe/Berlin] PHP Fatal error:  Uncaught Error: Typed property App\Controllers\LoginController::$loginModel must not be accessed before initialization in D:\xampp\htdocs\n-web-framework\app\Controllers\LoginController.php:70
Stack trace:
#0 [internal function]: App\Controllers\LoginController->login_validate()
#1 D:\xampp\htdocs\n-web-framework\app\Core\Router.php(157): call_user_func(Array)
#2 D:\xampp\htdocs\n-web-framework\app\Core\Router.php(97): App\Core\Router->loadController()
#3 D:\xampp\htdocs\n-web-framework\index.php(38): App\Core\Router->run()
#4 {main}
  thrown in D:\xampp\htdocs\n-web-framework\app\Controllers\LoginController.php on line 70
[30-Jan-2024 12:50:51 Europe/Berlin] PHP Fatal error:  Uncaught Error: Typed property App\Controllers\LoginController::$loginModel must not be accessed before initialization in D:\xampp\htdocs\n-web-framework\app\Controllers\LoginController.php:70
Stack trace:
#0 [internal function]: App\Controllers\LoginController->login_validate()
#1 D:\xampp\htdocs\n-web-framework\app\Core\Router.php(157): call_user_func(Array)
#2 D:\xampp\htdocs\n-web-framework\app\Core\Router.php(97): App\Core\Router->loadController()
#3 D:\xampp\htdocs\n-web-framework\index.php(38): App\Core\Router->run()
#4 {main}
  thrown in D:\xampp\htdocs\n-web-framework\app\Controllers\LoginController.php on line 70
[30-Jan-2024 12:51:19 Europe/Berlin] PHP Fatal error:  Uncaught Error: Typed property App\Controllers\LoginController::$loginModel must not be accessed before initialization in D:\xampp\htdocs\n-web-framework\app\Controllers\LoginController.php:70
Stack trace:
#0 [internal function]: App\Controllers\LoginController->login_validate()
#1 D:\xampp\htdocs\n-web-framework\app\Core\Router.php(157): call_user_func(Array)
#2 D:\xampp\htdocs\n-web-framework\app\Core\Router.php(97): App\Core\Router->loadController()
#3 D:\xampp\htdocs\n-web-framework\index.php(38): App\Core\Router->run()
#4 {main}
  thrown in D:\xampp\htdocs\n-web-framework\app\Controllers\LoginController.php on line 70
[30-Jan-2024 12:52:39 Europe/Berlin] PHP Fatal error:  Uncaught Error: Typed property App\Controllers\LoginController::$loginModel must not be accessed before initialization in D:\xampp\htdocs\n-web-framework\app\Controllers\LoginController.php:70
Stack trace:
#0 [internal function]: App\Controllers\LoginController->login_validate()
#1 D:\xampp\htdocs\n-web-framework\app\Core\Router.php(157): call_user_func(Array)
#2 D:\xampp\htdocs\n-web-framework\app\Core\Router.php(97): App\Core\Router->loadController()
#3 D:\xampp\htdocs\n-web-framework\index.php(38): App\Core\Router->run()
#4 {main}
  thrown in D:\xampp\htdocs\n-web-framework\app\Controllers\LoginController.php on line 70
[30-Jan-2024 12:52:44 Europe/Berlin] PHP Fatal error:  Uncaught Error: Typed property App\Controllers\LoginController::$loginModel must not be accessed before initialization in D:\xampp\htdocs\n-web-framework\app\Controllers\LoginController.php:70
Stack trace:
#0 [internal function]: App\Controllers\LoginController->login_validate()
#1 D:\xampp\htdocs\n-web-framework\app\Core\Router.php(157): call_user_func(Array)
#2 D:\xampp\htdocs\n-web-framework\app\Core\Router.php(97): App\Core\Router->loadController()
#3 D:\xampp\htdocs\n-web-framework\index.php(38): App\Core\Router->run()
#4 {main}
  thrown in D:\xampp\htdocs\n-web-framework\app\Controllers\LoginController.php on line 70
[30-Jan-2024 12:53:36 Europe/Berlin] PHP Fatal error:  Uncaught Error: Typed property App\Controllers\LoginController::$loginModel must not be accessed before initialization in D:\xampp\htdocs\n-web-framework\app\Controllers\LoginController.php:70
Stack trace:
#0 [internal function]: App\Controllers\LoginController->login_validate()
#1 D:\xampp\htdocs\n-web-framework\app\Core\Router.php(157): call_user_func(Array)
#2 D:\xampp\htdocs\n-web-framework\app\Core\Router.php(97): App\Core\Router->loadController()
#3 D:\xampp\htdocs\n-web-framework\index.php(38): App\Core\Router->run()
#4 {main}
  thrown in D:\xampp\htdocs\n-web-framework\app\Controllers\LoginController.php on line 70
[30-Jan-2024 12:54:52 Europe/Berlin] PHP Fatal error:  Uncaught Error: Typed property App\Controllers\LoginController::$loginModel must not be accessed before initialization in D:\xampp\htdocs\n-web-framework\app\Controllers\LoginController.php:70
Stack trace:
#0 [internal function]: App\Controllers\LoginController->login_validate()
#1 D:\xampp\htdocs\n-web-framework\app\Core\Router.php(157): call_user_func(Array)
#2 D:\xampp\htdocs\n-web-framework\app\Core\Router.php(97): App\Core\Router->loadController()
#3 D:\xampp\htdocs\n-web-framework\index.php(38): App\Core\Router->run()
#4 {main}
  thrown in D:\xampp\htdocs\n-web-framework\app\Controllers\LoginController.php on line 70
[30-Jan-2024 12:55:11 Europe/Berlin] PHP Fatal error:  Uncaught Error: Typed property App\Controllers\LoginController::$loginModel must not be accessed before initialization in D:\xampp\htdocs\n-web-framework\app\Controllers\LoginController.php:70
Stack trace:
#0 [internal function]: App\Controllers\LoginController->login_validate()
#1 D:\xampp\htdocs\n-web-framework\app\Core\Router.php(157): call_user_func(Array)
#2 D:\xampp\htdocs\n-web-framework\app\Core\Router.php(97): App\Core\Router->loadController()
#3 D:\xampp\htdocs\n-web-framework\index.php(38): App\Core\Router->run()
#4 {main}
  thrown in D:\xampp\htdocs\n-web-framework\app\Controllers\LoginController.php on line 70
[30-Jan-2024 13:07:48 Europe/Berlin] PHP Fatal error:  Uncaught Error: Class "AdminModel" not found in D:\xampp\htdocs\n-web-framework\app\Controllers\AdminController.php:16
Stack trace:
#0 D:\xampp\htdocs\n-web-framework\app\Core\Router.php(142): App\Controllers\AdminController->__construct()
#1 D:\xampp\htdocs\n-web-framework\app\Core\Router.php(97): App\Core\Router->loadController()
#2 D:\xampp\htdocs\n-web-framework\index.php(38): App\Core\Router->run()
#3 {main}
  thrown in D:\xampp\htdocs\n-web-framework\app\Controllers\AdminController.php on line 16
[30-Jan-2024 13:09:29 Europe/Berlin] PHP Fatal error:  Uncaught Error: Class "AdminModel" not found in D:\xampp\htdocs\n-web-framework\app\Controllers\AdminController.php:16
Stack trace:
#0 D:\xampp\htdocs\n-web-framework\app\Core\Router.php(142): App\Controllers\AdminController->__construct()
#1 D:\xampp\htdocs\n-web-framework\app\Core\Router.php(97): App\Core\Router->loadController()
#2 D:\xampp\htdocs\n-web-framework\index.php(38): App\Core\Router->run()
#3 {main}
  thrown in D:\xampp\htdocs\n-web-framework\app\Controllers\AdminController.php on line 16
[30-Jan-2024 13:09:31 Europe/Berlin] PHP Fatal error:  Uncaught Error: Class "AdminModel" not found in D:\xampp\htdocs\n-web-framework\app\Controllers\AdminController.php:16
Stack trace:
#0 D:\xampp\htdocs\n-web-framework\app\Core\Router.php(142): App\Controllers\AdminController->__construct()
#1 D:\xampp\htdocs\n-web-framework\app\Core\Router.php(97): App\Core\Router->loadController()
#2 D:\xampp\htdocs\n-web-framework\index.php(38): App\Core\Router->run()
#3 {main}
  thrown in D:\xampp\htdocs\n-web-framework\app\Controllers\AdminController.php on line 16
[30-Jan-2024 13:09:52 Europe/Berlin] PHP Fatal error:  Uncaught Error: Class "AdminModel" not found in D:\xampp\htdocs\n-web-framework\app\Controllers\AdminController.php:16
Stack trace:
#0 D:\xampp\htdocs\n-web-framework\app\Core\Router.php(142): App\Controllers\AdminController->__construct()
#1 D:\xampp\htdocs\n-web-framework\app\Core\Router.php(97): App\Core\Router->loadController()
#2 D:\xampp\htdocs\n-web-framework\index.php(38): App\Core\Router->run()
#3 {main}
  thrown in D:\xampp\htdocs\n-web-framework\app\Controllers\AdminController.php on line 16
[30-Jan-2024 13:10:21 Europe/Berlin] PHP Fatal error:  Uncaught Error: Class "AdminModel" not found in D:\xampp\htdocs\n-web-framework\app\Controllers\AdminController.php:16
Stack trace:
#0 D:\xampp\htdocs\n-web-framework\app\Core\Router.php(142): App\Controllers\AdminController->__construct()
#1 D:\xampp\htdocs\n-web-framework\app\Core\Router.php(97): App\Core\Router->loadController()
#2 D:\xampp\htdocs\n-web-framework\index.php(38): App\Core\Router->run()
#3 {main}
  thrown in D:\xampp\htdocs\n-web-framework\app\Controllers\AdminController.php on line 16
[30-Jan-2024 13:10:22 Europe/Berlin] PHP Fatal error:  Uncaught Error: Class "AdminModel" not found in D:\xampp\htdocs\n-web-framework\app\Controllers\AdminController.php:16
Stack trace:
#0 D:\xampp\htdocs\n-web-framework\app\Core\Router.php(142): App\Controllers\AdminController->__construct()
#1 D:\xampp\htdocs\n-web-framework\app\Core\Router.php(97): App\Core\Router->loadController()
#2 D:\xampp\htdocs\n-web-framework\index.php(38): App\Core\Router->run()
#3 {main}
  thrown in D:\xampp\htdocs\n-web-framework\app\Controllers\AdminController.php on line 16
[30-Jan-2024 13:12:06 Europe/Berlin] PHP Fatal error:  Uncaught Error: Class "Controller" not found in D:\xampp\htdocs\n-web-framework\app\Controllers\PublicController.php:3
Stack trace:
#0 D:\xampp\htdocs\n-web-framework\app\Core\Router.php(136): require_once()
#1 D:\xampp\htdocs\n-web-framework\app\Core\Router.php(97): App\Core\Router->loadController()
#2 D:\xampp\htdocs\n-web-framework\index.php(38): App\Core\Router->run()
#3 {main}
  thrown in D:\xampp\htdocs\n-web-framework\app\Controllers\PublicController.php on line 3
[30-Jan-2024 13:23:44 Europe/Berlin] PHP Fatal error:  Uncaught Error: Call to undefined function activePage() in D:\xampp\htdocs\n-web-framework\app\Views\admin\includes\menu.php:14
Stack trace:
#0 D:\xampp\htdocs\n-web-framework\app\Views\admin\includes\header.php(58): require_once()
#1 D:\xampp\htdocs\n-web-framework\app\Core\Controller.php(57): require_once('D:\\xampp\\htdocs...')
#2 D:\xampp\htdocs\n-web-framework\app\Controllers\CategoriesController.php(30): App\Core\Controller->renderAdminView('/admin/categori...', Array)
#3 [internal function]: App\Controllers\CategoriesController->index()
#4 D:\xampp\htdocs\n-web-framework\app\Core\Router.php(154): call_user_func(Array)
#5 D:\xampp\htdocs\n-web-framework\app\Core\Router.php(97): App\Core\Router->loadController()
#6 D:\xampp\htdocs\n-web-framework\index.php(26): App\Core\Router->run()
#7 {main}
  thrown in D:\xampp\htdocs\n-web-framework\app\Views\admin\includes\menu.php on line 14
[30-Jan-2024 13:23:46 Europe/Berlin] PHP Fatal error:  Uncaught Error: Call to undefined function activePage() in D:\xampp\htdocs\n-web-framework\app\Views\admin\includes\menu.php:14
Stack trace:
#0 D:\xampp\htdocs\n-web-framework\app\Views\admin\includes\header.php(58): require_once()
#1 D:\xampp\htdocs\n-web-framework\app\Core\Controller.php(57): require_once('D:\\xampp\\htdocs...')
#2 D:\xampp\htdocs\n-web-framework\app\Controllers\CategoriesController.php(30): App\Core\Controller->renderAdminView('/admin/categori...', Array)
#3 [internal function]: App\Controllers\CategoriesController->index()
#4 D:\xampp\htdocs\n-web-framework\app\Core\Router.php(154): call_user_func(Array)
#5 D:\xampp\htdocs\n-web-framework\app\Core\Router.php(97): App\Core\Router->loadController()
#6 D:\xampp\htdocs\n-web-framework\index.php(26): App\Core\Router->run()
#7 {main}
  thrown in D:\xampp\htdocs\n-web-framework\app\Views\admin\includes\menu.php on line 14
[30-Jan-2024 13:23:49 Europe/Berlin] PHP Fatal error:  Uncaught Error: Call to undefined function activePage() in D:\xampp\htdocs\n-web-framework\app\Views\admin\includes\menu.php:14
Stack trace:
#0 D:\xampp\htdocs\n-web-framework\app\Views\admin\includes\header.php(58): require_once()
#1 D:\xampp\htdocs\n-web-framework\app\Core\Controller.php(57): require_once('D:\\xampp\\htdocs...')
#2 D:\xampp\htdocs\n-web-framework\app\Controllers\CategoriesController.php(30): App\Core\Controller->renderAdminView('/admin/categori...', Array)
#3 [internal function]: App\Controllers\CategoriesController->index()
#4 D:\xampp\htdocs\n-web-framework\app\Core\Router.php(154): call_user_func(Array)
#5 D:\xampp\htdocs\n-web-framework\app\Core\Router.php(97): App\Core\Router->loadController()
#6 D:\xampp\htdocs\n-web-framework\index.php(26): App\Core\Router->run()
#7 {main}
  thrown in D:\xampp\htdocs\n-web-framework\app\Views\admin\includes\menu.php on line 14
[30-Jan-2024 13:23:55 Europe/Berlin] PHP Fatal error:  Uncaught Error: Call to undefined function activePage() in D:\xampp\htdocs\n-web-framework\app\Views\admin\includes\menu.php:14
Stack trace:
#0 D:\xampp\htdocs\n-web-framework\app\Views\admin\includes\header.php(58): require_once()
#1 D:\xampp\htdocs\n-web-framework\app\Core\Controller.php(57): require_once('D:\\xampp\\htdocs...')
#2 D:\xampp\htdocs\n-web-framework\app\Controllers\CategoriesController.php(30): App\Core\Controller->renderAdminView('/admin/categori...', Array)
#3 [internal function]: App\Controllers\CategoriesController->index()
#4 D:\xampp\htdocs\n-web-framework\app\Core\Router.php(154): call_user_func(Array)
#5 D:\xampp\htdocs\n-web-framework\app\Core\Router.php(97): App\Core\Router->loadController()
#6 D:\xampp\htdocs\n-web-framework\index.php(26): App\Core\Router->run()
#7 {main}
  thrown in D:\xampp\htdocs\n-web-framework\app\Views\admin\includes\menu.php on line 14
[30-Jan-2024 13:31:39 Europe/Berlin] PHP Fatal error:  Uncaught Error: Object of class App\Common\Sessions could not be converted to string in D:\xampp\htdocs\n-web-framework\app\Controllers\AdminController.php:18
Stack trace:
#0 D:\xampp\htdocs\n-web-framework\app\Core\Router.php(139): App\Controllers\AdminController->__construct()
#1 D:\xampp\htdocs\n-web-framework\app\Core\Router.php(97): App\Core\Router->loadController()
#2 D:\xampp\htdocs\n-web-framework\index.php(26): App\Core\Router->run()
#3 {main}
  thrown in D:\xampp\htdocs\n-web-framework\app\Controllers\AdminController.php on line 18
[30-Jan-2024 13:40:53 Europe/Berlin] PHP Fatal error:  Uncaught Error: Class "Controller" not found in D:\xampp\htdocs\n-web-framework\app\Controllers\PagesController.php:3
Stack trace:
#0 D:\xampp\htdocs\n-web-framework\vendor\composer\ClassLoader.php(571): include()
#1 D:\xampp\htdocs\n-web-framework\vendor\composer\ClassLoader.php(428): Composer\Autoload\includeFile('D:\\xampp\\htdocs...')
#2 [internal function]: Composer\Autoload\ClassLoader->loadClass('App\\Controllers...')
#3 D:\xampp\htdocs\n-web-framework\app\Core\Router.php(137): class_exists('App\\Controllers...')
#4 D:\xampp\htdocs\n-web-framework\app\Core\Router.php(97): App\Core\Router->loadController()
#5 D:\xampp\htdocs\n-web-framework\index.php(26): App\Core\Router->run()
#6 {main}
  thrown in D:\xampp\htdocs\n-web-framework\app\Controllers\PagesController.php on line 3
[30-Jan-2024 13:57:51 Europe/Berlin] PHP Fatal error:  Uncaught Error: Class "Controller" not found in D:\xampp\htdocs\n-web-framework\app\Controllers\PagesController.php:3
Stack trace:
#0 D:\xampp\htdocs\n-web-framework\vendor\composer\ClassLoader.php(571): include()
#1 D:\xampp\htdocs\n-web-framework\vendor\composer\ClassLoader.php(428): Composer\Autoload\includeFile('D:\\xampp\\htdocs...')
#2 [internal function]: Composer\Autoload\ClassLoader->loadClass('App\\Controllers...')
#3 D:\xampp\htdocs\n-web-framework\app\Core\Router.php(137): class_exists('App\\Controllers...')
#4 D:\xampp\htdocs\n-web-framework\app\Core\Router.php(97): App\Core\Router->loadController()
#5 D:\xampp\htdocs\n-web-framework\index.php(26): App\Core\Router->run()
#6 {main}
  thrown in D:\xampp\htdocs\n-web-framework\app\Controllers\PagesController.php on line 3
[30-Jan-2024 14:01:08 Europe/Berlin] PHP Fatal error:  Uncaught Error: Class "Controller" not found in D:\xampp\htdocs\n-web-framework\app\Controllers\PagesController.php:3
Stack trace:
#0 D:\xampp\htdocs\n-web-framework\vendor\composer\ClassLoader.php(571): include()
#1 D:\xampp\htdocs\n-web-framework\vendor\composer\ClassLoader.php(428): Composer\Autoload\includeFile('D:\\xampp\\htdocs...')
#2 [internal function]: Composer\Autoload\ClassLoader->loadClass('App\\Controllers...')
#3 D:\xampp\htdocs\n-web-framework\app\Core\Router.php(136): class_exists('App\\Controllers...')
#4 D:\xampp\htdocs\n-web-framework\app\Core\Router.php(97): App\Core\Router->loadController()
#5 D:\xampp\htdocs\n-web-framework\index.php(26): App\Core\Router->run()
#6 {main}
  thrown in D:\xampp\htdocs\n-web-framework\app\Controllers\PagesController.php on line 3
[30-Jan-2024 14:01:24 Europe/Berlin] PHP Fatal error:  Uncaught Error: Class "Controller" not found in D:\xampp\htdocs\n-web-framework\app\Controllers\PagesController.php:3
Stack trace:
#0 D:\xampp\htdocs\n-web-framework\vendor\composer\ClassLoader.php(571): include()
#1 D:\xampp\htdocs\n-web-framework\vendor\composer\ClassLoader.php(428): Composer\Autoload\includeFile('D:\\xampp\\htdocs...')
#2 [internal function]: Composer\Autoload\ClassLoader->loadClass('App\\Controllers...')
#3 D:\xampp\htdocs\n-web-framework\app\Core\Router.php(136): class_exists('App\\Controllers...')
#4 D:\xampp\htdocs\n-web-framework\app\Core\Router.php(97): App\Core\Router->loadController()
#5 D:\xampp\htdocs\n-web-framework\index.php(26): App\Core\Router->run()
#6 {main}
  thrown in D:\xampp\htdocs\n-web-framework\app\Controllers\PagesController.php on line 3
[30-Jan-2024 14:01:28 Europe/Berlin] PHP Fatal error:  Uncaught Error: Class "Controller" not found in D:\xampp\htdocs\n-web-framework\app\Controllers\PagesController.php:3
Stack trace:
#0 D:\xampp\htdocs\n-web-framework\vendor\composer\ClassLoader.php(571): include()
#1 D:\xampp\htdocs\n-web-framework\vendor\composer\ClassLoader.php(428): Composer\Autoload\includeFile('D:\\xampp\\htdocs...')
#2 [internal function]: Composer\Autoload\ClassLoader->loadClass('App\\Controllers...')
#3 D:\xampp\htdocs\n-web-framework\app\Core\Router.php(136): class_exists('App\\Controllers...')
#4 D:\xampp\htdocs\n-web-framework\app\Core\Router.php(97): App\Core\Router->loadController()
#5 D:\xampp\htdocs\n-web-framework\index.php(26): App\Core\Router->run()
#6 {main}
  thrown in D:\xampp\htdocs\n-web-framework\app\Controllers\PagesController.php on line 3
[30-Jan-2024 14:04:08 Europe/Berlin] PHP Fatal error:  Uncaught Error: Class "App\Common\Sessions" not found in D:\xampp\htdocs\n-web-framework\app\Middleware\Auth.php:20
Stack trace:
#0 D:\xampp\htdocs\n-web-framework\app\Core\Router.php(78): App\Middleware\Auth->handle('auth')
#1 D:\xampp\htdocs\n-web-framework\index.php(26): App\Core\Router->run()
#2 {main}
  thrown in D:\xampp\htdocs\n-web-framework\app\Middleware\Auth.php on line 20
[30-Jan-2024 14:04:22 Europe/Berlin] PHP Fatal error:  Uncaught Error: Class "App\Common\Sessions" not found in D:\xampp\htdocs\n-web-framework\app\Middleware\Auth.php:20
Stack trace:
#0 D:\xampp\htdocs\n-web-framework\app\Core\Router.php(78): App\Middleware\Auth->handle('auth')
#1 D:\xampp\htdocs\n-web-framework\index.php(26): App\Core\Router->run()
#2 {main}
  thrown in D:\xampp\htdocs\n-web-framework\app\Middleware\Auth.php on line 20
[30-Jan-2024 14:06:31 Europe/Berlin] PHP Fatal error:  Uncaught Error: Class "Controller" not found in D:\xampp\htdocs\n-web-framework\app\Controllers\EventsController.php:3
Stack trace:
#0 D:\xampp\htdocs\n-web-framework\vendor\composer\ClassLoader.php(571): include()
#1 D:\xampp\htdocs\n-web-framework\vendor\composer\ClassLoader.php(428): Composer\Autoload\includeFile('D:\\xampp\\htdocs...')
#2 [internal function]: Composer\Autoload\ClassLoader->loadClass('App\\Controllers...')
#3 D:\xampp\htdocs\n-web-framework\app\Core\Router.php(136): class_exists('App\\Controllers...')
#4 D:\xampp\htdocs\n-web-framework\app\Core\Router.php(97): App\Core\Router->loadController()
#5 D:\xampp\htdocs\n-web-framework\index.php(25): App\Core\Router->run()
#6 {main}
  thrown in D:\xampp\htdocs\n-web-framework\app\Controllers\EventsController.php on line 3
[31-Jan-2024 09:23:11 Europe/Berlin] PHP Fatal error:  Uncaught Error: Call to undefined function activePage() in D:\xampp\htdocs\n-web-framework\app\Views\admin\includes\menu.php:14
Stack trace:
#0 D:\xampp\htdocs\n-web-framework\app\Views\admin\includes\header.php(58): require_once()
#1 D:\xampp\htdocs\n-web-framework\app\Core\Controller.php(31): require_once('D:\\xampp\\htdocs...')
#2 D:\xampp\htdocs\n-web-framework\app\Controllers\CategoriesController.php(30): App\Core\Controller->renderAdminView('/admin/categori...', Array)
#3 [internal function]: App\Controllers\CategoriesController->index()
#4 D:\xampp\htdocs\n-web-framework\app\Core\Router.php(158): call_user_func(Array)
#5 D:\xampp\htdocs\n-web-framework\app\Core\Router.php(102): App\Core\Router->loadController()
#6 D:\xampp\htdocs\n-web-framework\index.php(25): App\Core\Router->run()
#7 {main}
  thrown in D:\xampp\htdocs\n-web-framework\app\Views\admin\includes\menu.php on line 14
[31-Jan-2024 09:25:00 Europe/Berlin] PHP Fatal error:  Uncaught Error: Class "Controller" not found in D:\xampp\htdocs\n-web-framework\app\Controllers\PagesController.php:3
Stack trace:
#0 D:\xampp\htdocs\n-web-framework\vendor\composer\ClassLoader.php(571): include()
#1 D:\xampp\htdocs\n-web-framework\vendor\composer\ClassLoader.php(428): Composer\Autoload\includeFile('D:\\xampp\\htdocs...')
#2 [internal function]: Composer\Autoload\ClassLoader->loadClass('App\\Controllers...')
#3 D:\xampp\htdocs\n-web-framework\app\Core\Router.php(141): class_exists('App\\Controllers...')
#4 D:\xampp\htdocs\n-web-framework\app\Core\Router.php(102): App\Core\Router->loadController()
#5 D:\xampp\htdocs\n-web-framework\index.php(22): App\Core\Router->run()
#6 {main}
  thrown in D:\xampp\htdocs\n-web-framework\app\Controllers\PagesController.php on line 3
[31-Jan-2024 09:31:32 Europe/Berlin] PHP Fatal error:  Uncaught Error: Class "Controller" not found in D:\xampp\htdocs\n-web-framework\app\Controllers\UsersController.php:3
Stack trace:
#0 D:\xampp\htdocs\n-web-framework\vendor\composer\ClassLoader.php(571): include()
#1 D:\xampp\htdocs\n-web-framework\vendor\composer\ClassLoader.php(428): Composer\Autoload\includeFile('D:\\xampp\\htdocs...')
#2 [internal function]: Composer\Autoload\ClassLoader->loadClass('App\\Controllers...')
#3 D:\xampp\htdocs\n-web-framework\app\Core\Router.php(141): class_exists('App\\Controllers...')
#4 D:\xampp\htdocs\n-web-framework\app\Core\Router.php(102): App\Core\Router->loadController()
#5 D:\xampp\htdocs\n-web-framework\index.php(22): App\Core\Router->run()
#6 {main}
  thrown in D:\xampp\htdocs\n-web-framework\app\Controllers\UsersController.php on line 3
[31-Jan-2024 09:31:55 Europe/Berlin] PHP Fatal error:  Uncaught Error: Class "Controller" not found in D:\xampp\htdocs\n-web-framework\app\Controllers\UsersController.php:3
Stack trace:
#0 D:\xampp\htdocs\n-web-framework\vendor\composer\ClassLoader.php(571): include()
#1 D:\xampp\htdocs\n-web-framework\vendor\composer\ClassLoader.php(428): Composer\Autoload\includeFile('D:\\xampp\\htdocs...')
#2 [internal function]: Composer\Autoload\ClassLoader->loadClass('App\\Controllers...')
#3 D:\xampp\htdocs\n-web-framework\app\Core\Router.php(141): class_exists('App\\Controllers...')
#4 D:\xampp\htdocs\n-web-framework\app\Core\Router.php(102): App\Core\Router->loadController()
#5 D:\xampp\htdocs\n-web-framework\index.php(22): App\Core\Router->run()
#6 {main}
  thrown in D:\xampp\htdocs\n-web-framework\app\Controllers\UsersController.php on line 3
[31-Jan-2024 09:32:10 Europe/Berlin] PHP Fatal error:  Uncaught Error: Call to undefined method App\Controllers\UsersController::loadModel() in D:\xampp\htdocs\n-web-framework\app\Controllers\UsersController.php:20
Stack trace:
#0 D:\xampp\htdocs\n-web-framework\app\Core\Router.php(143): App\Controllers\UsersController->__construct()
#1 D:\xampp\htdocs\n-web-framework\app\Core\Router.php(102): App\Core\Router->loadController()
#2 D:\xampp\htdocs\n-web-framework\index.php(22): App\Core\Router->run()
#3 {main}
  thrown in D:\xampp\htdocs\n-web-framework\app\Controllers\UsersController.php on line 20
[31-Jan-2024 09:33:26 Europe/Berlin] PHP Fatal error:  Uncaught Error: Class "Controller" not found in D:\xampp\htdocs\n-web-framework\app\Controllers\EventsController.php:3
Stack trace:
#0 D:\xampp\htdocs\n-web-framework\vendor\composer\ClassLoader.php(571): include()
#1 D:\xampp\htdocs\n-web-framework\vendor\composer\ClassLoader.php(428): Composer\Autoload\includeFile('D:\\xampp\\htdocs...')
#2 [internal function]: Composer\Autoload\ClassLoader->loadClass('App\\Controllers...')
#3 D:\xampp\htdocs\n-web-framework\app\Core\Router.php(141): class_exists('App\\Controllers...')
#4 D:\xampp\htdocs\n-web-framework\app\Core\Router.php(102): App\Core\Router->loadController()
#5 D:\xampp\htdocs\n-web-framework\index.php(22): App\Core\Router->run()
#6 {main}
  thrown in D:\xampp\htdocs\n-web-framework\app\Controllers\EventsController.php on line 3
[31-Jan-2024 09:34:06 Europe/Berlin] PHP Fatal error:  Uncaught Error: Class "Controller" not found in D:\xampp\htdocs\n-web-framework\app\Controllers\EventsController.php:3
Stack trace:
#0 D:\xampp\htdocs\n-web-framework\vendor\composer\ClassLoader.php(571): include()
#1 D:\xampp\htdocs\n-web-framework\vendor\composer\ClassLoader.php(428): Composer\Autoload\includeFile('D:\\xampp\\htdocs...')
#2 [internal function]: Composer\Autoload\ClassLoader->loadClass('App\\Controllers...')
#3 D:\xampp\htdocs\n-web-framework\app\Core\Router.php(141): class_exists('App\\Controllers...')
#4 D:\xampp\htdocs\n-web-framework\app\Core\Router.php(102): App\Core\Router->loadController()
#5 D:\xampp\htdocs\n-web-framework\index.php(22): App\Core\Router->run()
#6 {main}
  thrown in D:\xampp\htdocs\n-web-framework\app\Controllers\EventsController.php on line 3
[31-Jan-2024 09:35:55 Europe/Berlin] PHP Fatal error:  Uncaught Error: Class "Controller" not found in D:\xampp\htdocs\n-web-framework\app\Controllers\FilesController.php:3
Stack trace:
#0 D:\xampp\htdocs\n-web-framework\vendor\composer\ClassLoader.php(571): include()
#1 D:\xampp\htdocs\n-web-framework\vendor\composer\ClassLoader.php(428): Composer\Autoload\includeFile('D:\\xampp\\htdocs...')
#2 [internal function]: Composer\Autoload\ClassLoader->loadClass('App\\Controllers...')
#3 D:\xampp\htdocs\n-web-framework\app\Core\Router.php(141): class_exists('App\\Controllers...')
#4 D:\xampp\htdocs\n-web-framework\app\Core\Router.php(102): App\Core\Router->loadController()
#5 D:\xampp\htdocs\n-web-framework\index.php(22): App\Core\Router->run()
#6 {main}
  thrown in D:\xampp\htdocs\n-web-framework\app\Controllers\FilesController.php on line 3
[31-Jan-2024 09:36:11 Europe/Berlin] PHP Fatal error:  Uncaught Error: Class "Controller" not found in D:\xampp\htdocs\n-web-framework\app\Controllers\FilesController.php:3
Stack trace:
#0 D:\xampp\htdocs\n-web-framework\vendor\composer\ClassLoader.php(571): include()
#1 D:\xampp\htdocs\n-web-framework\vendor\composer\ClassLoader.php(428): Composer\Autoload\includeFile('D:\\xampp\\htdocs...')
#2 [internal function]: Composer\Autoload\ClassLoader->loadClass('App\\Controllers...')
#3 D:\xampp\htdocs\n-web-framework\app\Core\Router.php(141): class_exists('App\\Controllers...')
#4 D:\xampp\htdocs\n-web-framework\app\Core\Router.php(102): App\Core\Router->loadController()
#5 D:\xampp\htdocs\n-web-framework\index.php(22): App\Core\Router->run()
#6 {main}
  thrown in D:\xampp\htdocs\n-web-framework\app\Controllers\FilesController.php on line 3
[31-Jan-2024 09:36:54 Europe/Berlin] PHP Fatal error:  Uncaught Error: Call to undefined method App\Controllers\FilesController::loadModel() in D:\xampp\htdocs\n-web-framework\app\Controllers\FilesController.php:22
Stack trace:
#0 D:\xampp\htdocs\n-web-framework\app\Core\Router.php(143): App\Controllers\FilesController->__construct()
#1 D:\xampp\htdocs\n-web-framework\app\Core\Router.php(102): App\Core\Router->loadController()
#2 D:\xampp\htdocs\n-web-framework\index.php(22): App\Core\Router->run()
#3 {main}
  thrown in D:\xampp\htdocs\n-web-framework\app\Controllers\FilesController.php on line 22
[31-Jan-2024 09:39:00 Europe/Berlin] PHP Fatal error:  Uncaught Error: Class "Controller" not found in D:\xampp\htdocs\n-web-framework\app\Controllers\InvoicesController.php:3
Stack trace:
#0 D:\xampp\htdocs\n-web-framework\vendor\composer\ClassLoader.php(571): include()
#1 D:\xampp\htdocs\n-web-framework\vendor\composer\ClassLoader.php(428): Composer\Autoload\includeFile('D:\\xampp\\htdocs...')
#2 [internal function]: Composer\Autoload\ClassLoader->loadClass('App\\Controllers...')
#3 D:\xampp\htdocs\n-web-framework\app\Core\Router.php(141): class_exists('App\\Controllers...')
#4 D:\xampp\htdocs\n-web-framework\app\Core\Router.php(102): App\Core\Router->loadController()
#5 D:\xampp\htdocs\n-web-framework\index.php(22): App\Core\Router->run()
#6 {main}
  thrown in D:\xampp\htdocs\n-web-framework\app\Controllers\InvoicesController.php on line 3
[31-Jan-2024 09:46:07 Europe/Berlin] PHP Fatal error:  Uncaught Error: Class "Controller" not found in D:\xampp\htdocs\n-web-framework\app\Controllers\InvoicesController.php:3
Stack trace:
#0 D:\xampp\htdocs\n-web-framework\vendor\composer\ClassLoader.php(571): include()
#1 D:\xampp\htdocs\n-web-framework\vendor\composer\ClassLoader.php(428): Composer\Autoload\includeFile('D:\\xampp\\htdocs...')
#2 [internal function]: Composer\Autoload\ClassLoader->loadClass('App\\Controllers...')
#3 D:\xampp\htdocs\n-web-framework\app\Core\Router.php(141): class_exists('App\\Controllers...')
#4 D:\xampp\htdocs\n-web-framework\app\Core\Router.php(102): App\Core\Router->loadController()
#5 D:\xampp\htdocs\n-web-framework\index.php(22): App\Core\Router->run()
#6 {main}
  thrown in D:\xampp\htdocs\n-web-framework\app\Controllers\InvoicesController.php on line 3
[31-Jan-2024 09:46:48 Europe/Berlin] PHP Fatal error:  Uncaught Error: Class "Controller" not found in D:\xampp\htdocs\n-web-framework\app\Controllers\LanguagesController.php:3
Stack trace:
#0 D:\xampp\htdocs\n-web-framework\vendor\composer\ClassLoader.php(571): include()
#1 D:\xampp\htdocs\n-web-framework\vendor\composer\ClassLoader.php(428): Composer\Autoload\includeFile('D:\\xampp\\htdocs...')
#2 [internal function]: Composer\Autoload\ClassLoader->loadClass('App\\Controllers...')
#3 D:\xampp\htdocs\n-web-framework\app\Core\Router.php(141): class_exists('App\\Controllers...')
#4 D:\xampp\htdocs\n-web-framework\app\Core\Router.php(102): App\Core\Router->loadController()
#5 D:\xampp\htdocs\n-web-framework\index.php(22): App\Core\Router->run()
#6 {main}
  thrown in D:\xampp\htdocs\n-web-framework\app\Controllers\LanguagesController.php on line 3
[31-Jan-2024 09:47:45 Europe/Berlin] PHP Fatal error:  Uncaught Error: Class "Controller" not found in D:\xampp\htdocs\n-web-framework\app\Controllers\SettingsController.php:3
Stack trace:
#0 D:\xampp\htdocs\n-web-framework\vendor\composer\ClassLoader.php(571): include()
#1 D:\xampp\htdocs\n-web-framework\vendor\composer\ClassLoader.php(428): Composer\Autoload\includeFile('D:\\xampp\\htdocs...')
#2 [internal function]: Composer\Autoload\ClassLoader->loadClass('App\\Controllers...')
#3 D:\xampp\htdocs\n-web-framework\app\Core\Router.php(141): class_exists('App\\Controllers...')
#4 D:\xampp\htdocs\n-web-framework\app\Core\Router.php(102): App\Core\Router->loadController()
#5 D:\xampp\htdocs\n-web-framework\index.php(22): App\Core\Router->run()
#6 {main}
  thrown in D:\xampp\htdocs\n-web-framework\app\Controllers\SettingsController.php on line 3
[31-Jan-2024 09:50:10 Europe/Berlin] PHP Fatal error:  Uncaught Error: Class "Controller" not found in D:\xampp\htdocs\n-web-framework\app\Controllers\TranslationsController.php:3
Stack trace:
#0 D:\xampp\htdocs\n-web-framework\vendor\composer\ClassLoader.php(571): include()
#1 D:\xampp\htdocs\n-web-framework\vendor\composer\ClassLoader.php(428): Composer\Autoload\includeFile('D:\\xampp\\htdocs...')
#2 [internal function]: Composer\Autoload\ClassLoader->loadClass('App\\Controllers...')
#3 D:\xampp\htdocs\n-web-framework\app\Core\Router.php(141): class_exists('App\\Controllers...')
#4 D:\xampp\htdocs\n-web-framework\app\Core\Router.php(102): App\Core\Router->loadController()
#5 D:\xampp\htdocs\n-web-framework\index.php(22): App\Core\Router->run()
#6 {main}
  thrown in D:\xampp\htdocs\n-web-framework\app\Controllers\TranslationsController.php on line 3
[31-Jan-2024 09:50:56 Europe/Berlin] PHP Fatal error:  Uncaught Error: Class "Controller" not found in D:\xampp\htdocs\n-web-framework\app\Controllers\TranslationsController.php:3
Stack trace:
#0 D:\xampp\htdocs\n-web-framework\vendor\composer\ClassLoader.php(571): include()
#1 D:\xampp\htdocs\n-web-framework\vendor\composer\ClassLoader.php(428): Composer\Autoload\includeFile('D:\\xampp\\htdocs...')
#2 [internal function]: Composer\Autoload\ClassLoader->loadClass('App\\Controllers...')
#3 D:\xampp\htdocs\n-web-framework\app\Core\Router.php(141): class_exists('App\\Controllers...')
#4 D:\xampp\htdocs\n-web-framework\app\Core\Router.php(102): App\Core\Router->loadController()
#5 D:\xampp\htdocs\n-web-framework\index.php(22): App\Core\Router->run()
#6 {main}
  thrown in D:\xampp\htdocs\n-web-framework\app\Controllers\TranslationsController.php on line 3
[31-Jan-2024 09:51:30 Europe/Berlin] PHP Fatal error:  Uncaught Error: Class "Controller" not found in D:\xampp\htdocs\n-web-framework\app\Controllers\PublicController.php:3
Stack trace:
#0 D:\xampp\htdocs\n-web-framework\vendor\composer\ClassLoader.php(571): include()
#1 D:\xampp\htdocs\n-web-framework\vendor\composer\ClassLoader.php(428): Composer\Autoload\includeFile('D:\\xampp\\htdocs...')
#2 [internal function]: Composer\Autoload\ClassLoader->loadClass('App\\Controllers...')
#3 D:\xampp\htdocs\n-web-framework\app\Core\Router.php(141): class_exists('App\\Controllers...')
#4 D:\xampp\htdocs\n-web-framework\app\Core\Router.php(102): App\Core\Router->loadController()
#5 D:\xampp\htdocs\n-web-framework\index.php(22): App\Core\Router->run()
#6 {main}
  thrown in D:\xampp\htdocs\n-web-framework\app\Controllers\PublicController.php on line 3
[31-Jan-2024 09:51:50 Europe/Berlin] PHP Fatal error:  Uncaught Error: Class "Controller" not found in D:\xampp\htdocs\n-web-framework\app\Controllers\PublicController.php:3
Stack trace:
#0 D:\xampp\htdocs\n-web-framework\vendor\composer\ClassLoader.php(571): include()
#1 D:\xampp\htdocs\n-web-framework\vendor\composer\ClassLoader.php(428): Composer\Autoload\includeFile('D:\\xampp\\htdocs...')
#2 [internal function]: Composer\Autoload\ClassLoader->loadClass('App\\Controllers...')
#3 D:\xampp\htdocs\n-web-framework\app\Core\Router.php(141): class_exists('App\\Controllers...')
#4 D:\xampp\htdocs\n-web-framework\app\Core\Router.php(102): App\Core\Router->loadController()
#5 D:\xampp\htdocs\n-web-framework\index.php(22): App\Core\Router->run()
#6 {main}
  thrown in D:\xampp\htdocs\n-web-framework\app\Controllers\PublicController.php on line 3
[31-Jan-2024 10:17:16 Europe/Berlin] PHP Warning:  Undefined array key "languageID" in D:\xampp\htdocs\n-web-framework\app\Controllers\SettingsController.php on line 125
[31-Jan-2024 10:19:05 Europe/Berlin] PHP Warning:  Undefined array key "languageID" in D:\xampp\htdocs\n-web-framework\app\Controllers\SettingsController.php on line 125
[31-Jan-2024 11:07:55 Europe/Berlin] PHP Fatal error:  Uncaught Error: Class "App\Middleware\Auth" not found in D:\xampp\htdocs\n-web-framework\app\Core\Router.php:83
Stack trace:
#0 D:\xampp\htdocs\n-web-framework\index.php(22): App\Core\Router->run()
#1 {main}
  thrown in D:\xampp\htdocs\n-web-framework\app\Core\Router.php on line 83
[31-Jan-2024 11:08:28 Europe/Berlin] PHP Fatal error:  Uncaught Error: Class "App\Middleware\Auth" not found in D:\xampp\htdocs\n-web-framework\app\Core\Router.php:83
Stack trace:
#0 D:\xampp\htdocs\n-web-framework\index.php(22): App\Core\Router->run()
#1 {main}
  thrown in D:\xampp\htdocs\n-web-framework\app\Core\Router.php on line 83
[31-Jan-2024 11:41:44 Europe/Berlin] PHP Fatal error:  Uncaught TypeError: dd_print(): Argument #1 ($var) must be of type array, int given, called in D:\xampp\htdocs\n-web-framework\app\Auth\UserPermissions.php on line 15 and defined in D:\xampp\htdocs\n-web-framework\app\common\utilities.php:22
Stack trace:
#0 D:\xampp\htdocs\n-web-framework\app\Auth\UserPermissions.php(15): dd_print(55)
#1 D:\xampp\htdocs\n-web-framework\app\Controllers\CategoriesController.php(100): App\Auth\UserPermissions::isOwner(55)
#2 [internal function]: App\Controllers\CategoriesController->edit('93')
#3 D:\xampp\htdocs\n-web-framework\app\Core\Router.php(154): call_user_func_array(Array, Array)
#4 D:\xampp\htdocs\n-web-framework\app\Core\Router.php(102): App\Core\Router->loadController()
#5 D:\xampp\htdocs\n-web-framework\index.php(22): App\Core\Router->run()
#6 {main}
  thrown in D:\xampp\htdocs\n-web-framework\app\common\utilities.php on line 22
[31-Jan-2024 13:42:10 Europe/Berlin] PHP Warning:  Undefined array key "companyName" in D:\xampp\htdocs\n-web-framework\app\Views\admin\invoices\invoices.php on line 34
[31-Jan-2024 13:42:10 Europe/Berlin] PHP Warning:  Undefined array key "companyName" in D:\xampp\htdocs\n-web-framework\app\Views\admin\invoices\invoices.php on line 37
[31-Jan-2024 13:42:10 Europe/Berlin] PHP Warning:  Undefined array key "companyName" in D:\xampp\htdocs\n-web-framework\app\Views\admin\invoices\invoices.php on line 34
[31-Jan-2024 13:42:10 Europe/Berlin] PHP Warning:  Undefined array key "companyName" in D:\xampp\htdocs\n-web-framework\app\Views\admin\invoices\invoices.php on line 37
[31-Jan-2024 13:42:10 Europe/Berlin] PHP Warning:  Undefined array key "companyName" in D:\xampp\htdocs\n-web-framework\app\Views\admin\invoices\invoices.php on line 34
[31-Jan-2024 13:42:10 Europe/Berlin] PHP Warning:  Undefined array key "companyName" in D:\xampp\htdocs\n-web-framework\app\Views\admin\invoices\invoices.php on line 37
[31-Jan-2024 13:42:10 Europe/Berlin] PHP Warning:  Undefined array key "companyName" in D:\xampp\htdocs\n-web-framework\app\Views\admin\invoices\invoices.php on line 34
[31-Jan-2024 13:42:10 Europe/Berlin] PHP Warning:  Undefined array key "companyName" in D:\xampp\htdocs\n-web-framework\app\Views\admin\invoices\invoices.php on line 37
[31-Jan-2024 13:42:10 Europe/Berlin] PHP Warning:  Undefined array key "companyName" in D:\xampp\htdocs\n-web-framework\app\Views\admin\invoices\invoices.php on line 34
[31-Jan-2024 13:42:10 Europe/Berlin] PHP Warning:  Undefined array key "companyName" in D:\xampp\htdocs\n-web-framework\app\Views\admin\invoices\invoices.php on line 37
[31-Jan-2024 13:42:10 Europe/Berlin] PHP Warning:  Undefined array key "companyName" in D:\xampp\htdocs\n-web-framework\app\Views\admin\invoices\invoices.php on line 34
[31-Jan-2024 13:42:10 Europe/Berlin] PHP Warning:  Undefined array key "companyName" in D:\xampp\htdocs\n-web-framework\app\Views\admin\invoices\invoices.php on line 37
[31-Jan-2024 13:42:10 Europe/Berlin] PHP Warning:  Undefined array key "companyName" in D:\xampp\htdocs\n-web-framework\app\Views\admin\invoices\invoices.php on line 34
[31-Jan-2024 13:42:10 Europe/Berlin] PHP Warning:  Undefined array key "companyName" in D:\xampp\htdocs\n-web-framework\app\Views\admin\invoices\invoices.php on line 37
[31-Jan-2024 13:42:10 Europe/Berlin] PHP Warning:  Undefined array key "companyName" in D:\xampp\htdocs\n-web-framework\app\Views\admin\invoices\invoices.php on line 34
[31-Jan-2024 13:42:10 Europe/Berlin] PHP Warning:  Undefined array key "companyName" in D:\xampp\htdocs\n-web-framework\app\Views\admin\invoices\invoices.php on line 37
[31-Jan-2024 13:42:10 Europe/Berlin] PHP Warning:  Undefined array key "companyName" in D:\xampp\htdocs\n-web-framework\app\Views\admin\invoices\invoices.php on line 34
[31-Jan-2024 13:42:10 Europe/Berlin] PHP Warning:  Undefined array key "companyName" in D:\xampp\htdocs\n-web-framework\app\Views\admin\invoices\invoices.php on line 37
[31-Jan-2024 13:42:10 Europe/Berlin] PHP Warning:  Undefined array key "companyName" in D:\xampp\htdocs\n-web-framework\app\Views\admin\invoices\invoices.php on line 34
[31-Jan-2024 13:42:10 Europe/Berlin] PHP Warning:  Undefined array key "companyName" in D:\xampp\htdocs\n-web-framework\app\Views\admin\invoices\invoices.php on line 37
[31-Jan-2024 13:42:10 Europe/Berlin] PHP Warning:  Undefined array key "companyName" in D:\xampp\htdocs\n-web-framework\app\Views\admin\invoices\invoices.php on line 34
[31-Jan-2024 13:42:10 Europe/Berlin] PHP Warning:  Undefined array key "companyName" in D:\xampp\htdocs\n-web-framework\app\Views\admin\invoices\invoices.php on line 37
[31-Jan-2024 13:42:10 Europe/Berlin] PHP Warning:  Undefined array key "companyName" in D:\xampp\htdocs\n-web-framework\app\Views\admin\invoices\invoices.php on line 34
[31-Jan-2024 13:42:10 Europe/Berlin] PHP Warning:  Undefined array key "companyName" in D:\xampp\htdocs\n-web-framework\app\Views\admin\invoices\invoices.php on line 37
[31-Jan-2024 13:46:57 Europe/Berlin] PHP Fatal error:  Uncaught Exception: SQLSTATE[42S22]: Column not found: 1054 Unknown column 'u.userID' in 'on clause' in D:\xampp\htdocs\n-web-framework\app\Models\InvoicesModel.php:26
Stack trace:
#0 D:\xampp\htdocs\n-web-framework\app\Controllers\InvoicesController.php(28): App\Models\InvoicesModel->getInvoices()
#1 [internal function]: App\Controllers\InvoicesController->index()
#2 D:\xampp\htdocs\n-web-framework\app\Core\Router.php(158): call_user_func(Array)
#3 D:\xampp\htdocs\n-web-framework\app\Core\Router.php(102): App\Core\Router->loadController()
#4 D:\xampp\htdocs\n-web-framework\index.php(22): App\Core\Router->run()
#5 {main}
  thrown in D:\xampp\htdocs\n-web-framework\app\Models\InvoicesModel.php on line 26
[31-Jan-2024 14:14:24 Europe/Berlin] PHP Warning:  Undefined array key "userID" in D:\xampp\htdocs\n-web-framework\app\Views\admin\categories\categories.php on line 31
[31-Jan-2024 14:14:24 Europe/Berlin] PHP Fatal error:  Uncaught TypeError: App\Auth\UserPermissions::isOwner(): Argument #1 ($ownerId) must be of type int, null given, called in D:\xampp\htdocs\n-web-framework\app\Views\admin\categories\categories.php on line 31 and defined in D:\xampp\htdocs\n-web-framework\app\Auth\UserPermissions.php:10
Stack trace:
#0 D:\xampp\htdocs\n-web-framework\app\Views\admin\categories\categories.php(31): App\Auth\UserPermissions::isOwner(NULL)
#1 D:\xampp\htdocs\n-web-framework\app\Core\Controller.php(42): require_once('D:\\xampp\\htdocs...')
#2 D:\xampp\htdocs\n-web-framework\app\Controllers\CategoriesController.php(31): App\Core\Controller->renderAdminView('/admin/categori...', Array)
#3 [internal function]: App\Controllers\CategoriesController->index()
#4 D:\xampp\htdocs\n-web-framework\app\Core\Router.php(158): call_user_func(Array)
#5 D:\xampp\htdocs\n-web-framework\app\Core\Router.php(102): App\Core\Router->loadController()
#6 D:\xampp\htdocs\n-web-framework\index.php(22): App\Core\Router->run()
#7 {main}
  thrown in D:\xampp\htdocs\n-web-framework\app\Auth\UserPermissions.php on line 10
[31-Jan-2024 14:14:45 Europe/Berlin] PHP Warning:  Undefined array key "rows" in D:\xampp\htdocs\n-web-framework\app\Views\admin\categories\categories.php on line 31
[31-Jan-2024 14:14:45 Europe/Berlin] PHP Warning:  Trying to access array offset on value of type null in D:\xampp\htdocs\n-web-framework\app\Views\admin\categories\categories.php on line 31
[31-Jan-2024 14:14:45 Europe/Berlin] PHP Fatal error:  Uncaught TypeError: App\Auth\UserPermissions::isOwner(): Argument #1 ($ownerId) must be of type int, null given, called in D:\xampp\htdocs\n-web-framework\app\Views\admin\categories\categories.php on line 31 and defined in D:\xampp\htdocs\n-web-framework\app\Auth\UserPermissions.php:10
Stack trace:
#0 D:\xampp\htdocs\n-web-framework\app\Views\admin\categories\categories.php(31): App\Auth\UserPermissions::isOwner(NULL)
#1 D:\xampp\htdocs\n-web-framework\app\Core\Controller.php(42): require_once('D:\\xampp\\htdocs...')
#2 D:\xampp\htdocs\n-web-framework\app\Controllers\CategoriesController.php(31): App\Core\Controller->renderAdminView('/admin/categori...', Array)
#3 [internal function]: App\Controllers\CategoriesController->index()
#4 D:\xampp\htdocs\n-web-framework\app\Core\Router.php(158): call_user_func(Array)
#5 D:\xampp\htdocs\n-web-framework\app\Core\Router.php(102): App\Core\Router->loadController()
#6 D:\xampp\htdocs\n-web-framework\index.php(22): App\Core\Router->run()
#7 {main}
  thrown in D:\xampp\htdocs\n-web-framework\app\Auth\UserPermissions.php on line 10
[31-Jan-2024 14:59:32 Europe/Berlin] PHP Fatal error:  Uncaught Exception: SQLSTATE[42000]: Syntax error or access violation: 1064 You have an error in your SQL syntax; check the manual that corresponds to your MariaDB server version for the right syntax to use near 'FROM pages AS p
                INNER JOIN users AS u ON u.userID = p.userID...' at line 1 in D:\xampp\htdocs\n-web-framework\app\Models\PagesModel.php:26
Stack trace:
#0 D:\xampp\htdocs\n-web-framework\app\Controllers\PagesController.php(31): App\Models\PagesModel->getPages()
#1 [internal function]: App\Controllers\PagesController->index()
#2 D:\xampp\htdocs\n-web-framework\app\Core\Router.php(158): call_user_func(Array)
#3 D:\xampp\htdocs\n-web-framework\app\Core\Router.php(102): App\Core\Router->loadController()
#4 D:\xampp\htdocs\n-web-framework\index.php(22): App\Core\Router->run()
#5 {main}
  thrown in D:\xampp\htdocs\n-web-framework\app\Models\PagesModel.php on line 26
[31-Jan-2024 14:59:45 Europe/Berlin] PHP Warning:  Undefined array key "languageName" in D:\xampp\htdocs\n-web-framework\app\Views\admin\pages\pages.php on line 53
[31-Jan-2024 15:02:47 Europe/Berlin] PHP Fatal error:  Uncaught TypeError: dd(): Argument #1 ($var) must be of type array, bool given, called in D:\xampp\htdocs\n-web-framework\app\Views\admin\pages\pages.php on line 43 and defined in D:\xampp\htdocs\n-web-framework\app\common\utilities.php:8
Stack trace:
#0 D:\xampp\htdocs\n-web-framework\app\Views\admin\pages\pages.php(43): dd(false)
#1 D:\xampp\htdocs\n-web-framework\app\Core\Controller.php(42): require_once('D:\\xampp\\htdocs...')
#2 D:\xampp\htdocs\n-web-framework\app\Controllers\PagesController.php(33): App\Core\Controller->renderAdminView('/admin/pages/pa...', Array)
#3 [internal function]: App\Controllers\PagesController->index()
#4 D:\xampp\htdocs\n-web-framework\app\Core\Router.php(158): call_user_func(Array)
#5 D:\xampp\htdocs\n-web-framework\app\Core\Router.php(102): App\Core\Router->loadController()
#6 D:\xampp\htdocs\n-web-framework\index.php(22): App\Core\Router->run()
#7 {main}
  thrown in D:\xampp\htdocs\n-web-framework\app\common\utilities.php on line 8
[31-Jan-2024 15:04:00 Europe/Berlin] PHP Fatal error:  Uncaught Exception: SQLSTATE[42S22]: Column not found: 1054 Unknown column 'u.userID' in 'on clause' in D:\xampp\htdocs\n-web-framework\app\Models\PagesModel.php:26
Stack trace:
#0 D:\xampp\htdocs\n-web-framework\app\Controllers\PagesController.php(31): App\Models\PagesModel->getPages()
#1 [internal function]: App\Controllers\PagesController->index()
#2 D:\xampp\htdocs\n-web-framework\app\Core\Router.php(158): call_user_func(Array)
#3 D:\xampp\htdocs\n-web-framework\app\Core\Router.php(102): App\Core\Router->loadController()
#4 D:\xampp\htdocs\n-web-framework\index.php(22): App\Core\Router->run()
#5 {main}
  thrown in D:\xampp\htdocs\n-web-framework\app\Models\PagesModel.php on line 26
[31-Jan-2024 15:16:36 Europe/Berlin] PHP Warning:  Trying to access array offset on value of type bool in D:\xampp\htdocs\n-web-framework\app\Controllers\CategoriesController.php on line 132
[31-Jan-2024 15:16:36 Europe/Berlin] PHP Fatal error:  Uncaught TypeError: App\Auth\UserPermissions::isOwner(): Argument #1 ($ownerId) must be of type int, null given, called in D:\xampp\htdocs\n-web-framework\app\Controllers\CategoriesController.php on line 132 and defined in D:\xampp\htdocs\n-web-framework\app\Auth\UserPermissions.php:10
Stack trace:
#0 D:\xampp\htdocs\n-web-framework\app\Controllers\CategoriesController.php(132): App\Auth\UserPermissions::isOwner(NULL)
#1 [internal function]: App\Controllers\CategoriesController->update('76')
#2 D:\xampp\htdocs\n-web-framework\app\Core\Router.php(154): call_user_func_array(Array, Array)
#3 D:\xampp\htdocs\n-web-framework\app\Core\Router.php(102): App\Core\Router->loadController()
#4 D:\xampp\htdocs\n-web-framework\index.php(22): App\Core\Router->run()
#5 {main}
  thrown in D:\xampp\htdocs\n-web-framework\app\Auth\UserPermissions.php on line 10
[31-Jan-2024 15:17:42 Europe/Berlin] PHP Warning:  Trying to access array offset on value of type bool in D:\xampp\htdocs\n-web-framework\app\Controllers\CategoriesController.php on line 132
[31-Jan-2024 15:17:42 Europe/Berlin] PHP Fatal error:  Uncaught TypeError: App\Auth\UserPermissions::isOwner(): Argument #1 ($ownerId) must be of type int, null given, called in D:\xampp\htdocs\n-web-framework\app\Controllers\CategoriesController.php on line 132 and defined in D:\xampp\htdocs\n-web-framework\app\Auth\UserPermissions.php:10
Stack trace:
#0 D:\xampp\htdocs\n-web-framework\app\Controllers\CategoriesController.php(132): App\Auth\UserPermissions::isOwner(NULL)
#1 [internal function]: App\Controllers\CategoriesController->update('76')
#2 D:\xampp\htdocs\n-web-framework\app\Core\Router.php(154): call_user_func_array(Array, Array)
#3 D:\xampp\htdocs\n-web-framework\app\Core\Router.php(102): App\Core\Router->loadController()
#4 D:\xampp\htdocs\n-web-framework\index.php(22): App\Core\Router->run()
#5 {main}
  thrown in D:\xampp\htdocs\n-web-framework\app\Auth\UserPermissions.php on line 10
[31-Jan-2024 15:20:03 Europe/Berlin] PHP Warning:  Trying to access array offset on value of type bool in D:\xampp\htdocs\n-web-framework\app\Controllers\CategoriesController.php on line 132
[31-Jan-2024 15:20:03 Europe/Berlin] PHP Fatal error:  Uncaught TypeError: App\Auth\UserPermissions::isOwner(): Argument #1 ($ownerId) must be of type int, null given, called in D:\xampp\htdocs\n-web-framework\app\Controllers\CategoriesController.php on line 132 and defined in D:\xampp\htdocs\n-web-framework\app\Auth\UserPermissions.php:10
Stack trace:
#0 D:\xampp\htdocs\n-web-framework\app\Controllers\CategoriesController.php(132): App\Auth\UserPermissions::isOwner(NULL)
#1 [internal function]: App\Controllers\CategoriesController->update('76')
#2 D:\xampp\htdocs\n-web-framework\app\Core\Router.php(154): call_user_func_array(Array, Array)
#3 D:\xampp\htdocs\n-web-framework\app\Core\Router.php(102): App\Core\Router->loadController()
#4 D:\xampp\htdocs\n-web-framework\index.php(22): App\Core\Router->run()
#5 {main}
  thrown in D:\xampp\htdocs\n-web-framework\app\Auth\UserPermissions.php on line 10
[31-Jan-2024 15:31:14 Europe/Berlin] PHP Warning:  Undefined variable $isOwner in D:\xampp\htdocs\n-web-framework\app\Views\admin\users\users.php on line 34
